these derivations will be built:
  /nix/store/18kys09rcxjz3fnxcgmjzpa0mcq9cz0i-perl5.32.0-File-chdir-0.1010.drv
  /nix/store/kadgqpqjnnsyj1h1dkrjq21gxyp8kgyp-perl5.32.0-Importer-0.025.drv
  /nix/store/3hyhy9k3w5b47sz332qbkm91fxsmk426-perl5.32.0-Sub-Info-0.002.drv
  /nix/store/532rdavdlcdqv0gygvgmwcffabkkx7rc-perl5.32.0-PkgConfig-0.23026.drv
  /nix/store/6hqb1rdnrkarj93r3jgf99ldvlb6zy1r-perl5.32.0-Term-Table-0.015.drv
  /nix/store/pli183gh0cv7hd88b2s876z840fpmz9b-perl5.32.0-App-FatPacker-0.010008.drv
  /nix/store/c0v6b0d7f29j4bf6r1n2npnydm8s5nx3-perl5.32.0-Module-Pluggable-5.2.drv
  /nix/store/dclz85hv1yfkj2pzyh7blngwq5dsdncd-perl5.32.0-Test-Simple-1.302175.drv
  /nix/store/mpjpfx48p5xhlv7a6d8mkxwki5wvc75k-perl5.32.0-Scope-Guard-0.21.drv
  /nix/store/5k66f819zmh0klkw1790255h3mqgj5rj-perl5.32.0-Test2-Suite-0.000130.drv
  /nix/store/9n9n36a0xvn7fcpr8b3sjysca6w5pczc-perl5.32.0-Capture-Tiny-0.48.drv
  /nix/store/alvy7sfdzk6shvz25mmi1bifq5smkajs-perl5.32.0-Devel-Hide-0.0013.drv
  /nix/store/aqmlbm7qvvg2kdf43lf42nzglnln7anx-perl5.32.0-FFI-CheckLib-0.27.drv
  /nix/store/idlb6myy5ykp1p792vhmfhfgbmdkkpv7-perl5.32.0-Path-Tiny-0.114.drv
  /nix/store/wx258smr33vg9f2pxvd8n8l9rpx4bq20-perl5.32.0-File-Which-1.23.drv
  /nix/store/r190agh3dv85n2iz4gr265h7rf3j6kfq-perl5.32.0-Alien-Build-2.26.drv
building '/nix/store/9n9n36a0xvn7fcpr8b3sjysca6w5pczc-perl5.32.0-Capture-Tiny-0.48.drv'...
building '/nix/store/alvy7sfdzk6shvz25mmi1bifq5smkajs-perl5.32.0-Devel-Hide-0.0013.drv'...
building '/nix/store/wx258smr33vg9f2pxvd8n8l9rpx4bq20-perl5.32.0-File-Which-1.23.drv'...
building '/nix/store/18kys09rcxjz3fnxcgmjzpa0mcq9cz0i-perl5.32.0-File-chdir-0.1010.drv'...
building '/nix/store/idlb6myy5ykp1p792vhmfhfgbmdkkpv7-perl5.32.0-Path-Tiny-0.114.drv'...
building '/nix/store/532rdavdlcdqv0gygvgmwcffabkkx7rc-perl5.32.0-PkgConfig-0.23026.drv'...
building '/nix/store/mpjpfx48p5xhlv7a6d8mkxwki5wvc75k-perl5.32.0-Scope-Guard-0.21.drv'...
building '/nix/store/dclz85hv1yfkj2pzyh7blngwq5dsdncd-perl5.32.0-Test-Simple-1.302175.drv'...
unpacking sources
unpacking source archive /nix/store/z3jdxfwink3jaigp5ygpa628y57gk8xf-Capture-Tiny-0.48.tar.gz
source root is Capture-Tiny-0.48
unpacking sources
unpacking source archive /nix/store/wcsc98wsrrljdjl6zf7fwp9ksfang80x-File-Which-1.23.tar.gz
setting SOURCE_DATE_EPOCH to timestamp 1524380479 of file Capture-Tiny-0.48/xt/release/distmeta.t
unpacking sources
unpacking source archive /nix/store/kar3zv61hf21ihg75xizd3zy1njp9621-Devel-Hide-0.0013.tar.gz
patching sources
configuring
unpacking sources
unpacking source archive /nix/store/l7qjqyhz2s6r55l4xn8kz4rbc6ckpx2a-File-chdir-0.1010.tar.gz
source root is Devel-Hide-0.0013
unpacking sources
setting SOURCE_DATE_EPOCH to timestamp 1581887216 of file Devel-Hide-0.0013/META.yml
unpacking source archive /nix/store/7ng4xbasz4d9zzs3lknjpn9vbyqlv1wj-Path-Tiny-0.114.tar.gz
patching sources
source root is File-chdir-0.1010
configuring
unpacking sources
unpacking source archive /nix/store/qn96pzdgzwlzp52n5j47bwlm9azvq5x1-PkgConfig-0.23026.tar.gz
source root is File-Which-1.23
source root is Path-Tiny-0.114
setting SOURCE_DATE_EPOCH to timestamp 1423148671 of file File-chdir-0.1010/xt/release/test-version.t
setting SOURCE_DATE_EPOCH to timestamp 1546284499 of file File-Which-1.23/xt/release/fixme.t
patching sources
configuring
patching ./xt/release/distmeta.t...
patching sources
configuring
source root is PkgConfig-0.23026
patching ./xt/author/pod-coverage.t...
unpacking sources
unpacking source archive /nix/store/88nwr8dxfdqidi146vxx3ha4icsdbsan-Scope-Guard-0.21.tar.gz
setting SOURCE_DATE_EPOCH to timestamp 1587910254 of file Path-Tiny-0.114/xt/release/distmeta.t
patching ./xt/author/critic.t...
patching sources
patching ./xt/author/pod-syntax.t...
source root is Scope-Guard-0.21
configuring
setting SOURCE_DATE_EPOCH to timestamp 1539595990 of file PkgConfig-0.23026/META.yml
setting SOURCE_DATE_EPOCH to timestamp 1437344002 of file Scope-Guard-0.21/META.yml
patching sources
patching sources
configuring
configuring
patching ./xt/author/minimum-version.t...
patching ./xt/release/pod-coverage.t...
patching ./t/00-report-prereqs.t...
patching ./xt/release/pod-syntax.t...
patching ./t/guard.t...
unpacking sources
unpacking source archive /nix/store/ag927hs76zbpb397338b9iqii3n6mx02-Test-Simple-1.302175.tar.gz
patching ./t/scope_guard.t...
patching ./xt/release/portability.t...
patching ./t/new.t...
patching ./xt/release/distmeta.t...
patching ./xt/release/minimum-version.t...
patching ./maint/releaseprep...
patching ./xt/author/critic.t...
patching ./corpus/test-bin-unix/all...
source root is Test-Simple-1.302175
patching ./script/ppkg-config...
patching ./t/00-report-prereqs.t...
patching ./script/pkg-config.pl...
patching ./corpus/test-bin-unix/test3...
setting SOURCE_DATE_EPOCH to timestamp 1586803057 of file Test-Simple-1.302175/xt/author/pod-syntax.t
patching ./script/pkg-config...
patching sources
configuring
patching ./t/PkgConfigTest.pm...
patching ./t/02-iterfiles-FLISTai.t...
patching ./t/02-iterfiles-FLISTaa.t...
patching ./t/newline.t...
patching ./t/nested.t...
patching ./t/02-iterfiles-FLISTah.t...
patching ./t/chdir.t...
patching ./xt/author/pod-syntax.t...
patching ./t/array.t...
patching ./t/02-iterfiles-FLISTac.t...
patching ./t/var.t...
patching ./t/02-iterfiles-FLISTag.t...
patching ./examples/subtest.t...
patching ./t/02-iterfiles-FLISTae.t...
patching ./t/delete-array.t...
patching ./examples/indent.pl...
patching ./t/02-iterfiles-FLISTad.t...
patching ./t/01-script_detailed.t...
substituteStream(): WARNING: pattern 'use File::Spec 3.40' doesn't match anything in file 'lib/Path/Tiny.pm'
patching ./t/00compile.t...
patching ./t/00-load.t...
Checking if your kit is complete...
Looks good
patching ./xt/release/distmeta.t...
Checking if your kit is complete...
Checking if your kit is complete...
patching ./xt/author/pod-coverage.t...
patching ./xt/author/critic.t...
Looks good
Looks good
patching ./xt/author/pod-syntax.t...
Generating a Unix-style Makefile
Writing Makefile for Devel::Hide
Checking if your kit is complete...
patching ./t/00-report-prereqs.t...
Checking if your kit is complete...
Writing MYMETA.yml and MYMETA.json
no configure script, doing nothing
building
build flags: SHELL=/nix/store/9fqwwd4iybmhjqyxiaxycknslw6bgwh1-bash-4.4-p23/bin/bash
Looks good
Looks good
Generating a Unix-style Makefile
Writing Makefile for Scope::Guard
patching ./t/data/iterfiles_template...
Writing MYMETA.yml and MYMETA.json
patching ./t/Legacy/circular_data.t...
Generating a Unix-style Makefile
Writing Makefile for File::Which
patching ./t/Legacy/fail_one.t...
no configure script, doing nothing
building
build flags: SHELL=/nix/store/9fqwwd4iybmhjqyxiaxycknslw6bgwh1-bash-4.4-p23/bin/bash
patching ./t/Legacy/todo.t...
patching ./t/Legacy/filehandles.t...
Writing MYMETA.yml and MYMETA.json
patching ./t/Legacy/bail_out.t...
no configure script, doing nothing
building
patching ./t/Legacy/undef.t...
build flags: SHELL=/nix/store/9fqwwd4iybmhjqyxiaxycknslw6bgwh1-bash-4.4-p23/bin/bash
patching ./t/Legacy/versions.t...
patching ./t/Legacy/is_deeply_dne_bug.t...
Generating a Unix-style Makefile
Writing Makefile for Capture::Tiny
patching ./t/Legacy/plan.t...
Generating a Unix-style Makefile
Writing Makefile for File::chdir
patching ./t/Legacy/is_deeply_with_threads.t...
patching ./t/Legacy/explain.t...
patching ./t/Legacy/fail.t...
patching ./t/Legacy/harness_active.t...
patching ./t/Legacy/extra.t...
patching ./t/Legacy/BEGIN_require_ok.t...
Writing MYMETA.yml and MYMETA.json
patching ./t/Legacy/plan_shouldnt_import.t...
Writing MYMETA.yml and MYMETA.json
patching ./t/Legacy/00test_harness_check.t...
patching ./t/Legacy/no_tests.t...
no configure script, doing nothing
building
patching ./t/Legacy/tbm_doesnt_set_exported_to.t...
build flags: SHELL=/nix/store/9fqwwd4iybmhjqyxiaxycknslw6bgwh1-bash-4.4-p23/bin/bash
patching ./t/Legacy/dont_overwrite_die_handler.t...
no configure script, doing nothing
patching ./t/Legacy/c_flag.t...
building
build flags: SHELL=/nix/store/9fqwwd4iybmhjqyxiaxycknslw6bgwh1-bash-4.4-p23/bin/bash
patching ./t/Legacy/Tester/tbt_02fhrestore.t...
patching ./t/Legacy/Tester/tbt_08subtest.t...
patching ./t/Legacy/Tester/tbt_09do.t...
patching ./t/Legacy/Tester/tbt_03die.t...
patching ./t/Legacy/Tester/tbt_07args.t...
patching ./t/Legacy/Tester/tbt_06errormess.t...
patching ./t/Legacy/Tester/tbt_09do_script.pl...
patching ./t/Legacy/Tester/tbt_05faildiag.t...
patching ./t/Legacy/Tester/tbt_04line_num.t...
patching ./t/Legacy/Tester/tbt_01basic.t...
patching ./t/Legacy/is_deeply_fail.t...
patching ./t/Legacy/strays.t...
patching ./t/Legacy/no_plan.t...
patching ./t/Legacy/Builder/fork_with_new_stdout.t...
patching ./t/Legacy/Builder/done_testing_plan_mismatch.t...
patching ./t/Legacy/Builder/no_diag.t...
patching ./t/Legacy/Builder/reset_outputs.t...
patching ./t/Legacy/Builder/is_passing.t...
patching ./t/Legacy/Builder/done_testing_double.t...
patching ./t/Legacy/Builder/no_plan_at_all.t...
Checking if your kit is complete...
patching ./t/Legacy/Builder/carp.t...
patching ./t/Legacy/Builder/create.t...
patching ./t/Legacy/Builder/try.t...
patching ./t/Legacy/Builder/done_testing.t...
Looks good
patching ./t/Legacy/Builder/Builder.t...
patching ./t/Legacy/Builder/has_plan.t...
patching ./t/Legacy/Builder/ok_obj.t...
patching ./t/Legacy/Builder/done_testing_with_no_plan.t...
patching ./t/Legacy/Builder/output.t...
patching ./t/Legacy/Builder/current_test_without_plan.t...
patching ./t/Legacy/Builder/done_testing_with_number.t...
patching ./t/Legacy/Builder/is_fh.t...
patching ./t/Legacy/Builder/done_testing_with_plan.t...
patching ./t/Legacy/Builder/maybe_regex.t...
patching ./t/Legacy/Builder/current_test.t...
patching ./t/Legacy/Builder/details.t...
patching ./t/Legacy/Builder/reset.t...
patching ./t/Legacy/Builder/has_plan2.t...
patching ./t/Legacy/More.t...
patching ./t/Legacy/overload_threads.t...
patching ./t/Legacy/Simple/load.t...
Generating a Unix-style Makefile
Writing Makefile for Path::Tiny
patching ./t/Legacy/eq_set.t...
patching ./t/Legacy/use_ok.t...
cp lib/File/Which.pm blib/lib/File/Which.pm
patching ./t/Legacy/subtest/line_numbers.t...
patching ./t/Legacy/subtest/todo.t...
patching ./t/Legacy/subtest/bail_out.t...
patching ./t/Legacy/subtest/plan.t...
patching ./t/Legacy/subtest/predicate.t...
patching ./t/Legacy/subtest/callback.t...
patching ./t/Legacy/subtest/wstat.t...
patching ./t/Legacy/subtest/fork.t...
cp lib/Devel/Hide.pm blib/lib/Devel/Hide.pm
patching ./t/Legacy/subtest/implicit_done.t...
cp lib/Scope/Guard.pm blib/lib/Scope/Guard.pm
patching ./t/Legacy/subtest/singleton.t...
patching ./t/Legacy/subtest/args.t...
Writing MYMETA.yml and MYMETA.json
patching ./t/Legacy/subtest/basic.t...
patching ./t/Legacy/subtest/die.t...
patching ./t/Legacy/subtest/threads.t...
no configure script, doing nothing
building
build flags: SHELL=/nix/store/9fqwwd4iybmhjqyxiaxycknslw6bgwh1-bash-4.4-p23/bin/bash
patching ./t/Legacy/subtest/do.t...
patching ./t/Legacy/overload.t...
patching ./t/Legacy/exit.t...
cp lib/Capture/Tiny.pm blib/lib/Capture/Tiny.pm
patching ./t/Legacy/skipall.t...
patching ./t/Legacy/fail-more.t...
patching ./t/Legacy/fork.t...
cp lib/File/chdir.pm blib/lib/File/chdir.pm
patching ./t/Legacy/fail-like.t...
patching ./t/Legacy/buffer.t...
patching ./t/Legacy/thread_taint.t...
patching ./t/Legacy/skip.t...
patching ./t/Legacy/died.t...
patching ./t/Legacy/plan_bad.t...
patching ./t/Legacy/diag.t...
patching ./t/Legacy/extra_one.t...
Manifying 1 pod document
patching ./t/Legacy/utf8.t...
patching ./t/Legacy/bad_plan.t...
patching ./t/Legacy/plan_is_noplan.t...
patching ./t/Legacy/cmp_ok.t...
patching ./t/Legacy/threads.t...
patching ./t/Legacy/new_ok.t...
Manifying 1 pod document
Manifying 1 pod document
patching ./t/Legacy/require_ok.t...
patching ./t/Legacy/BEGIN_use_ok.t...
patching ./t/Legacy/note.t...
running tests
check flags: SHELL=/nix/store/9fqwwd4iybmhjqyxiaxycknslw6bgwh1-bash-4.4-p23/bin/bash VERBOSE=y test
running tests
check flags: SHELL=/nix/store/9fqwwd4iybmhjqyxiaxycknslw6bgwh1-bash-4.4-p23/bin/bash VERBOSE=y test
PERL_DL_NONLAZY=1 "/nix/store/7c044di03qa7qgr5kjjc2d787aspzp0m-perl-5.32.0/bin/perl" "-MExtUtils::Command::MM" "-MTest::Harness" "-e" "undef *Test::Harness::Switches; test_harness(0, 'blib/lib', 'blib/arch')" t/*.t
running tests
check flags: SHELL=/nix/store/9fqwwd4iybmhjqyxiaxycknslw6bgwh1-bash-4.4-p23/bin/bash VERBOSE=y test
PERL_DL_NONLAZY=1 "/nix/store/7c044di03qa7qgr5kjjc2d787aspzp0m-perl-5.32.0/bin/perl" "-MExtUtils::Command::MM" "-MTest::Harness" "-e" "undef *Test::Harness::Switches; test_harness(0, 'blib/lib', 'blib/arch')" t/*.t
Manifying 1 pod document
Manifying 1 pod document
PERL_DL_NONLAZY=1 "/nix/store/7c044di03qa7qgr5kjjc2d787aspzp0m-perl-5.32.0/bin/perl" "-MExtUtils::Command::MM" "-MTest::Harness" "-e" "undef *Test::Harness::Switches; test_harness(0, 'blib/lib', 'blib/arch')" t/*.t
running tests
check flags: SHELL=/nix/store/9fqwwd4iybmhjqyxiaxycknslw6bgwh1-bash-4.4-p23/bin/bash VERBOSE=y test
PERL_DL_NONLAZY=1 "/nix/store/7c044di03qa7qgr5kjjc2d787aspzp0m-perl-5.32.0/bin/perl" "-MExtUtils::Command::MM" "-MTest::Harness" "-e" "undef *Test::Harness::Switches; test_harness(0, 'blib/lib', 'blib/arch')" t/*.t
running tests
check flags: SHELL=/nix/store/9fqwwd4iybmhjqyxiaxycknslw6bgwh1-bash-4.4-p23/bin/bash VERBOSE=y test
patching ./t/Test2/behavior/Taint.t...
PERL_DL_NONLAZY=1 "/nix/store/7c044di03qa7qgr5kjjc2d787aspzp0m-perl-5.32.0/bin/perl" "-MExtUtils::Command::MM" "-MTest::Harness" "-e" "undef *Test::Harness::Switches; test_harness(0, 'blib/lib', 'blib/arch')" t/*.t
t/00_diag.t ..... 1/1 #
#
#
# HARNESS_ACTIVE=1
# HARNESS_VERSION=3.42
# PERL5LIB=/build/File-Which-1.23/blib/lib:/build/File-Which-1.23/blib/arch:/nix/store/7c044di03qa7qgr5kjjc2d787aspzp0m-perl-5.32.0/lib/perl5/site_perl:/nix/store/hlm73mjykr3kmxkzv32k9c5dq7dzwahw-perl5.32.0-File-Which-1.23/lib/perl5/site_perl:/nix/store/7c044di03qa7qgr5kjjc2d787aspzp0m-perl-5.32.0/lib/perl5/site_perl:/nix/store/7c044di03qa7qgr5kjjc2d787aspzp0m-perl-5.32.0/lib/perl5/site_perl:/nix/store/7c044di03qa7qgr5kjjc2d787aspzp0m-perl-5.32.0/lib/perl5/site_perl:/nix/store/7c044di03qa7qgr5kjjc2d787aspzp0m-perl-5.32.0/lib/perl5/site_perl:/nix/store/7c044di03qa7qgr5kjjc2d787aspzp0m-perl-5.32.0/lib/perl5/site_perl:/nix/store/hlm73mjykr3kmxkzv32k9c5dq7dzwahw-perl5.32.0-File-Which-1.23/lib/perl5/site_perl
# PERL_AUTOINSTALL=--skipdeps
# PERL_DL_NONLAZY=1
# PERL_USE_UNSAFE_INC=1
# SHELL=/nix/store/9fqwwd4iybmhjqyxiaxycknslw6bgwh1-bash-4.4-p23/bin/bash
# fullperl=/nix/store/7c044di03qa7qgr5kjjc2d787aspzp0m-perl-5.32.0
# shell=/nix/store/9fqwwd4iybmhjqyxiaxycknslw6bgwh1-bash-4.4-p23/bin/bash
#
#
#
# PERL5LIB path
# /build/File-Which-1.23/blib/lib
# /build/File-Which-1.23/blib/arch
# /nix/store/7c044di03qa7qgr5kjjc2d787aspzp0m-perl-5.32.0/lib/perl5/site_perl
# /nix/store/hlm73mjykr3kmxkzv32k9c5dq7dzwahw-perl5.32.0-File-Which-1.23/lib/perl5/site_perl
# /nix/store/7c044di03qa7qgr5kjjc2d787aspzp0m-perl-5.32.0/lib/perl5/site_perl
# /nix/store/7c044di03qa7qgr5kjjc2d787aspzp0m-perl-5.32.0/lib/perl5/site_perl
# /nix/store/7c044di03qa7qgr5kjjc2d787aspzp0m-perl-5.32.0/lib/perl5/site_perl
# /nix/store/7c044di03qa7qgr5kjjc2d787aspzp0m-perl-5.32.0/lib/perl5/site_perl
# /nix/store/7c044di03qa7qgr5kjjc2d787aspzp0m-perl-5.32.0/lib/perl5/site_perl
# /nix/store/hlm73mjykr3kmxkzv32k9c5dq7dzwahw-perl5.32.0-File-Which-1.23/lib/perl5/site_perl
cp lib/Path/Tiny.pm blib/lib/Path/Tiny.pm
#
#
#
# perl                5.032000
t/001use.t .............. 1/1 # Testing Devel::Hide 0.0013, Perl 5.032000, /nix/store/7c044di03qa7qgr5kjjc2d787aspzp0m-perl-5.32.0/bin/perl
t/001use.t .............. ok
t/guard.t ........ ok
Manifying 1 pod document
# ExtUtils::MakeMaker 7.44
# Test::More          1.302175
#
#
#
t/00_diag.t ..... ok
t/002basic.t ............ ok
t/new.t .......... ok
t/01_use.t ...... ok
t/003user.t ............. ok
t/00-report-prereqs.t .. #
# Versions for all modules listed in MYMETA.json (including optional ones):
#
# === Configure Requires ===
#
#     Module              Want Have
#     ------------------- ---- ----
#     ExtUtils::MakeMaker 6.17 7.44
#
# === Build Requires ===
#
#     Module              Want Have
#     ------------------- ---- ----
#     ExtUtils::MakeMaker  any 7.44
#
# === Test Requires ===
#
#     Module              Want     Have
#     ------------------- ---- --------
#     ExtUtils::MakeMaker  any     7.44
#     File::Spec           any     3.78
#     Test::More           any 1.302175
#     warnings             any     1.47
#
# === Test Recommends ===
#
#     Module         Want     Have
#     ---------- -------- --------
#     CPAN::Meta 2.120900 2.150010
#
# === Runtime Requires ===
#
#     Module                Want Have
#     --------------------- ---- ----
#     Carp                   any 1.50
#     Cwd                   3.16 3.78
#     Exporter               any 5.74
#     File::Spec::Functions 3.27 3.78
#     strict                 any 1.11
#     vars                   any 1.05
#
t/00-report-prereqs.t .. ok
t/scope_guard.t .. ok
All tests successful.
Files=3, Tests=54,  0 wallclock secs ( 0.03 usr  0.01 sys +  0.26 cusr  0.05 csys =  0.35 CPU)
Result: PASS
installing
installing
install flags: SHELL=/nix/store/9fqwwd4iybmhjqyxiaxycknslw6bgwh1-bash-4.4-p23/bin/bash pkgconfigdir=/nix/store/ylx0jdm8c7zz8pdc474082a9svlwqsry-perl5.32.0-Path-Tiny-0.114/lib/pkgconfig m4datadir=/nix/store/ylx0jdm8c7zz8pdc474082a9svlwqsry-perl5.32.0-Path-Tiny-0.114/share/aclocal aclocaldir=/nix/store/ylx0jdm8c7zz8pdc474082a9svlwqsry-perl5.32.0-Path-Tiny-0.114/share/aclocal install
install flags: SHELL=/nix/store/9fqwwd4iybmhjqyxiaxycknslw6bgwh1-bash-4.4-p23/bin/bash pkgconfigdir=/nix/store/y6qjsz9ciq1n80nj7xm94yz5xgdgmrm8-perl5.32.0-Scope-Guard-0.21/lib/pkgconfig m4datadir=/nix/store/y6qjsz9ciq1n80nj7xm94yz5xgdgmrm8-perl5.32.0-Scope-Guard-0.21/share/aclocal aclocaldir=/nix/store/y6qjsz9ciq1n80nj7xm94yz5xgdgmrm8-perl5.32.0-Scope-Guard-0.21/share/aclocal install
t/file_which.t .. ok
All tests successful.
Files=3, Tests=21,  0 wallclock secs ( 0.04 usr  0.01 sys +  0.39 cusr  0.05 csys =  0.49 CPU)
Result: PASS
installing
install flags: SHELL=/nix/store/9fqwwd4iybmhjqyxiaxycknslw6bgwh1-bash-4.4-p23/bin/bash pkgconfigdir=/nix/store/hlm73mjykr3kmxkzv32k9c5dq7dzwahw-perl5.32.0-File-Which-1.23/lib/pkgconfig m4datadir=/nix/store/hlm73mjykr3kmxkzv32k9c5dq7dzwahw-perl5.32.0-File-Which-1.23/share/aclocal aclocaldir=/nix/store/hlm73mjykr3kmxkzv32k9c5dq7dzwahw-perl5.32.0-File-Which-1.23/share/aclocal install
t/004env.t .............. ok
t/00-report-prereqs.t ...... #
# Versions for all modules listed in MYMETA.json (including optional ones):
#
# === Configure Requires ===
#
#     Module              Want Have
#     ------------------- ---- ----
#     ExtUtils::MakeMaker 6.17 7.44
#
# === Build Requires ===
#
#     Module              Want Have
#     ------------------- ---- ----
#     ExtUtils::MakeMaker  any 7.44
#
# === Test Requires ===
#
#     Module              Want     Have
#     ------------------- ---- --------
#     ExtUtils::MakeMaker  any     7.44
#     File::Spec           any     3.78
#     IO::File             any     1.41
#     Test::More          0.62 1.302175
#     lib                  any     0.65
#
# === Test Recommends ===
#
#     Module         Want     Have
#     ---------- -------- --------
#     CPAN::Meta 2.120900 2.150010
#
# === Runtime Requires ===
#
#     Module       Want   Have
#     ------------ ---- ------
#     Carp          any   1.50
#     Exporter      any   5.74
#     File::Spec    any   3.78
#     File::Temp    any 0.2309
#     IO::Handle    any   1.42
#     Scalar::Util  any   1.55
#     strict        any   1.11
#     warnings      any   1.47
#
t/00-report-prereqs.t ...... ok
Manifying 1 pod document
t/array.t .............. ok
Manifying 1 pod document
t/005lib.t .............. ok
Checking if your kit is complete...
Installing /nix/store/ylx0jdm8c7zz8pdc474082a9svlwqsry-perl5.32.0-Path-Tiny-0.114/lib/perl5/site_perl/5.32.0/Path/Tiny.pm
Installing /nix/store/ylx0jdm8c7zz8pdc474082a9svlwqsry-perl5.32.0-Path-Tiny-0.114/share/man/man3/Path::Tiny.3
Appending installation info to /nix/store/ylx0jdm8c7zz8pdc474082a9svlwqsry-perl5.32.0-Path-Tiny-0.114/lib/perl5/5.32.0/x86_64-linux-thread-multi/perllocal.pod
Looks good
t/01-Capture-Tiny.t ........ ok
t/chdir.t .............. ok
Manifying 1 pod document
post-installation fixup
Moving /nix/store/ylx0jdm8c7zz8pdc474082a9svlwqsry-perl5.32.0-Path-Tiny-0.114/share/man/man3 to /nix/store/9a667w9dsas1h22isjj53rlqn5qh3b4w-perl5.32.0-Path-Tiny-0.114-devdoc/share/man/man3
Removing empty /nix/store/ylx0jdm8c7zz8pdc474082a9svlwqsry-perl5.32.0-Path-Tiny-0.114/share/man/ and (possibly) its parents
shrinking RPATHs of ELF executables and libraries in /nix/store/ylx0jdm8c7zz8pdc474082a9svlwqsry-perl5.32.0-Path-Tiny-0.114
strip is /nix/store/psyzbhp4p088sb9qcs378hfbslcalasl-binutils-2.31.1/bin/strip
stripping (with command strip and flags -S) in /nix/store/ylx0jdm8c7zz8pdc474082a9svlwqsry-perl5.32.0-Path-Tiny-0.114/lib
Installing /nix/store/y6qjsz9ciq1n80nj7xm94yz5xgdgmrm8-perl5.32.0-Scope-Guard-0.21/lib/perl5/site_perl/5.32.0/Scope/Guard.pm
Installing /nix/store/y6qjsz9ciq1n80nj7xm94yz5xgdgmrm8-perl5.32.0-Scope-Guard-0.21/share/man/man3/Scope::Guard.3
patching script interpreter paths in /nix/store/ylx0jdm8c7zz8pdc474082a9svlwqsry-perl5.32.0-Path-Tiny-0.114
checking for references to /build/ in /nix/store/ylx0jdm8c7zz8pdc474082a9svlwqsry-perl5.32.0-Path-Tiny-0.114...
shrinking RPATHs of ELF executables and libraries in /nix/store/9a667w9dsas1h22isjj53rlqn5qh3b4w-perl5.32.0-Path-Tiny-0.114-devdoc
gzipping man pages under /nix/store/9a667w9dsas1h22isjj53rlqn5qh3b4w-perl5.32.0-Path-Tiny-0.114-devdoc/share/man/
Appending installation info to /nix/store/y6qjsz9ciq1n80nj7xm94yz5xgdgmrm8-perl5.32.0-Scope-Guard-0.21/lib/perl5/5.32.0/x86_64-linux-thread-multi/perllocal.pod
t/006before.t ........... ok
strip is /nix/store/psyzbhp4p088sb9qcs378hfbslcalasl-binutils-2.31.1/bin/strip
patching script interpreter paths in /nix/store/9a667w9dsas1h22isjj53rlqn5qh3b4w-perl5.32.0-Path-Tiny-0.114-devdoc
Generating a Unix-style Makefile
Writing Makefile for Test::Simple
checking for references to /build/ in /nix/store/9a667w9dsas1h22isjj53rlqn5qh3b4w-perl5.32.0-Path-Tiny-0.114-devdoc...
Writing MYMETA.yml and MYMETA.json
post-installation fixup
no configure script, doing nothing
building
building '/nix/store/pli183gh0cv7hd88b2s876z840fpmz9b-perl5.32.0-App-FatPacker-0.010008.drv'...
Installing /nix/store/hlm73mjykr3kmxkzv32k9c5dq7dzwahw-perl5.32.0-File-Which-1.23/lib/perl5/site_perl/5.32.0/File/Which.pm
Installing /nix/store/hlm73mjykr3kmxkzv32k9c5dq7dzwahw-perl5.32.0-File-Which-1.23/share/man/man3/File::Which.3
t/delete-array.t ....... ok
Moving /nix/store/y6qjsz9ciq1n80nj7xm94yz5xgdgmrm8-perl5.32.0-Scope-Guard-0.21/share/man/man3 to /nix/store/bw76hp617f28yhn1bpws1vcv7sxkrgfg-perl5.32.0-Scope-Guard-0.21-devdoc/share/man/man3
Removing empty /nix/store/y6qjsz9ciq1n80nj7xm94yz5xgdgmrm8-perl5.32.0-Scope-Guard-0.21/share/man/ and (possibly) its parents
shrinking RPATHs of ELF executables and libraries in /nix/store/y6qjsz9ciq1n80nj7xm94yz5xgdgmrm8-perl5.32.0-Scope-Guard-0.21
build flags: SHELL=/nix/store/9fqwwd4iybmhjqyxiaxycknslw6bgwh1-bash-4.4-p23/bin/bash
Appending installation info to /nix/store/hlm73mjykr3kmxkzv32k9c5dq7dzwahw-perl5.32.0-File-Which-1.23/lib/perl5/5.32.0/x86_64-linux-thread-multi/perllocal.pod
strip is /nix/store/psyzbhp4p088sb9qcs378hfbslcalasl-binutils-2.31.1/bin/strip
stripping (with command strip and flags -S) in /nix/store/y6qjsz9ciq1n80nj7xm94yz5xgdgmrm8-perl5.32.0-Scope-Guard-0.21/lib
patching script interpreter paths in /nix/store/y6qjsz9ciq1n80nj7xm94yz5xgdgmrm8-perl5.32.0-Scope-Guard-0.21
t/050child-processes.t .. ok
post-installation fixup
Moving /nix/store/hlm73mjykr3kmxkzv32k9c5dq7dzwahw-perl5.32.0-File-Which-1.23/share/man/man3 to /nix/store/cjn4idgpwasdbnrsbqi0vp0vnaip21mv-perl5.32.0-File-Which-1.23-devdoc/share/man/man3
checking for references to /build/ in /nix/store/y6qjsz9ciq1n80nj7xm94yz5xgdgmrm8-perl5.32.0-Scope-Guard-0.21...
Removing empty /nix/store/hlm73mjykr3kmxkzv32k9c5dq7dzwahw-perl5.32.0-File-Which-1.23/share/man/ and (possibly) its parents
shrinking RPATHs of ELF executables and libraries in /nix/store/hlm73mjykr3kmxkzv32k9c5dq7dzwahw-perl5.32.0-File-Which-1.23
shrinking RPATHs of ELF executables and libraries in /nix/store/bw76hp617f28yhn1bpws1vcv7sxkrgfg-perl5.32.0-Scope-Guard-0.21-devdoc
gzipping man pages under /nix/store/bw76hp617f28yhn1bpws1vcv7sxkrgfg-perl5.32.0-Scope-Guard-0.21-devdoc/share/man/
strip is /nix/store/psyzbhp4p088sb9qcs378hfbslcalasl-binutils-2.31.1/bin/strip
stripping (with command strip and flags -S) in /nix/store/hlm73mjykr3kmxkzv32k9c5dq7dzwahw-perl5.32.0-File-Which-1.23/lib
patching script interpreter paths in /nix/store/hlm73mjykr3kmxkzv32k9c5dq7dzwahw-perl5.32.0-File-Which-1.23
strip is /nix/store/psyzbhp4p088sb9qcs378hfbslcalasl-binutils-2.31.1/bin/strip
patching script interpreter paths in /nix/store/bw76hp617f28yhn1bpws1vcv7sxkrgfg-perl5.32.0-Scope-Guard-0.21-devdoc
checking for references to /build/ in /nix/store/hlm73mjykr3kmxkzv32k9c5dq7dzwahw-perl5.32.0-File-Which-1.23...
checking for references to /build/ in /nix/store/bw76hp617f28yhn1bpws1vcv7sxkrgfg-perl5.32.0-Scope-Guard-0.21-devdoc...
shrinking RPATHs of ELF executables and libraries in /nix/store/cjn4idgpwasdbnrsbqi0vp0vnaip21mv-perl5.32.0-File-Which-1.23-devdoc
gzipping man pages under /nix/store/cjn4idgpwasdbnrsbqi0vp0vnaip21mv-perl5.32.0-File-Which-1.23-devdoc/share/man/
strip is /nix/store/psyzbhp4p088sb9qcs378hfbslcalasl-binutils-2.31.1/bin/strip
patching script interpreter paths in /nix/store/cjn4idgpwasdbnrsbqi0vp0vnaip21mv-perl5.32.0-File-Which-1.23-devdoc
checking for references to /build/ in /nix/store/cjn4idgpwasdbnrsbqi0vp0vnaip21mv-perl5.32.0-File-Which-1.23-devdoc...
building '/nix/store/kadgqpqjnnsyj1h1dkrjq21gxyp8kgyp-perl5.32.0-Importer-0.025.drv'...
t/nested.t ............. ok
unpacking sources
unpacking source archive /nix/store/77z1kympclzldfpjh8jf08hn5wqck4zg-App-FatPacker-0.010008.tar.gz
source root is App-FatPacker-0.010008
t/090pod.t .............. skipped: Test::Pod 1.18 required for testing POD
setting SOURCE_DATE_EPOCH to timestamp 1550497423 of file App-FatPacker-0.010008/README
patching sources
configuring
patching ./t/02-iterfiles-FLISTaf.t...
patching ./t/02-iterfiles-FLISTaj.t...
patching ./t/02-iterfiles-FLISTal.t...
patching ./t/02-iterfiles-FLISTab.t...
patching ./t/02-iterfiles-FLISTak.t...
patching ./bin/fatpack...
patching ./lib/PkgConfig.pm...
t/newline.t ............ ok
unpacking sources
unpacking source archive /nix/store/7h4hkmf1r6f2mjas0v3qzvd2r097np6k-Importer-0.025.tar.gz
source root is Importer-0.025
t/098pod-coverage.t ..... skipped: Test::Pod::Coverage 1.04 required for testing POD coverage
setting SOURCE_DATE_EPOCH to timestamp 1518986558 of file Importer-0.025/t/units.t
patching sources
configuring
Checking if your kit is complete...
t/lexically.t ........... ok
Looks good
t/var.t ................ ok
All tests successful.
Files=7, Tests=94,  1 wallclock secs ( 0.06 usr  0.01 sys +  0.86 cusr  0.13 csys =  1.06 CPU)
Result: PASS
installing
install flags: SHELL=/nix/store/9fqwwd4iybmhjqyxiaxycknslw6bgwh1-bash-4.4-p23/bin/bash pkgconfigdir=/nix/store/4zj671q375m04xbpmzfnp36hfbcjzffw-perl5.32.0-File-chdir-0.1010/lib/pkgconfig m4datadir=/nix/store/4zj671q375m04xbpmzfnp36hfbcjzffw-perl5.32.0-File-chdir-0.1010/share/aclocal aclocaldir=/nix/store/4zj671q375m04xbpmzfnp36hfbcjzffw-perl5.32.0-File-chdir-0.1010/share/aclocal install
cp lib/Test2/Event/Waiting.pm blib/lib/Test2/Event/Waiting.pm
cp lib/Test2/Event/Encoding.pm blib/lib/Test2/Event/Encoding.pm
cp lib/Test2/Event/V2.pm blib/lib/Test2/Event/V2.pm
cp lib/Test/Builder/TodoDiag.pm blib/lib/Test/Builder/TodoDiag.pm
cp lib/Test2/EventFacet/Assert.pm blib/lib/Test2/EventFacet/Assert.pm
cp lib/Test2/Event/Plan.pm blib/lib/Test2/Event/Plan.pm
cp lib/Test/Tester/CaptureRunner.pm blib/lib/Test/Tester/CaptureRunner.pm
cp lib/Test2/Event/Diag.pm blib/lib/Test2/Event/Diag.pm
cp lib/Test/Tester.pm blib/lib/Test/Tester.pm
cp lib/Test/Tutorial.pod blib/lib/Test/Tutorial.pod
cp lib/Test2/API/Breakage.pm blib/lib/Test2/API/Breakage.pm
cp lib/Test2/Event/Exception.pm blib/lib/Test2/Event/Exception.pm
cp lib/Test/Simple.pm blib/lib/Test/Simple.pm
cp lib/Test2.pm blib/lib/Test2.pm
cp lib/Test2/EventFacet.pm blib/lib/Test2/EventFacet.pm
cp lib/Test2/Event/Subtest.pm blib/lib/Test2/Event/Subtest.pm
cp lib/Test2/API/Context.pm blib/lib/Test2/API/Context.pm
cp lib/Test/Builder/Module.pm blib/lib/Test/Builder/Module.pm
cp lib/Test/Builder.pm blib/lib/Test/Builder.pm
cp lib/Test2/Event/Fail.pm blib/lib/Test2/Event/Fail.pm
cp lib/Test2/API/Stack.pm blib/lib/Test2/API/Stack.pm
cp lib/Test/More.pm blib/lib/Test/More.pm
cp lib/Test2/Event/Note.pm blib/lib/Test2/Event/Note.pm
cp lib/Test2/Event/Skip.pm blib/lib/Test2/Event/Skip.pm
cp lib/Test2/Event/Ok.pm blib/lib/Test2/Event/Ok.pm
cp lib/Test2/Event/Generic.pm blib/lib/Test2/Event/Generic.pm
cp lib/Test2/EventFacet/About.pm blib/lib/Test2/EventFacet/About.pm
cp lib/Test2/EventFacet/Control.pm blib/lib/Test2/EventFacet/Control.pm
cp lib/Test2/EventFacet/Amnesty.pm blib/lib/Test2/EventFacet/Amnesty.pm
cp lib/Test2/Event/Bail.pm blib/lib/Test2/Event/Bail.pm
cp lib/Test/Builder/IO/Scalar.pm blib/lib/Test/Builder/IO/Scalar.pm
cp lib/Test2/API.pm blib/lib/Test2/API.pm
cp lib/Test/Builder/Tester/Color.pm blib/lib/Test/Builder/Tester/Color.pm
Generating a Unix-style Makefile
Writing Makefile for App::FatPacker
cp lib/Test/Builder/Tester.pm blib/lib/Test/Builder/Tester.pm
cp lib/Test2/Event/TAP/Version.pm blib/lib/Test2/Event/TAP/Version.pm
cp lib/Test2/Event.pm blib/lib/Test2/Event.pm
cp lib/Test/Tester/Capture.pm blib/lib/Test/Tester/Capture.pm
cp lib/Test2/EventFacet/Error.pm blib/lib/Test2/EventFacet/Error.pm
cp lib/Test/use/ok.pm blib/lib/Test/use/ok.pm
cp lib/Test/Tester/Delegate.pm blib/lib/Test/Tester/Delegate.pm
cp lib/Test2/Event/Pass.pm blib/lib/Test2/Event/Pass.pm
cp lib/Test/Builder/Formatter.pm blib/lib/Test/Builder/Formatter.pm
cp lib/Test2/API/Instance.pm blib/lib/Test2/API/Instance.pm
Writing MYMETA.yml and MYMETA.json
Checking if your kit is complete...
no configure script, doing nothing
building
build flags: SHELL=/nix/store/9fqwwd4iybmhjqyxiaxycknslw6bgwh1-bash-4.4-p23/bin/bash
t/quiet.t ............... ok
Checking if your kit is complete...
Looks good
Looks good
cp lib/Test2/EventFacet/Info.pm blib/lib/Test2/EventFacet/Info.pm
cp lib/Test2/Util/Facets2Legacy.pm blib/lib/Test2/Util/Facets2Legacy.pm
cp lib/Test2/Util/HashBase.pm blib/lib/Test2/Util/HashBase.pm
cp lib/Test2/Util/ExternalMeta.pm blib/lib/Test2/Util/ExternalMeta.pm
cp lib/Test2/EventFacet/Hub.pm blib/lib/Test2/EventFacet/Hub.pm
cp lib/Test2/EventFacet/Info/Table.pm blib/lib/Test2/EventFacet/Info/Table.pm
cp lib/Test2/Hub/Interceptor.pm blib/lib/Test2/Hub/Interceptor.pm
cp lib/Test2/EventFacet/Plan.pm blib/lib/Test2/EventFacet/Plan.pm
cp lib/Test2/Tools/Tiny.pm blib/lib/Test2/Tools/Tiny.pm
cp lib/Test2/Hub.pm blib/lib/Test2/Hub.pm
cp lib/Test2/EventFacet/Trace.pm blib/lib/Test2/EventFacet/Trace.pm
cp lib/Test2/Hub/Subtest.pm blib/lib/Test2/Hub/Subtest.pm
cp lib/Test2/Formatter/TAP.pm blib/lib/Test2/Formatter/TAP.pm
cp lib/Test2/IPC/Driver/Files.pm blib/lib/Test2/IPC/Driver/Files.pm
cp lib/ok.pm blib/lib/ok.pm
cp lib/Test2/IPC.pm blib/lib/Test2/IPC.pm
cp lib/Test2/Transition.pod blib/lib/Test2/Transition.pod
cp lib/Test2/EventFacet/Meta.pm blib/lib/Test2/EventFacet/Meta.pm
cp lib/Test2/Util.pm blib/lib/Test2/Util.pm
cp lib/Test2/IPC/Driver.pm blib/lib/Test2/IPC/Driver.pm
cp lib/Test2/Formatter.pm blib/lib/Test2/Formatter.pm
cp lib/Test2/Hub/Interceptor/Terminator.pm blib/lib/Test2/Hub/Interceptor/Terminator.pm
cp lib/Test2/Util/Trace.pm blib/lib/Test2/Util/Trace.pm
cp lib/Test2/EventFacet/Parent.pm blib/lib/Test2/EventFacet/Parent.pm
cp lib/Test2/EventFacet/Render.pm blib/lib/Test2/EventFacet/Render.pm
Manifying 1 pod document
Generating a Unix-style Makefile
Writing Makefile for Importer
Writing MYMETA.yml and MYMETA.json
Generating a Unix-style Makefile
Writing Makefile for PkgConfig
t/too-late-quiet.t ...... ok
All tests successful.
Files=12, Tests=58,  1 wallclock secs ( 0.06 usr  0.02 sys +  1.04 cusr  0.15 csys =  1.27 CPU)
Result: PASS
installing
install flags: SHELL=/nix/store/9fqwwd4iybmhjqyxiaxycknslw6bgwh1-bash-4.4-p23/bin/bash pkgconfigdir=/nix/store/1svhp2lww0mpdj62gi1ic9ci0cqxaad3-perl5.32.0-Devel-Hide-0.0013/lib/pkgconfig m4datadir=/nix/store/1svhp2lww0mpdj62gi1ic9ci0cqxaad3-perl5.32.0-Devel-Hide-0.0013/share/aclocal aclocaldir=/nix/store/1svhp2lww0mpdj62gi1ic9ci0cqxaad3-perl5.32.0-Devel-Hide-0.0013/share/aclocal install
Writing MYMETA.yml and MYMETA.json
no configure script, doing nothing
Installing /nix/store/4zj671q375m04xbpmzfnp36hfbcjzffw-perl5.32.0-File-chdir-0.1010/lib/perl5/site_perl/5.32.0/File/chdir.pm
Installing /nix/store/4zj671q375m04xbpmzfnp36hfbcjzffw-perl5.32.0-File-chdir-0.1010/share/man/man3/File::chdir.3
building
no configure script, doing nothing
build flags: SHELL=/nix/store/9fqwwd4iybmhjqyxiaxycknslw6bgwh1-bash-4.4-p23/bin/bash
building
build flags: SHELL=/nix/store/9fqwwd4iybmhjqyxiaxycknslw6bgwh1-bash-4.4-p23/bin/bash
Manifying 37 pod documents
Appending installation info to /nix/store/4zj671q375m04xbpmzfnp36hfbcjzffw-perl5.32.0-File-chdir-0.1010/lib/perl5/5.32.0/x86_64-linux-thread-multi/perllocal.pod
post-installation fixup
Moving /nix/store/4zj671q375m04xbpmzfnp36hfbcjzffw-perl5.32.0-File-chdir-0.1010/share/man/man3 to /nix/store/b5j6dhmri34q5krl283kvywzxmfbrc9m-perl5.32.0-File-chdir-0.1010-devdoc/share/man/man3
Removing empty /nix/store/4zj671q375m04xbpmzfnp36hfbcjzffw-perl5.32.0-File-chdir-0.1010/share/man/ and (possibly) its parents
shrinking RPATHs of ELF executables and libraries in /nix/store/4zj671q375m04xbpmzfnp36hfbcjzffw-perl5.32.0-File-chdir-0.1010
strip is /nix/store/psyzbhp4p088sb9qcs378hfbslcalasl-binutils-2.31.1/bin/strip
t/02-capture.t ............. ok
stripping (with command strip and flags -S) in /nix/store/4zj671q375m04xbpmzfnp36hfbcjzffw-perl5.32.0-File-chdir-0.1010/lib
Manifying 1 pod document
patching script interpreter paths in /nix/store/4zj671q375m04xbpmzfnp36hfbcjzffw-perl5.32.0-File-chdir-0.1010
checking for references to /build/ in /nix/store/4zj671q375m04xbpmzfnp36hfbcjzffw-perl5.32.0-File-chdir-0.1010...
shrinking RPATHs of ELF executables and libraries in /nix/store/b5j6dhmri34q5krl283kvywzxmfbrc9m-perl5.32.0-File-chdir-0.1010-devdoc
gzipping man pages under /nix/store/b5j6dhmri34q5krl283kvywzxmfbrc9m-perl5.32.0-File-chdir-0.1010-devdoc/share/man/
strip is /nix/store/psyzbhp4p088sb9qcs378hfbslcalasl-binutils-2.31.1/bin/strip
patching script interpreter paths in /nix/store/b5j6dhmri34q5krl283kvywzxmfbrc9m-perl5.32.0-File-chdir-0.1010-devdoc
checking for references to /build/ in /nix/store/b5j6dhmri34q5krl283kvywzxmfbrc9m-perl5.32.0-File-chdir-0.1010-devdoc...
Installing /nix/store/1svhp2lww0mpdj62gi1ic9ci0cqxaad3-perl5.32.0-Devel-Hide-0.0013/lib/perl5/site_perl/5.32.0/Devel/Hide.pm
Installing /nix/store/1svhp2lww0mpdj62gi1ic9ci0cqxaad3-perl5.32.0-Devel-Hide-0.0013/share/man/man3/Devel::Hide.3
Appending installation info to /nix/store/1svhp2lww0mpdj62gi1ic9ci0cqxaad3-perl5.32.0-Devel-Hide-0.0013/lib/perl5/5.32.0/x86_64-linux-thread-multi/perllocal.pod
cp lib/App/FatPacker/Trace.pm blib/lib/App/FatPacker/Trace.pm
cp lib/App/FatPacker.pm blib/lib/App/FatPacker.pm
cp bin/fatpack blib/script/fatpack
"/nix/store/7c044di03qa7qgr5kjjc2d787aspzp0m-perl-5.32.0/bin/perl" -MExtUtils::MY -e 'MY->fixin(shift)' -- blib/script/fatpack
post-installation fixup
Moving /nix/store/1svhp2lww0mpdj62gi1ic9ci0cqxaad3-perl5.32.0-Devel-Hide-0.0013/share/man/man3 to /nix/store/8ssq4kp7n5y0kzxm5p6a7dh751ng6263-perl5.32.0-Devel-Hide-0.0013-devdoc/share/man/man3
Removing empty /nix/store/1svhp2lww0mpdj62gi1ic9ci0cqxaad3-perl5.32.0-Devel-Hide-0.0013/share/man/ and (possibly) its parents
shrinking RPATHs of ELF executables and libraries in /nix/store/1svhp2lww0mpdj62gi1ic9ci0cqxaad3-perl5.32.0-Devel-Hide-0.0013
strip is /nix/store/psyzbhp4p088sb9qcs378hfbslcalasl-binutils-2.31.1/bin/strip
stripping (with command strip and flags -S) in /nix/store/1svhp2lww0mpdj62gi1ic9ci0cqxaad3-perl5.32.0-Devel-Hide-0.0013/lib
patching script interpreter paths in /nix/store/1svhp2lww0mpdj62gi1ic9ci0cqxaad3-perl5.32.0-Devel-Hide-0.0013
checking for references to /build/ in /nix/store/1svhp2lww0mpdj62gi1ic9ci0cqxaad3-perl5.32.0-Devel-Hide-0.0013...
shrinking RPATHs of ELF executables and libraries in /nix/store/8ssq4kp7n5y0kzxm5p6a7dh751ng6263-perl5.32.0-Devel-Hide-0.0013-devdoc
gzipping man pages under /nix/store/8ssq4kp7n5y0kzxm5p6a7dh751ng6263-perl5.32.0-Devel-Hide-0.0013-devdoc/share/man/
strip is /nix/store/psyzbhp4p088sb9qcs378hfbslcalasl-binutils-2.31.1/bin/strip
patching script interpreter paths in /nix/store/8ssq4kp7n5y0kzxm5p6a7dh751ng6263-perl5.32.0-Devel-Hide-0.0013-devdoc
checking for references to /build/ in /nix/store/8ssq4kp7n5y0kzxm5p6a7dh751ng6263-perl5.32.0-Devel-Hide-0.0013-devdoc...
cp lib/PkgConfig.pm blib/lib/PkgConfig.pm
cp lib/Importer.pm blib/lib/Importer.pm
cp script/pkg-config.pl blib/script/pkg-config.pl
"/nix/store/7c044di03qa7qgr5kjjc2d787aspzp0m-perl-5.32.0/bin/perl" -MExtUtils::MY -e 'MY->fixin(shift)' -- blib/script/pkg-config.pl
Manifying 1 pod document
Manifying 1 pod document
cp script/ppkg-config blib/script/ppkg-config
"/nix/store/7c044di03qa7qgr5kjjc2d787aspzp0m-perl-5.32.0/bin/perl" -MExtUtils::MY -e 'MY->fixin(shift)' -- blib/script/ppkg-config
running tests
check flags: SHELL=/nix/store/9fqwwd4iybmhjqyxiaxycknslw6bgwh1-bash-4.4-p23/bin/bash VERBOSE=y test
PERL_DL_NONLAZY=1 "/nix/store/7c044di03qa7qgr5kjjc2d787aspzp0m-perl-5.32.0/bin/perl" "-MExtUtils::Command::MM" "-MTest::Harness" "-e" "undef *Test::Harness::Switches; test_harness(0, 'blib/lib', 'blib/arch')" t/*.t
Manifying 2 pod documents
running tests
check flags: SHELL=/nix/store/9fqwwd4iybmhjqyxiaxycknslw6bgwh1-bash-4.4-p23/bin/bash VERBOSE=y test
PERL_DL_NONLAZY=1 "/nix/store/7c044di03qa7qgr5kjjc2d787aspzp0m-perl-5.32.0/bin/perl" "-MExtUtils::Command::MM" "-MTest::Harness" "-e" "undef *Test::Harness::Switches; test_harness(0, 'blib/lib', 'blib/arch')" t/*.t
Manifying 2 pod documents
t/all_tag.t ...... ok
t/export_fail.t .. ok
t/basic.t .. ok
Manifying 1 pod document
t/import.t ....... ok
Manifying 30 pod documents
running tests
check flags: SHELL=/nix/store/9fqwwd4iybmhjqyxiaxycknslw6bgwh1-bash-4.4-p23/bin/bash VERBOSE=y test
"/nix/store/7c044di03qa7qgr5kjjc2d787aspzp0m-perl-5.32.0/bin/perl" run_test.pl
t/missing.t ...... ok
t/line.t ... ok
t/Simple.t ....... ok

Testing PkgConfig 0.23026, Perl 5.032000, /nix/store/7c044di03qa7qgr5kjjc2d787aspzp0m-perl-5.32.0/bin/perl
Testing on 8 CPUS
t/pack.t ... ok
running tests
t/units.t ........ ok
All tests successful.
Files=6, Tests=41,  1 wallclock secs ( 0.06 usr  0.00 sys +  0.57 cusr  0.06 csys =  0.69 CPU)
Result: PASS
check flags: SHELL=/nix/store/9fqwwd4iybmhjqyxiaxycknslw6bgwh1-bash-4.4-p23/bin/bash VERBOSE=y test
t/trace.t .. t/mod/ModuleA.pm syntax OK
installing
install flags: SHELL=/nix/store/9fqwwd4iybmhjqyxiaxycknslw6bgwh1-bash-4.4-p23/bin/bash pkgconfigdir=/nix/store/0wm2ry2gksqnypp7sz48wi94zrv4kvmg-perl5.32.0-Importer-0.025/lib/pkgconfig m4datadir=/nix/store/0wm2ry2gksqnypp7sz48wi94zrv4kvmg-perl5.32.0-Importer-0.025/share/aclocal aclocaldir=/nix/store/0wm2ry2gksqnypp7sz48wi94zrv4kvmg-perl5.32.0-Importer-0.025/share/aclocal install
t/trace.t .. 1/? t/mod/ModuleB.pm syntax OK
t/mod/ModuleC.pm syntax OK
t/mod/ModuleD.pl syntax OK
PERL_DL_NONLAZY=1 "/nix/store/7c044di03qa7qgr5kjjc2d787aspzp0m-perl-5.32.0/bin/perl" "-MExtUtils::Command::MM" "-MTest::Harness" "-e" "undef *Test::Harness::Switches; test_harness(0, 'blib/lib', 'blib/arch')" t/*.t t/Legacy/*.t t/Legacy/Bugs/*.t t/Legacy/Builder/*.t t/Legacy/Regression/*.t t/Legacy/Simple/*.t t/Legacy/Test2/*.t t/Legacy/Tester/*.t t/Legacy/subtest/*.t t/Legacy_And_Test2/*.t t/Test2/acceptance/*.t t/Test2/behavior/*.t t/Test2/legacy/*.t t/Test2/modules/*.t t/Test2/modules/API/*.t t/Test2/modules/Event/*.t t/Test2/modules/Event/TAP/*.t t/Test2/modules/EventFacet/*.t t/Test2/modules/Formatter/*.t t/Test2/modules/Hub/*.t t/Test2/modules/Hub/Interceptor/*.t t/Test2/modules/IPC/*.t t/Test2/modules/IPC/Driver/*.t t/Test2/modules/Tools/*.t t/Test2/modules/Util/*.t t/Test2/regression/*.t t/regression/*.t
t/00-load.t ............... ok
t/mod/ModuleCond.pm syntax OK
t/trace.t .. ok
All tests successful.
Files=4, Tests=12,  1 wallclock secs ( 0.03 usr  0.01 sys +  0.55 cusr  0.09 csys =  0.68 CPU)
Result: PASS
installing
install flags: SHELL=/nix/store/9fqwwd4iybmhjqyxiaxycknslw6bgwh1-bash-4.4-p23/bin/bash pkgconfigdir=/nix/store/dxg3lfc5x1frh98715bdg7p4ngg10whw-perl5.32.0-App-FatPacker-0.010008/lib/pkgconfig m4datadir=/nix/store/dxg3lfc5x1frh98715bdg7p4ngg10whw-perl5.32.0-App-FatPacker-0.010008/share/aclocal aclocaldir=/nix/store/dxg3lfc5x1frh98715bdg7p4ngg10whw-perl5.32.0-App-FatPacker-0.010008/share/aclocal install
Manifying 1 pod document
Installing /nix/store/0wm2ry2gksqnypp7sz48wi94zrv4kvmg-perl5.32.0-Importer-0.025/lib/perl5/site_perl/5.32.0/Importer.pm
Installing /nix/store/0wm2ry2gksqnypp7sz48wi94zrv4kvmg-perl5.32.0-Importer-0.025/share/man/man3/Importer.3
Appending installation info to /nix/store/0wm2ry2gksqnypp7sz48wi94zrv4kvmg-perl5.32.0-Importer-0.025/lib/perl5/5.32.0/x86_64-linux-thread-multi/perllocal.pod
post-installation fixup
t/00-report.t .................................. 1/?
# DIAGNOSTICS INFO IN CASE OF FAILURE:

# Perl: 5.032000

# CAPABILITIES:
# CAN_FORK         Yes
# CAN_REALLY_FORK  Yes
# CAN_THREAD       Yes

# DEPENDENCIES:
# Carp          1.50
# File::Spec    3.78
# File::Temp    0.2309
# PerlIO        1.11
# Scalar::Util  1.55
# Storable      3.21
# Test2         1.302175
# overload      1.31
# threads       2.25
# utf8          1.22
Moving /nix/store/0wm2ry2gksqnypp7sz48wi94zrv4kvmg-perl5.32.0-Importer-0.025/share/man/man3 to /nix/store/ivqp212x0xj6cxjnydybm3w334my7zv9-perl5.32.0-Importer-0.025-devdoc/share/man/man3
t/00-report.t .................................. ok
Manifying 1 pod document
Removing empty /nix/store/0wm2ry2gksqnypp7sz48wi94zrv4kvmg-perl5.32.0-Importer-0.025/share/man/ and (possibly) its parents
shrinking RPATHs of ELF executables and libraries in /nix/store/0wm2ry2gksqnypp7sz48wi94zrv4kvmg-perl5.32.0-Importer-0.025
t/00compile.t .................................. ok
Manifying 2 pod documents
strip is /nix/store/psyzbhp4p088sb9qcs378hfbslcalasl-binutils-2.31.1/bin/strip
stripping (with command strip and flags -S) in /nix/store/0wm2ry2gksqnypp7sz48wi94zrv4kvmg-perl5.32.0-Importer-0.025/lib
patching script interpreter paths in /nix/store/0wm2ry2gksqnypp7sz48wi94zrv4kvmg-perl5.32.0-Importer-0.025
checking for references to /build/ in /nix/store/0wm2ry2gksqnypp7sz48wi94zrv4kvmg-perl5.32.0-Importer-0.025...
shrinking RPATHs of ELF executables and libraries in /nix/store/ivqp212x0xj6cxjnydybm3w334my7zv9-perl5.32.0-Importer-0.025-devdoc
gzipping man pages under /nix/store/ivqp212x0xj6cxjnydybm3w334my7zv9-perl5.32.0-Importer-0.025-devdoc/share/man/
t/01-script_detailed.t .... ok
Installing /nix/store/dxg3lfc5x1frh98715bdg7p4ngg10whw-perl5.32.0-App-FatPacker-0.010008/lib/perl5/site_perl/5.32.0/App/FatPacker.pm
Installing /nix/store/dxg3lfc5x1frh98715bdg7p4ngg10whw-perl5.32.0-App-FatPacker-0.010008/lib/perl5/site_perl/5.32.0/App/FatPacker/Trace.pm
Installing /nix/store/dxg3lfc5x1frh98715bdg7p4ngg10whw-perl5.32.0-App-FatPacker-0.010008/share/man/man1/fatpack.1
Installing /nix/store/dxg3lfc5x1frh98715bdg7p4ngg10whw-perl5.32.0-App-FatPacker-0.010008/share/man/man3/App::FatPacker.3
Installing /nix/store/dxg3lfc5x1frh98715bdg7p4ngg10whw-perl5.32.0-App-FatPacker-0.010008/share/man/man3/App::FatPacker::Trace.3
Installing /nix/store/dxg3lfc5x1frh98715bdg7p4ngg10whw-perl5.32.0-App-FatPacker-0.010008/bin/fatpack
strip is /nix/store/psyzbhp4p088sb9qcs378hfbslcalasl-binutils-2.31.1/bin/strip
patching script interpreter paths in /nix/store/ivqp212x0xj6cxjnydybm3w334my7zv9-perl5.32.0-Importer-0.025-devdoc
t/HashBase.t ................................... ok
Appending installation info to /nix/store/dxg3lfc5x1frh98715bdg7p4ngg10whw-perl5.32.0-App-FatPacker-0.010008/lib/perl5/5.32.0/x86_64-linux-thread-multi/perllocal.pod
checking for references to /build/ in /nix/store/ivqp212x0xj6cxjnydybm3w334my7zv9-perl5.32.0-Importer-0.025-devdoc...
building '/nix/store/3hyhy9k3w5b47sz332qbkm91fxsmk426-perl5.32.0-Sub-Info-0.002.drv'...
building '/nix/store/6hqb1rdnrkarj93r3jgf99ldvlb6zy1r-perl5.32.0-Term-Table-0.015.drv'...
t/Legacy/00test_harness_check.t ................ ok
post-installation fixup
Moving /nix/store/dxg3lfc5x1frh98715bdg7p4ngg10whw-perl5.32.0-App-FatPacker-0.010008/share/man/man3 to /nix/store/x26xhcd967s4jfjpywrmbz5cj2wi8pny-perl5.32.0-App-FatPacker-0.010008-devdoc/share/man/man3
rmdir: failed to remove '/nix/store/dxg3lfc5x1frh98715bdg7p4ngg10whw-perl5.32.0-App-FatPacker-0.010008/share/man': Directory not empty
shrinking RPATHs of ELF executables and libraries in /nix/store/dxg3lfc5x1frh98715bdg7p4ngg10whw-perl5.32.0-App-FatPacker-0.010008
gzipping man pages under /nix/store/dxg3lfc5x1frh98715bdg7p4ngg10whw-perl5.32.0-App-FatPacker-0.010008/share/man/
strip is /nix/store/psyzbhp4p088sb9qcs378hfbslcalasl-binutils-2.31.1/bin/strip
stripping (with command strip and flags -S) in /nix/store/dxg3lfc5x1frh98715bdg7p4ngg10whw-perl5.32.0-App-FatPacker-0.010008/lib  /nix/store/dxg3lfc5x1frh98715bdg7p4ngg10whw-perl5.32.0-App-FatPacker-0.010008/bin
t/Legacy/01-basic.t ............................ ok
patching script interpreter paths in /nix/store/dxg3lfc5x1frh98715bdg7p4ngg10whw-perl5.32.0-App-FatPacker-0.010008
unpacking sources
unpacking sources
unpacking source archive /nix/store/8nyyr25h2mqcaic5jiiaj4000i9zw4lf-Term-Table-0.015.tar.gz
unpacking source archive /nix/store/106qs5h98ifhxwv9pbiffvrdsd2in31q-Sub-Info-0.002.tar.gz
source root is Term-Table-0.015
source root is Sub-Info-0.002
setting SOURCE_DATE_EPOCH to timestamp 1574121504 of file Term-Table-0.015/t/issue-9.t
t/Legacy/478-cmp_ok_hash.t ..................... ok
setting SOURCE_DATE_EPOCH to timestamp 1482552952 of file Sub-Info-0.002/t/Sub.t
patching sources
configuring
checking for references to /build/ in /nix/store/dxg3lfc5x1frh98715bdg7p4ngg10whw-perl5.32.0-App-FatPacker-0.010008...
patching sources
configuring
shrinking RPATHs of ELF executables and libraries in /nix/store/x26xhcd967s4jfjpywrmbz5cj2wi8pny-perl5.32.0-App-FatPacker-0.010008-devdoc
gzipping man pages under /nix/store/x26xhcd967s4jfjpywrmbz5cj2wi8pny-perl5.32.0-App-FatPacker-0.010008-devdoc/share/man/
t/Legacy/auto.t ................................ ok
strip is /nix/store/psyzbhp4p088sb9qcs378hfbslcalasl-binutils-2.31.1/bin/strip
patching script interpreter paths in /nix/store/x26xhcd967s4jfjpywrmbz5cj2wi8pny-perl5.32.0-App-FatPacker-0.010008-devdoc
t/Legacy/bad_plan.t ............................ ok
checking for references to /build/ in /nix/store/x26xhcd967s4jfjpywrmbz5cj2wi8pny-perl5.32.0-App-FatPacker-0.010008-devdoc...
building '/nix/store/c0v6b0d7f29j4bf6r1n2npnydm8s5nx3-perl5.32.0-Module-Pluggable-5.2.drv'...
t/Legacy/bail_out.t ............................ ok
t/Legacy/BEGIN_require_ok.t .................... ok
Checking if your kit is complete...
Looks good
unpacking sources
unpacking source archive /nix/store/hg7apd577zh6ya4qvx8an36ijhyg2lxr-Module-Pluggable-5.2.tar.gz
source root is Module-Pluggable-5.2
setting SOURCE_DATE_EPOCH to timestamp 1438817535 of file Module-Pluggable-5.2/META.yml
patching sources
applying patch /nix/store/fc09497wc6bhfjfyygyrd640vrn3wynk-module-pluggable.patch
Generating a Unix-style Makefile
Writing Makefile for Sub::Info
patching file lib/Module/Pluggable/Object.pm
Hunk #1 succeeded at 195 (offset 15 lines).
Hunk #2 succeeded at 330 (offset 15 lines).
configuring
Writing MYMETA.yml and MYMETA.json
t/Legacy/BEGIN_use_ok.t ........................ ok
no configure script, doing nothing
building
build flags: SHELL=/nix/store/9fqwwd4iybmhjqyxiaxycknslw6bgwh1-bash-4.4-p23/bin/bash
patching ./t/24local_inc_package.t...
Checking if your kit is complete...
Looks good
patching ./t/05postpath.t...
t/Legacy/buffer.t .............................. ok
patching ./t/12onlyregex.t...
patching ./t/13exceptarray.t...
t/03-tee.t ................. ok
patching ./t/25single_letter_package.t...
patching ./t/18skipped_package.t...
patching ./t/02alsoworks.t...
patching ./t/06multipath.t...
Generating a Unix-style Makefile
Writing Makefile for Term::Table
Writing MYMETA.yml and MYMETA.json
patching ./t/08nothing.t...
t/Legacy/Bugs/600.t ............................ ok
no configure script, doing nothing
building
build flags: SHELL=/nix/store/9fqwwd4iybmhjqyxiaxycknslw6bgwh1-bash-4.4-p23/bin/bash
patching ./t/16different_extension.t...
patching ./t/12only.t...
t/Legacy/Bugs/629.t ............................ ok
patching ./t/27app_fatpacker.t...
patching ./t/04acmepath_single.t...
patching ./t/10innerpack_override.t...
t/Legacy/Builder/Builder.t ..................... ok
patching ./t/19can_ok_clobber.t...
patching ./t/10innerpack_inner.t...
patching ./t/13exceptregex.t...
cp lib/Sub/Info.pm blib/lib/Sub/Info.pm
t/Legacy/Builder/carp.t ........................ ok
patching ./t/10innerpack_onefile.t...
patching ./t/24local_inc_object.t...
patching ./t/22trigger.t...
t/Legacy/Builder/create.t ...................... ok
patching ./t/17devel_inner_package.t...
patching ./t/02works.t...
t/Legacy/Builder/current_test.t ................ ok
Manifying 1 pod document
patching ./t/12onlyarray.t...
patching ./t/15topicsafe.t...
running tests
check flags: SHELL=/nix/store/9fqwwd4iybmhjqyxiaxycknslw6bgwh1-bash-4.4-p23/bin/bash VERBOSE=y test
patching ./t/10innerpack.t...
patching ./t/20dodgy_files.t...
t/Legacy/Builder/current_test_without_plan.t ... ok
cp lib/Term/Table/CellStack.pm blib/lib/Term/Table/CellStack.pm
patching ./t/fp/app.pl...
PERL_DL_NONLAZY=1 "/nix/store/7c044di03qa7qgr5kjjc2d787aspzp0m-perl-5.32.0/bin/perl" "-MExtUtils::Command::MM" "-MTest::Harness" "-e" "undef *Test::Harness::Switches; test_harness(0, 'blib/lib', 'blib/arch')" t/*.t
cp lib/Term/Table/LineBreak.pm blib/lib/Term/Table/LineBreak.pm
cp lib/Term/Table.pm blib/lib/Term/Table.pm
cp lib/Term/Table/Spacer.pm blib/lib/Term/Table/Spacer.pm
cp lib/Term/Table/Cell.pm blib/lib/Term/Table/Cell.pm
cp lib/Term/Table/Util.pm blib/lib/Term/Table/Util.pm
cp lib/Term/Table/HashBase.pm blib/lib/Term/Table/HashBase.pm
patching ./t/04acmedir_single.t...
patching ./t/09require.t...
patching ./t/14package.t...
t/Legacy/Builder/details.t ..................... ok
t/Legacy/Builder/done_testing.t ................ ok
Manifying 6 pod documents
t/Legacy/Builder/done_testing_double.t ......... ok
t/Sub.t .. ok
All tests successful.
Files=1, Tests=68,  1 wallclock secs ( 0.03 usr  0.01 sys +  0.10 cusr  0.01 csys =  0.15 CPU)
Result: PASS
running tests
installing
check flags: SHELL=/nix/store/9fqwwd4iybmhjqyxiaxycknslw6bgwh1-bash-4.4-p23/bin/bash VERBOSE=y test
install flags: SHELL=/nix/store/9fqwwd4iybmhjqyxiaxycknslw6bgwh1-bash-4.4-p23/bin/bash pkgconfigdir=/nix/store/vzyfpl31rak595hxfwxz9bqxw7qrr6pq-perl5.32.0-Sub-Info-0.002/lib/pkgconfig m4datadir=/nix/store/vzyfpl31rak595hxfwxz9bqxw7qrr6pq-perl5.32.0-Sub-Info-0.002/share/aclocal aclocaldir=/nix/store/vzyfpl31rak595hxfwxz9bqxw7qrr6pq-perl5.32.0-Sub-Info-0.002/share/aclocal install
PERL_DL_NONLAZY=1 "/nix/store/7c044di03qa7qgr5kjjc2d787aspzp0m-perl-5.32.0/bin/perl" "-MExtUtils::Command::MM" "-MTest::Harness" "-e" "undef *Test::Harness::Switches; test_harness(0, 'blib/lib', 'blib/arch')" t/*.t t/Table/*.t
t/Legacy/Builder/done_testing_plan_mismatch.t .. ok
Manifying 1 pod document
t/Legacy/Builder/done_testing_with_no_plan.t ... ok
patching ./t/23depth.t...
Installing /nix/store/vzyfpl31rak595hxfwxz9bqxw7qrr6pq-perl5.32.0-Sub-Info-0.002/lib/perl5/site_perl/5.32.0/Sub/Info.pm
Installing /nix/store/vzyfpl31rak595hxfwxz9bqxw7qrr6pq-perl5.32.0-Sub-Info-0.002/share/man/man3/Sub::Info.3
patching ./t/04acmepath.t...
patching ./t/26inc_hook.t...
Appending installation info to /nix/store/vzyfpl31rak595hxfwxz9bqxw7qrr6pq-perl5.32.0-Sub-Info-0.002/lib/perl5/5.32.0/x86_64-linux-thread-multi/perllocal.pod
t/bad_blank_line.t ........ ok
t/Legacy/Builder/done_testing_with_number.t .... ok
patching ./t/10innerpack_noinner.t...
patching ./t/10innerpack_super.t...
patching ./t/11usetwice.t...
patching ./t/03diffname.t...
post-installation fixup
t/HashBase.t .............. ok
t/Legacy/Builder/done_testing_with_plan.t ...... ok
Moving /nix/store/vzyfpl31rak595hxfwxz9bqxw7qrr6pq-perl5.32.0-Sub-Info-0.002/share/man/man3 to /nix/store/hmlbwhdlyyqhkald7x82qnffcvhkkz4z-perl5.32.0-Sub-Info-0.002-devdoc/share/man/man3
patching ./t/13except.t...
Removing empty /nix/store/vzyfpl31rak595hxfwxz9bqxw7qrr6pq-perl5.32.0-Sub-Info-0.002/share/man/ and (possibly) its parents
patching ./t/12onlyrequire.t...
shrinking RPATHs of ELF executables and libraries in /nix/store/vzyfpl31rak595hxfwxz9bqxw7qrr6pq-perl5.32.0-Sub-Info-0.002
patching ./t/02works_taint.t...
t/honor_env_in_non_tty.t .. ok
t/Legacy/Builder/fork_with_new_stdout.t ........ ok
strip is /nix/store/psyzbhp4p088sb9qcs378hfbslcalasl-binutils-2.31.1/bin/strip
stripping (with command strip and flags -S) in /nix/store/vzyfpl31rak595hxfwxz9bqxw7qrr6pq-perl5.32.0-Sub-Info-0.002/lib
patching ./t/21editor_junk.t...
patching script interpreter paths in /nix/store/vzyfpl31rak595hxfwxz9bqxw7qrr6pq-perl5.32.0-Sub-Info-0.002
checking for references to /build/ in /nix/store/vzyfpl31rak595hxfwxz9bqxw7qrr6pq-perl5.32.0-Sub-Info-0.002...
patching ./t/01use.t...
patching ./t/04acmedir.t...
shrinking RPATHs of ELF executables and libraries in /nix/store/hmlbwhdlyyqhkald7x82qnffcvhkkz4z-perl5.32.0-Sub-Info-0.002-devdoc
patching ./t/07instantiate.t...
gzipping man pages under /nix/store/hmlbwhdlyyqhkald7x82qnffcvhkkz4z-perl5.32.0-Sub-Info-0.002-devdoc/share/man/
strip is /nix/store/psyzbhp4p088sb9qcs378hfbslcalasl-binutils-2.31.1/bin/strip
patching script interpreter paths in /nix/store/hmlbwhdlyyqhkald7x82qnffcvhkkz4z-perl5.32.0-Sub-Info-0.002-devdoc
checking for references to /build/ in /nix/store/hmlbwhdlyyqhkald7x82qnffcvhkkz4z-perl5.32.0-Sub-Info-0.002-devdoc...
t/Legacy/Builder/has_plan.t .................... ok
t/issue-9.t ............... ok
t/Legacy/Builder/has_plan2.t ................... ok
t/Legacy/Builder/is_fh.t ....................... ok
t/Table.t ................. ok
Checking if your kit is complete...
Looks good
t/Table/Cell.t ............ ok
t/Legacy/Builder/is_passing.t .................. ok
Generating a Unix-style Makefile
Writing Makefile for Module::Pluggable
Writing MYMETA.yml and MYMETA.json
no configure script, doing nothing
building
build flags: SHELL=/nix/store/9fqwwd4iybmhjqyxiaxycknslw6bgwh1-bash-4.4-p23/bin/bash
t/Legacy/Builder/maybe_regex.t ................. ok
t/Table/CellStack.t ....... ok
t/Legacy/Builder/no_diag.t ..................... ok
t/Table/LineBreak.t ....... ok
All tests successful.
Files=8, Tests=82,  1 wallclock secs ( 0.06 usr  0.01 sys +  0.75 cusr  0.14 csys =  0.96 CPU)
Result: PASS
installing
t/Legacy/Builder/no_ending.t ................... ok
install flags: SHELL=/nix/store/9fqwwd4iybmhjqyxiaxycknslw6bgwh1-bash-4.4-p23/bin/bash pkgconfigdir=/nix/store/yrlbj04cplw9537f0f3q30asz0n37w68-perl5.32.0-Term-Table-0.015/lib/pkgconfig m4datadir=/nix/store/yrlbj04cplw9537f0f3q30asz0n37w68-perl5.32.0-Term-Table-0.015/share/aclocal aclocaldir=/nix/store/yrlbj04cplw9537f0f3q30asz0n37w68-perl5.32.0-Term-Table-0.015/share/aclocal install
t/Legacy/Builder/no_header.t ................... ok
t/Legacy/Builder/no_plan_at_all.t .............. ok
Manifying 6 pod documents
t/Legacy/Builder/ok_obj.t ...................... ok
t/Legacy/Builder/output.t ...................... ok
cp lib/Module/Pluggable.pm blib/lib/Module/Pluggable.pm
cp lib/Module/Pluggable/Object.pm.orig blib/lib/Module/Pluggable/Object.pm.orig
cp lib/Devel/InnerPackage.pm blib/lib/Devel/InnerPackage.pm
cp lib/Module/Pluggable/Object.pm blib/lib/Module/Pluggable/Object.pm
Installing /nix/store/yrlbj04cplw9537f0f3q30asz0n37w68-perl5.32.0-Term-Table-0.015/lib/perl5/site_perl/5.32.0/Term/Table.pm
Installing /nix/store/yrlbj04cplw9537f0f3q30asz0n37w68-perl5.32.0-Term-Table-0.015/lib/perl5/site_perl/5.32.0/Term/Table/Cell.pm
Installing /nix/store/yrlbj04cplw9537f0f3q30asz0n37w68-perl5.32.0-Term-Table-0.015/lib/perl5/site_perl/5.32.0/Term/Table/Spacer.pm
Installing /nix/store/yrlbj04cplw9537f0f3q30asz0n37w68-perl5.32.0-Term-Table-0.015/lib/perl5/site_perl/5.32.0/Term/Table/Util.pm
Installing /nix/store/yrlbj04cplw9537f0f3q30asz0n37w68-perl5.32.0-Term-Table-0.015/lib/perl5/site_perl/5.32.0/Term/Table/CellStack.pm
Installing /nix/store/yrlbj04cplw9537f0f3q30asz0n37w68-perl5.32.0-Term-Table-0.015/lib/perl5/site_perl/5.32.0/Term/Table/HashBase.pm
Installing /nix/store/yrlbj04cplw9537f0f3q30asz0n37w68-perl5.32.0-Term-Table-0.015/lib/perl5/site_perl/5.32.0/Term/Table/LineBreak.pm
Installing /nix/store/yrlbj04cplw9537f0f3q30asz0n37w68-perl5.32.0-Term-Table-0.015/share/man/man3/Term::Table.3
Installing /nix/store/yrlbj04cplw9537f0f3q30asz0n37w68-perl5.32.0-Term-Table-0.015/share/man/man3/Term::Table::LineBreak.3
Installing /nix/store/yrlbj04cplw9537f0f3q30asz0n37w68-perl5.32.0-Term-Table-0.015/share/man/man3/Term::Table::CellStack.3
Installing /nix/store/yrlbj04cplw9537f0f3q30asz0n37w68-perl5.32.0-Term-Table-0.015/share/man/man3/Term::Table::Cell.3
Installing /nix/store/yrlbj04cplw9537f0f3q30asz0n37w68-perl5.32.0-Term-Table-0.015/share/man/man3/Term::Table::HashBase.3
Installing /nix/store/yrlbj04cplw9537f0f3q30asz0n37w68-perl5.32.0-Term-Table-0.015/share/man/man3/Term::Table::Util.3
Appending installation info to /nix/store/yrlbj04cplw9537f0f3q30asz0n37w68-perl5.32.0-Term-Table-0.015/lib/perl5/5.32.0/x86_64-linux-thread-multi/perllocal.pod
post-installation fixup
Moving /nix/store/yrlbj04cplw9537f0f3q30asz0n37w68-perl5.32.0-Term-Table-0.015/share/man/man3 to /nix/store/9xxk9m5djbnvrk9rj8yv2hiwi78kd6dy-perl5.32.0-Term-Table-0.015-devdoc/share/man/man3
Manifying 3 pod documents
t/Legacy/Builder/reset.t ....................... ok
Removing empty /nix/store/yrlbj04cplw9537f0f3q30asz0n37w68-perl5.32.0-Term-Table-0.015/share/man/ and (possibly) its parents
running tests
check flags: SHELL=/nix/store/9fqwwd4iybmhjqyxiaxycknslw6bgwh1-bash-4.4-p23/bin/bash VERBOSE=y test
shrinking RPATHs of ELF executables and libraries in /nix/store/yrlbj04cplw9537f0f3q30asz0n37w68-perl5.32.0-Term-Table-0.015
strip is /nix/store/psyzbhp4p088sb9qcs378hfbslcalasl-binutils-2.31.1/bin/strip
stripping (with command strip and flags -S) in /nix/store/yrlbj04cplw9537f0f3q30asz0n37w68-perl5.32.0-Term-Table-0.015/lib
patching script interpreter paths in /nix/store/yrlbj04cplw9537f0f3q30asz0n37w68-perl5.32.0-Term-Table-0.015
t/Legacy/Builder/reset_outputs.t ............... ok
checking for references to /build/ in /nix/store/yrlbj04cplw9537f0f3q30asz0n37w68-perl5.32.0-Term-Table-0.015...
shrinking RPATHs of ELF executables and libraries in /nix/store/9xxk9m5djbnvrk9rj8yv2hiwi78kd6dy-perl5.32.0-Term-Table-0.015-devdoc
PERL_DL_NONLAZY=1 "/nix/store/7c044di03qa7qgr5kjjc2d787aspzp0m-perl-5.32.0/bin/perl" "-MExtUtils::Command::MM" "-MTest::Harness" "-e" "undef *Test::Harness::Switches; test_harness(0, 'blib/lib', 'blib/arch')" t/*.t
gzipping man pages under /nix/store/9xxk9m5djbnvrk9rj8yv2hiwi78kd6dy-perl5.32.0-Term-Table-0.015-devdoc/share/man/
t/Legacy/Builder/try.t ......................... ok
strip is /nix/store/psyzbhp4p088sb9qcs378hfbslcalasl-binutils-2.31.1/bin/strip
patching script interpreter paths in /nix/store/9xxk9m5djbnvrk9rj8yv2hiwi78kd6dy-perl5.32.0-Term-Table-0.015-devdoc
checking for references to /build/ in /nix/store/9xxk9m5djbnvrk9rj8yv2hiwi78kd6dy-perl5.32.0-Term-Table-0.015-devdoc...
t/Legacy/c_flag.t .............................. ok
t/01use.t .................... ok
t/Legacy/capture.t ............................. ok
t/02alsoworks.t .............. ok
t/Legacy/check_tests.t ......................... ok
t/02works.t .................. ok
t/Legacy/circular_data.t ....................... ok
t/02works_taint.t ............ ok
t/Legacy/cmp_ok.t .............................. ok
t/03diffname.t ............... ok
t/04acmedir.t ................ ok
t/Legacy/depth.t ............................... ok
t/04acmedir_single.t ......... ok
t/04acmepath.t ............... ok
t/Legacy/diag.t ................................ ok
t/Legacy/died.t ................................ ok
t/04acmepath_single.t ........ ok
t/Legacy/dont_overwrite_die_handler.t .......... ok
t/Legacy/eq_set.t .............................. ok
t/05postpath.t ............... ok
t/06multipath.t .............. ok
t/07instantiate.t ............ ok
t/08nothing.t ................ ok
t/09require.t ................ ok
t/06-stdout-closed.t ....... ok
t/10innerpack.t .............. ok
t/10innerpack_inner.t ........ ok
t/10innerpack_noinner.t ...... ok
t/10innerpack_onefile.t ...... ok
t/10innerpack_override.t ..... ok
t/10innerpack_super.t ........ ok
t/11usetwice.t ............... ok
t/12only.t ................... ok
t/12onlyarray.t .............. ok
t/12onlyregex.t .............. ok
t/12onlyrequire.t ............ ok
t/13except.t ................. ok
t/13exceptarray.t ............ ok
t/13exceptregex.t ............ ok
t/14package.t ................ ok
t/15topicsafe.t .............. ok
t/16different_extension.t .... ok
t/17devel_inner_package.t .... ok
t/18skipped_package.t ........ ok
t/19can_ok_clobber.t ......... ok
t/20dodgy_files.t ............ ok
t/21editor_junk.t ............ ok
t/22trigger.t ................ ok
t/23depth.t .................. ok
t/24local_inc_object.t ....... ok
t/24local_inc_package.t ...... ok
t/25single_letter_package.t .. ok
t/26inc_hook.t ............... ok
t/27app_fatpacker.t .......... File /build/9YoxobSJD8/fatlib/Module/Pluggable/Object.pm.orig isn't a .pm file - can't pack this -- if you hoped we were going to, things may not be what you expected later
t/Legacy/exit.t ................................ ok
t/27app_fatpacker.t .......... ok
All tests successful.
Files=43, Tests=182,  8 wallclock secs ( 0.17 usr  0.04 sys +  4.93 cusr  0.85 csys =  5.99 CPU)
Result: PASS
installing
install flags: SHELL=/nix/store/9fqwwd4iybmhjqyxiaxycknslw6bgwh1-bash-4.4-p23/bin/bash pkgconfigdir=/nix/store/llb07ll37x35q0an3162ra5ya5qdqkaj-perl5.32.0-Module-Pluggable-5.2/lib/pkgconfig m4datadir=/nix/store/llb07ll37x35q0an3162ra5ya5qdqkaj-perl5.32.0-Module-Pluggable-5.2/share/aclocal aclocaldir=/nix/store/llb07ll37x35q0an3162ra5ya5qdqkaj-perl5.32.0-Module-Pluggable-5.2/share/aclocal install
t/Legacy/explain.t ............................. ok
Manifying 3 pod documents
t/Legacy/explain_err_vars.t .................... ok
Installing /nix/store/llb07ll37x35q0an3162ra5ya5qdqkaj-perl5.32.0-Module-Pluggable-5.2/lib/perl5/site_perl/5.32.0/Devel/InnerPackage.pm
Installing /nix/store/llb07ll37x35q0an3162ra5ya5qdqkaj-perl5.32.0-Module-Pluggable-5.2/lib/perl5/site_perl/5.32.0/Module/Pluggable.pm
Installing /nix/store/llb07ll37x35q0an3162ra5ya5qdqkaj-perl5.32.0-Module-Pluggable-5.2/lib/perl5/site_perl/5.32.0/Module/Pluggable/Object.pm
Installing /nix/store/llb07ll37x35q0an3162ra5ya5qdqkaj-perl5.32.0-Module-Pluggable-5.2/lib/perl5/site_perl/5.32.0/Module/Pluggable/Object.pm.orig
Installing /nix/store/llb07ll37x35q0an3162ra5ya5qdqkaj-perl5.32.0-Module-Pluggable-5.2/share/man/man3/Module::Pluggable.3
Installing /nix/store/llb07ll37x35q0an3162ra5ya5qdqkaj-perl5.32.0-Module-Pluggable-5.2/share/man/man3/Devel::InnerPackage.3
Installing /nix/store/llb07ll37x35q0an3162ra5ya5qdqkaj-perl5.32.0-Module-Pluggable-5.2/share/man/man3/Module::Pluggable::Object.3
Appending installation info to /nix/store/llb07ll37x35q0an3162ra5ya5qdqkaj-perl5.32.0-Module-Pluggable-5.2/lib/perl5/5.32.0/x86_64-linux-thread-multi/perllocal.pod
post-installation fixup
Moving /nix/store/llb07ll37x35q0an3162ra5ya5qdqkaj-perl5.32.0-Module-Pluggable-5.2/share/man/man3 to /nix/store/062n8zw5ankdwrazxg4kjz3z2h3pg5ds-perl5.32.0-Module-Pluggable-5.2-devdoc/share/man/man3
t/Legacy/extra.t ............................... ok
Removing empty /nix/store/llb07ll37x35q0an3162ra5ya5qdqkaj-perl5.32.0-Module-Pluggable-5.2/share/man/ and (possibly) its parents
shrinking RPATHs of ELF executables and libraries in /nix/store/llb07ll37x35q0an3162ra5ya5qdqkaj-perl5.32.0-Module-Pluggable-5.2
strip is /nix/store/psyzbhp4p088sb9qcs378hfbslcalasl-binutils-2.31.1/bin/strip
stripping (with command strip and flags -S) in /nix/store/llb07ll37x35q0an3162ra5ya5qdqkaj-perl5.32.0-Module-Pluggable-5.2/lib
patching script interpreter paths in /nix/store/llb07ll37x35q0an3162ra5ya5qdqkaj-perl5.32.0-Module-Pluggable-5.2
checking for references to /build/ in /nix/store/llb07ll37x35q0an3162ra5ya5qdqkaj-perl5.32.0-Module-Pluggable-5.2...
shrinking RPATHs of ELF executables and libraries in /nix/store/062n8zw5ankdwrazxg4kjz3z2h3pg5ds-perl5.32.0-Module-Pluggable-5.2-devdoc
t/Legacy/extra_one.t ........................... ok
gzipping man pages under /nix/store/062n8zw5ankdwrazxg4kjz3z2h3pg5ds-perl5.32.0-Module-Pluggable-5.2-devdoc/share/man/
strip is /nix/store/psyzbhp4p088sb9qcs378hfbslcalasl-binutils-2.31.1/bin/strip
patching script interpreter paths in /nix/store/062n8zw5ankdwrazxg4kjz3z2h3pg5ds-perl5.32.0-Module-Pluggable-5.2-devdoc
checking for references to /build/ in /nix/store/062n8zw5ankdwrazxg4kjz3z2h3pg5ds-perl5.32.0-Module-Pluggable-5.2-devdoc...
t/Legacy/fail-like.t ........................... ok
t/Legacy/fail-more.t ........................... ok
t/07-stderr-closed.t ....... ok
t/Legacy/fail.t ................................ ok
t/Legacy/fail_one.t ............................ ok
t/Legacy/filehandles.t ......................... ok
t/Legacy/fork.t ................................ ok
t/Legacy/harness_active.t ...................... ok
t/Legacy/import.t .............................. ok
t/Legacy/is_deeply_dne_bug.t ................... ok
t/Legacy/is_deeply_fail.t ...................... ok
t/Legacy/is_deeply_with_threads.t .............. skipped: many perls have broken threads.  Enable with AUTHOR_TESTING.
t/Legacy/missing.t ............................. ok
t/Legacy/More.t ................................ ok
t/Legacy/new_ok.t .............................. ok
t/Legacy/no_log_results.t ...................... ok
t/Legacy/no_plan.t ............................. ok
t/Legacy/no_tests.t ............................ ok
t/02-iterfiles-FLISTaa.t .. ok
t/Legacy/note.t ................................ ok
t/Legacy/overload.t ............................ ok
t/Legacy/overload_threads.t .................... ok
t/Legacy/plan.t ................................ ok
t/02-iterfiles-FLISTad.t .. ok
t/Legacy/plan_bad.t ............................ ok
t/Legacy/plan_is_noplan.t ...................... ok
t/Legacy/plan_no_plan.t ........................ ok
t/Legacy/plan_shouldnt_import.t ................ ok
t/Legacy/plan_skip_all.t ....................... skipped: Just testing plan & skip_all
t/Legacy/Regression/637.t ...................... skipped: many perls have broken threads.  Enable with AUTHOR_TESTING.
t/02-iterfiles-FLISTae.t .. ok
t/Legacy/Regression/683_thread_todo.t .......... ok
t/02-iterfiles-FLISTah.t .. ok
t/Legacy/Regression/6_cmp_ok.t ................. ok
t/02-iterfiles-FLISTag.t .. ok
t/Legacy/Regression/736_use_ok.t ............... ok
t/Legacy/Regression/789-read-only.t ............ skipped: AUTHOR_TESTING not enabled
t/02-iterfiles-FLISTab.t .. ok
t/Legacy/require_ok.t .......................... ok
t/dep_no_inherit_vars.t ... ok
t/Legacy/run_test.t ............................ ok
t/02-iterfiles-FLISTac.t .. ok
t/env.t ................... ok
t/Legacy/simple.t .............................. ok
t/gh36.t .................. skipped: Test requires Capture::Tiny
t/file_path.t ............. ok
t/Legacy/Simple/load.t ......................... ok
t/perl_version.t .......... skipped: test requires Test::MinimumVersion
t/Legacy/skip.t ................................ ok
t/par_packer.t ............ skipped: Test only for MSWin32
t/pcfiledir.t ............. ok
t/Legacy/skipall.t ............................. ok
t/Legacy/strays.t .............................. skipped: not completed
t/Legacy/subtest/args.t ........................ ok
t/quote.t ................. ok
t/strawberry.t ............ skipped: Test only for MSWin32
t/version_class.t ......... ok
t/Legacy/subtest/bail_out.t .................... ok
t/Legacy/subtest/basic.t ....................... ok
t/02-iterfiles-FLISTal.t .. ok
t/Legacy/subtest/callback.t .................... ok
t/02-iterfiles-FLISTaf.t .. ok
t/Legacy/subtest/die.t ......................... ok
t/Legacy/subtest/do.t .......................... ok
t/Legacy/subtest/events.t ...................... ok
t/Legacy/subtest/fork.t ........................ ok
t/08-stdin-closed.t ........ ok
t/Legacy/subtest/implicit_done.t ............... ok
t/09-preserve-exit-code.t .. ok
t/Legacy/subtest/line_numbers.t ................ ok
t/Legacy/subtest/plan.t ........................ ok
t/Legacy/subtest/predicate.t ................... ok
t/Legacy/subtest/singleton.t ................... ok
t/Legacy/subtest/threads.t ..................... ok
t/Legacy/subtest/todo.t ........................ ok
t/Legacy/subtest/wstat.t ....................... ok
t/Legacy/tbm_doesnt_set_exported_to.t .......... ok
t/Legacy/Test2/Subtest.t ....................... ok
t/Legacy/Tester/tbt_01basic.t .................. ok
t/Legacy/Tester/tbt_02fhrestore.t .............. ok
t/Legacy/Tester/tbt_03die.t .................... ok
t/Legacy/Tester/tbt_04line_num.t ............... ok
t/Legacy/Tester/tbt_05faildiag.t ............... ok
t/Legacy/Tester/tbt_06errormess.t .............. ok
t/Legacy/Tester/tbt_07args.t ................... ok
t/Legacy/Tester/tbt_08subtest.t ................ ok
t/Legacy/Tester/tbt_09do.t ..................... ok
t/Legacy/thread_taint.t ........................ ok
t/Legacy/threads.t ............................. ok
t/Legacy/todo.t ................................ ok
t/10-stdout-string.t ....... ok
t/Legacy/undef.t ............................... ok
t/Legacy/use_ok.t .............................. ok
t/Legacy/useing.t .............................. ok
t/Legacy/utf8.t ................................ ok
t/Legacy/versions.t ............................ ok
t/Legacy_And_Test2/builder_loaded_late.t ....... ok
t/Legacy_And_Test2/diag_event_on_ok.t .......... ok
t/Legacy_And_Test2/hidden_warnings.t ........... ok
t/Legacy_And_Test2/preload_diag_note.t ......... ok
t/Legacy_And_Test2/thread_init_warning.t ....... ok
t/regression/642_persistent_end.t .............. ok
t/regression/662-tbt-no-plan.t ................. ok
t/regression/684-nested_todo_diag.t ............ ok
t/regression/694_note_diag_return_values.t ..... ok
t/regression/696-intercept_skip_all.t .......... ok
t/regression/721-nested-streamed-subtest.t ..... ok
t/regression/757-reset_in_subtest.t ............ ok
t/regression/812-todo.t ........................ ok
t/regression/817-subtest-todo.t ................ ok
t/regression/buffered_subtest_plan_buffered.t .. ok
t/regression/builder_does_not_init.t ........... ok
t/regression/errors_facet.t .................... ok
t/regression/fork_first.t ...................... ok
t/regression/inherit_trace.t ................... ok
t/regression/no_name_in_subtest.t .............. ok
t/regression/todo_and_facets.t ................. ok
t/Test2/acceptance/try_it_done_testing.t ....... ok
t/Test2/acceptance/try_it_fork.t ............... ok
t/11-stderr-string.t ....... ok
t/Test2/acceptance/try_it_no_plan.t ............ ok
t/Test2/acceptance/try_it_plan.t ............... ok
t/Test2/acceptance/try_it_skip.t ............... skipped: testing skip all
t/Test2/acceptance/try_it_threads.t ............ ok
t/Test2/acceptance/try_it_todo.t ............... ok
t/Test2/behavior/disable_ipc_a.t ............... ok
t/Test2/behavior/disable_ipc_b.t ............... ok
t/Test2/behavior/disable_ipc_c.t ............... ok
t/Test2/behavior/disable_ipc_d.t ............... ok
t/Test2/behavior/err_var.t ..................... ok
t/Test2/behavior/Formatter.t ................... ok
t/Test2/behavior/init_croak.t .................. ok
t/Test2/behavior/intercept.t ................... ok
t/12-stdin-string.t ........ ok
t/02-iterfiles-FLISTai.t .. ok
t/13-stdout-tied.t ......... ok
t/Test2/behavior/ipc_wait_timeout.t ............ ok
t/Test2/behavior/nested_context_exception.t .... ok
t/02-iterfiles-FLISTak.t .. ok
t/Test2/behavior/no_load_api.t ................. ok
t/Test2/behavior/run_subtest_inherit.t ......... ok
t/Test2/behavior/special_names.t ............... ok
t/Test2/behavior/subtest_bailout.t ............. ok
t/Test2/behavior/Subtest_buffer_formatter.t .... ok
t/Test2/behavior/Subtest_callback.t ............ ok
t/Test2/behavior/Subtest_events.t .............. ok
t/Test2/behavior/Subtest_plan.t ................ ok
t/Test2/behavior/Subtest_todo.t ................ ok
t/Test2/behavior/Taint.t ....................... ok
t/02-iterfiles-FLISTaj.t .. ok
All tests successful.
Files=24, Tests=1575, 35 wallclock secs ( 0.39 usr  0.06 sys + 141.11 cusr 18.35 csys = 159.91 CPU)
Result: PASS
installing
install flags: SHELL=/nix/store/9fqwwd4iybmhjqyxiaxycknslw6bgwh1-bash-4.4-p23/bin/bash pkgconfigdir=/nix/store/qdngwv8fbzgym6kmnh2a7q8lm8jw51h0-perl5.32.0-PkgConfig-0.23026/lib/pkgconfig m4datadir=/nix/store/qdngwv8fbzgym6kmnh2a7q8lm8jw51h0-perl5.32.0-PkgConfig-0.23026/share/aclocal aclocaldir=/nix/store/qdngwv8fbzgym6kmnh2a7q8lm8jw51h0-perl5.32.0-PkgConfig-0.23026/share/aclocal install
t/Test2/behavior/trace_signature.t ............. ok
Manifying 2 pod documents
t/Test2/behavior/uuid.t ........................ ok
Manifying 1 pod document
t/Test2/legacy/TAP.t ........................... ok
Installing /nix/store/qdngwv8fbzgym6kmnh2a7q8lm8jw51h0-perl5.32.0-PkgConfig-0.23026/lib/perl5/site_perl/5.32.0/PkgConfig.pm
Installing /nix/store/qdngwv8fbzgym6kmnh2a7q8lm8jw51h0-perl5.32.0-PkgConfig-0.23026/share/man/man1/pkg-config.pl.1
Installing /nix/store/qdngwv8fbzgym6kmnh2a7q8lm8jw51h0-perl5.32.0-PkgConfig-0.23026/share/man/man1/ppkg-config.1
Installing /nix/store/qdngwv8fbzgym6kmnh2a7q8lm8jw51h0-perl5.32.0-PkgConfig-0.23026/share/man/man3/PkgConfig.3
Installing /nix/store/qdngwv8fbzgym6kmnh2a7q8lm8jw51h0-perl5.32.0-PkgConfig-0.23026/bin/ppkg-config
Installing /nix/store/qdngwv8fbzgym6kmnh2a7q8lm8jw51h0-perl5.32.0-PkgConfig-0.23026/bin/pkg-config.pl
Appending installation info to /nix/store/qdngwv8fbzgym6kmnh2a7q8lm8jw51h0-perl5.32.0-PkgConfig-0.23026/lib/perl5/5.32.0/x86_64-linux-thread-multi/perllocal.pod
t/Test2/modules/API.t .......................... ok
post-installation fixup
Moving /nix/store/qdngwv8fbzgym6kmnh2a7q8lm8jw51h0-perl5.32.0-PkgConfig-0.23026/share/man/man3 to /nix/store/06xdz8iqw03pdqzqpk27g8m79hcgrqiy-perl5.32.0-PkgConfig-0.23026-devdoc/share/man/man3
rmdir: failed to remove '/nix/store/qdngwv8fbzgym6kmnh2a7q8lm8jw51h0-perl5.32.0-PkgConfig-0.23026/share/man': Directory not empty
shrinking RPATHs of ELF executables and libraries in /nix/store/qdngwv8fbzgym6kmnh2a7q8lm8jw51h0-perl5.32.0-PkgConfig-0.23026
gzipping man pages under /nix/store/qdngwv8fbzgym6kmnh2a7q8lm8jw51h0-perl5.32.0-PkgConfig-0.23026/share/man/
strip is /nix/store/psyzbhp4p088sb9qcs378hfbslcalasl-binutils-2.31.1/bin/strip
stripping (with command strip and flags -S) in /nix/store/qdngwv8fbzgym6kmnh2a7q8lm8jw51h0-perl5.32.0-PkgConfig-0.23026/lib  /nix/store/qdngwv8fbzgym6kmnh2a7q8lm8jw51h0-perl5.32.0-PkgConfig-0.23026/bin
patching script interpreter paths in /nix/store/qdngwv8fbzgym6kmnh2a7q8lm8jw51h0-perl5.32.0-PkgConfig-0.23026
/nix/store/qdngwv8fbzgym6kmnh2a7q8lm8jw51h0-perl5.32.0-PkgConfig-0.23026/lib/perl5/site_perl/5.32.0/PkgConfig.pm: interpreter directive changed from "/usr/bin/perl -I/nix/store/7c044di03qa7qgr5kjjc2d787aspzp0m-perl-5.32.0/lib/perl5/site_perl -I/nix/store/7c044di03qa7qgr5kjjc2d787aspzp0m-perl-5.32.0/lib/perl5/site_perl -I/nix/store/7c044di03qa7qgr5kjjc2d787aspzp0m-perl-5.32.0/lib/perl5/site_perl -I/nix/store/7c044di03qa7qgr5kjjc2d787aspzp0m-perl-5.32.0/lib/perl5/site_perl -I/nix/store/7c044di03qa7qgr5kjjc2d787aspzp0m-perl-5.32.0/lib/perl5/site_perl -I/nix/store/qdngwv8fbzgym6kmnh2a7q8lm8jw51h0-perl5.32.0-PkgConfig-0.23026/lib/perl5/site_perl" to "/nix/store/7c044di03qa7qgr5kjjc2d787aspzp0m-perl-5.32.0/bin/perl -I/nix/store/7c044di03qa7qgr5kjjc2d787aspzp0m-perl-5.32.0/lib/perl5/site_perl -I/nix/store/7c044di03qa7qgr5kjjc2d787aspzp0m-perl-5.32.0/lib/perl5/site_perl -I/nix/store/7c044di03qa7qgr5kjjc2d787aspzp0m-perl-5.32.0/lib/perl5/site_perl -I/nix/store/7c044di03qa7qgr5kjjc2d787aspzp0m-perl-5.32.0/lib/perl5/site_perl -I/nix/store/7c044di03qa7qgr5kjjc2d787aspzp0m-perl-5.32.0/lib/perl5/site_perl -I/nix/store/qdngwv8fbzgym6kmnh2a7q8lm8jw51h0-perl5.32.0-PkgConfig-0.23026/lib/perl5/site_perl"
checking for references to /build/ in /nix/store/qdngwv8fbzgym6kmnh2a7q8lm8jw51h0-perl5.32.0-PkgConfig-0.23026...
shrinking RPATHs of ELF executables and libraries in /nix/store/06xdz8iqw03pdqzqpk27g8m79hcgrqiy-perl5.32.0-PkgConfig-0.23026-devdoc
gzipping man pages under /nix/store/06xdz8iqw03pdqzqpk27g8m79hcgrqiy-perl5.32.0-PkgConfig-0.23026-devdoc/share/man/
strip is /nix/store/psyzbhp4p088sb9qcs378hfbslcalasl-binutils-2.31.1/bin/strip
patching script interpreter paths in /nix/store/06xdz8iqw03pdqzqpk27g8m79hcgrqiy-perl5.32.0-PkgConfig-0.23026-devdoc
checking for references to /build/ in /nix/store/06xdz8iqw03pdqzqpk27g8m79hcgrqiy-perl5.32.0-PkgConfig-0.23026-devdoc...
t/Test2/modules/API/Breakage.t ................. ok
t/Test2/modules/API/Context.t .................. ok
t/14-stderr-tied.t ......... ok
t/15-stdin-tied.t .......... ok
t/16-catch-errors.t ........ ok
t/17-pass-results.t ........ ok
t/18-custom-capture.t ...... ok
t/19-relayering.t .......... ok
t/Test2/modules/API/Instance.t ................. ok
t/Test2/modules/API/Stack.t .................... ok
t/Test2/modules/Event.t ........................ ok
t/Test2/modules/Event/Bail.t ................... ok
t/Test2/modules/Event/Diag.t ................... ok
t/Test2/modules/Event/Encoding.t ............... ok
t/Test2/modules/Event/Exception.t .............. ok
t/Test2/modules/Event/Fail.t ................... ok
t/Test2/modules/Event/Generic.t ................ ok
t/Test2/modules/Event/Note.t ................... ok
t/Test2/modules/Event/Ok.t ..................... ok
t/Test2/modules/Event/Pass.t ................... ok
t/Test2/modules/Event/Plan.t ................... ok
t/Test2/modules/Event/Skip.t ................... ok
t/Test2/modules/Event/Subtest.t ................ ok
t/Test2/modules/Event/TAP/Version.t ............ ok
t/Test2/modules/Event/V2.t ..................... ok
t/20-stdout-badtie.t ....... ok
t/Test2/modules/Event/Waiting.t ................ ok
t/Test2/modules/EventFacet.t ................... ok
t/Test2/modules/EventFacet/About.t ............. ok
t/Test2/modules/EventFacet/Amnesty.t ........... ok
t/Test2/modules/EventFacet/Assert.t ............ ok
t/Test2/modules/EventFacet/Control.t ........... ok
t/Test2/modules/EventFacet/Error.t ............. ok
t/Test2/modules/EventFacet/Info.t .............. ok
t/Test2/modules/EventFacet/Meta.t .............. ok
t/Test2/modules/EventFacet/Parent.t ............ ok
t/Test2/modules/EventFacet/Plan.t .............. ok
t/Test2/modules/EventFacet/Trace.t ............. ok
t/Test2/modules/Formatter/TAP.t ................ ok
t/Test2/modules/Hub.t .......................... ok
t/Test2/modules/Hub/Interceptor.t .............. ok
t/Test2/modules/Hub/Interceptor/Terminator.t ... ok
t/Test2/modules/Hub/Subtest.t .................. ok
t/21-stderr-badtie.t ....... ok
t/Test2/modules/IPC.t .......................... ok
t/Test2/modules/IPC/Driver.t ................... ok
t/Test2/modules/IPC/Driver/Files.t ............. ok
t/Test2/modules/Tools/Tiny.t ................... ok
t/Test2/modules/Util.t ......................... ok
t/Test2/modules/Util/ExternalMeta.t ............ ok
t/Test2/modules/Util/Facets2Legacy.t ........... ok
t/Test2/modules/Util/Trace.t ................... ok
t/Test2/regression/693_ipc_ordering.t .......... ok
t/Test2/regression/746-forking-subtest.t ....... ok
t/Test2/regression/gh_16.t ..................... skipped: Crazy test, only run on 5.20+, or when AUTHOR_TESTING is set
t/Test2/regression/ipc_files_abort_exit.t ...... skipped: Set AUTHOR_TESTING to run this test
t/zzz-check-breaks.t ........................... ok
All tests successful.
Files=230, Tests=2632, 40 wallclock secs ( 0.87 usr  0.27 sys + 20.53 cusr  3.21 csys = 24.88 CPU)
Result: PASS
installing
install flags: SHELL=/nix/store/9fqwwd4iybmhjqyxiaxycknslw6bgwh1-bash-4.4-p23/bin/bash pkgconfigdir=/nix/store/k8dm0yp2n1mz7vl9dc51fsssrsiv794s-perl5.32.0-Test-Simple-1.302175/lib/pkgconfig m4datadir=/nix/store/k8dm0yp2n1mz7vl9dc51fsssrsiv794s-perl5.32.0-Test-Simple-1.302175/share/aclocal aclocaldir=/nix/store/k8dm0yp2n1mz7vl9dc51fsssrsiv794s-perl5.32.0-Test-Simple-1.302175/share/aclocal install
Manifying 37 pod documents
Manifying 30 pod documents
t/22-stdin-badtie.t ........ ok
Installing /nix/store/k8dm0yp2n1mz7vl9dc51fsssrsiv794s-perl5.32.0-Test-Simple-1.302175/lib/perl5/site_perl/5.32.0/Test2.pm
Installing /nix/store/k8dm0yp2n1mz7vl9dc51fsssrsiv794s-perl5.32.0-Test-Simple-1.302175/lib/perl5/site_perl/5.32.0/ok.pm
Installing /nix/store/k8dm0yp2n1mz7vl9dc51fsssrsiv794s-perl5.32.0-Test-Simple-1.302175/lib/perl5/site_perl/5.32.0/Test/Tester.pm
Installing /nix/store/k8dm0yp2n1mz7vl9dc51fsssrsiv794s-perl5.32.0-Test-Simple-1.302175/lib/perl5/site_perl/5.32.0/Test/Tutorial.pod
Installing /nix/store/k8dm0yp2n1mz7vl9dc51fsssrsiv794s-perl5.32.0-Test-Simple-1.302175/lib/perl5/site_perl/5.32.0/Test/Simple.pm
Installing /nix/store/k8dm0yp2n1mz7vl9dc51fsssrsiv794s-perl5.32.0-Test-Simple-1.302175/lib/perl5/site_perl/5.32.0/Test/More.pm
Installing /nix/store/k8dm0yp2n1mz7vl9dc51fsssrsiv794s-perl5.32.0-Test-Simple-1.302175/lib/perl5/site_perl/5.32.0/Test/Builder.pm
Installing /nix/store/k8dm0yp2n1mz7vl9dc51fsssrsiv794s-perl5.32.0-Test-Simple-1.302175/lib/perl5/site_perl/5.32.0/Test/Tester/CaptureRunner.pm
Installing /nix/store/k8dm0yp2n1mz7vl9dc51fsssrsiv794s-perl5.32.0-Test-Simple-1.302175/lib/perl5/site_perl/5.32.0/Test/Tester/Capture.pm
Installing /nix/store/k8dm0yp2n1mz7vl9dc51fsssrsiv794s-perl5.32.0-Test-Simple-1.302175/lib/perl5/site_perl/5.32.0/Test/Tester/Delegate.pm
Installing /nix/store/k8dm0yp2n1mz7vl9dc51fsssrsiv794s-perl5.32.0-Test-Simple-1.302175/lib/perl5/site_perl/5.32.0/Test/Builder/Tester.pm
Installing /nix/store/k8dm0yp2n1mz7vl9dc51fsssrsiv794s-perl5.32.0-Test-Simple-1.302175/lib/perl5/site_perl/5.32.0/Test/Builder/Formatter.pm
Installing /nix/store/k8dm0yp2n1mz7vl9dc51fsssrsiv794s-perl5.32.0-Test-Simple-1.302175/lib/perl5/site_perl/5.32.0/Test/Builder/Module.pm
Installing /nix/store/k8dm0yp2n1mz7vl9dc51fsssrsiv794s-perl5.32.0-Test-Simple-1.302175/lib/perl5/site_perl/5.32.0/Test/Builder/TodoDiag.pm
Installing /nix/store/k8dm0yp2n1mz7vl9dc51fsssrsiv794s-perl5.32.0-Test-Simple-1.302175/lib/perl5/site_perl/5.32.0/Test/Builder/IO/Scalar.pm
Installing /nix/store/k8dm0yp2n1mz7vl9dc51fsssrsiv794s-perl5.32.0-Test-Simple-1.302175/lib/perl5/site_perl/5.32.0/Test/Builder/Tester/Color.pm
Installing /nix/store/k8dm0yp2n1mz7vl9dc51fsssrsiv794s-perl5.32.0-Test-Simple-1.302175/lib/perl5/site_perl/5.32.0/Test/use/ok.pm
Installing /nix/store/k8dm0yp2n1mz7vl9dc51fsssrsiv794s-perl5.32.0-Test-Simple-1.302175/lib/perl5/site_perl/5.32.0/Test2/EventFacet.pm
Installing /nix/store/k8dm0yp2n1mz7vl9dc51fsssrsiv794s-perl5.32.0-Test-Simple-1.302175/lib/perl5/site_perl/5.32.0/Test2/IPC.pm
Installing /nix/store/k8dm0yp2n1mz7vl9dc51fsssrsiv794s-perl5.32.0-Test-Simple-1.302175/lib/perl5/site_perl/5.32.0/Test2/Util.pm
Installing /nix/store/k8dm0yp2n1mz7vl9dc51fsssrsiv794s-perl5.32.0-Test-Simple-1.302175/lib/perl5/site_perl/5.32.0/Test2/API.pm
Installing /nix/store/k8dm0yp2n1mz7vl9dc51fsssrsiv794s-perl5.32.0-Test-Simple-1.302175/lib/perl5/site_perl/5.32.0/Test2/Transition.pod
Installing /nix/store/k8dm0yp2n1mz7vl9dc51fsssrsiv794s-perl5.32.0-Test-Simple-1.302175/lib/perl5/site_perl/5.32.0/Test2/Hub.pm
Installing /nix/store/k8dm0yp2n1mz7vl9dc51fsssrsiv794s-perl5.32.0-Test-Simple-1.302175/lib/perl5/site_perl/5.32.0/Test2/Formatter.pm
Installing /nix/store/k8dm0yp2n1mz7vl9dc51fsssrsiv794s-perl5.32.0-Test-Simple-1.302175/lib/perl5/site_perl/5.32.0/Test2/Event.pm
Installing /nix/store/k8dm0yp2n1mz7vl9dc51fsssrsiv794s-perl5.32.0-Test-Simple-1.302175/lib/perl5/site_perl/5.32.0/Test2/Hub/Interceptor.pm
Installing /nix/store/k8dm0yp2n1mz7vl9dc51fsssrsiv794s-perl5.32.0-Test-Simple-1.302175/lib/perl5/site_perl/5.32.0/Test2/Hub/Subtest.pm
Installing /nix/store/k8dm0yp2n1mz7vl9dc51fsssrsiv794s-perl5.32.0-Test-Simple-1.302175/lib/perl5/site_perl/5.32.0/Test2/Hub/Interceptor/Terminator.pm
Installing /nix/store/k8dm0yp2n1mz7vl9dc51fsssrsiv794s-perl5.32.0-Test-Simple-1.302175/lib/perl5/site_perl/5.32.0/Test2/API/Instance.pm
Installing /nix/store/k8dm0yp2n1mz7vl9dc51fsssrsiv794s-perl5.32.0-Test-Simple-1.302175/lib/perl5/site_perl/5.32.0/Test2/API/Context.pm
Installing /nix/store/k8dm0yp2n1mz7vl9dc51fsssrsiv794s-perl5.32.0-Test-Simple-1.302175/lib/perl5/site_perl/5.32.0/Test2/API/Stack.pm
Installing /nix/store/k8dm0yp2n1mz7vl9dc51fsssrsiv794s-perl5.32.0-Test-Simple-1.302175/lib/perl5/site_perl/5.32.0/Test2/API/Breakage.pm
Installing /nix/store/k8dm0yp2n1mz7vl9dc51fsssrsiv794s-perl5.32.0-Test-Simple-1.302175/lib/perl5/site_perl/5.32.0/Test2/EventFacet/About.pm
Installing /nix/store/k8dm0yp2n1mz7vl9dc51fsssrsiv794s-perl5.32.0-Test-Simple-1.302175/lib/perl5/site_perl/5.32.0/Test2/EventFacet/Assert.pm
Installing /nix/store/k8dm0yp2n1mz7vl9dc51fsssrsiv794s-perl5.32.0-Test-Simple-1.302175/lib/perl5/site_perl/5.32.0/Test2/EventFacet/Meta.pm
Installing /nix/store/k8dm0yp2n1mz7vl9dc51fsssrsiv794s-perl5.32.0-Test-Simple-1.302175/lib/perl5/site_perl/5.32.0/Test2/EventFacet/Amnesty.pm
Installing /nix/store/k8dm0yp2n1mz7vl9dc51fsssrsiv794s-perl5.32.0-Test-Simple-1.302175/lib/perl5/site_perl/5.32.0/Test2/EventFacet/Hub.pm
Installing /nix/store/k8dm0yp2n1mz7vl9dc51fsssrsiv794s-perl5.32.0-Test-Simple-1.302175/lib/perl5/site_perl/5.32.0/Test2/EventFacet/Parent.pm
Installing /nix/store/k8dm0yp2n1mz7vl9dc51fsssrsiv794s-perl5.32.0-Test-Simple-1.302175/lib/perl5/site_perl/5.32.0/Test2/EventFacet/Render.pm
Installing /nix/store/k8dm0yp2n1mz7vl9dc51fsssrsiv794s-perl5.32.0-Test-Simple-1.302175/lib/perl5/site_perl/5.32.0/Test2/EventFacet/Plan.pm
Installing /nix/store/k8dm0yp2n1mz7vl9dc51fsssrsiv794s-perl5.32.0-Test-Simple-1.302175/lib/perl5/site_perl/5.32.0/Test2/EventFacet/Control.pm
Installing /nix/store/k8dm0yp2n1mz7vl9dc51fsssrsiv794s-perl5.32.0-Test-Simple-1.302175/lib/perl5/site_perl/5.32.0/Test2/EventFacet/Info.pm
Installing /nix/store/k8dm0yp2n1mz7vl9dc51fsssrsiv794s-perl5.32.0-Test-Simple-1.302175/lib/perl5/site_perl/5.32.0/Test2/EventFacet/Trace.pm
Installing /nix/store/k8dm0yp2n1mz7vl9dc51fsssrsiv794s-perl5.32.0-Test-Simple-1.302175/lib/perl5/site_perl/5.32.0/Test2/EventFacet/Error.pm
Installing /nix/store/k8dm0yp2n1mz7vl9dc51fsssrsiv794s-perl5.32.0-Test-Simple-1.302175/lib/perl5/site_perl/5.32.0/Test2/EventFacet/Info/Table.pm
Installing /nix/store/k8dm0yp2n1mz7vl9dc51fsssrsiv794s-perl5.32.0-Test-Simple-1.302175/lib/perl5/site_perl/5.32.0/Test2/Formatter/TAP.pm
Installing /nix/store/k8dm0yp2n1mz7vl9dc51fsssrsiv794s-perl5.32.0-Test-Simple-1.302175/lib/perl5/site_perl/5.32.0/Test2/IPC/Driver.pm
Installing /nix/store/k8dm0yp2n1mz7vl9dc51fsssrsiv794s-perl5.32.0-Test-Simple-1.302175/lib/perl5/site_perl/5.32.0/Test2/IPC/Driver/Files.pm
Installing /nix/store/k8dm0yp2n1mz7vl9dc51fsssrsiv794s-perl5.32.0-Test-Simple-1.302175/lib/perl5/site_perl/5.32.0/Test2/Util/ExternalMeta.pm
Installing /nix/store/k8dm0yp2n1mz7vl9dc51fsssrsiv794s-perl5.32.0-Test-Simple-1.302175/lib/perl5/site_perl/5.32.0/Test2/Util/Facets2Legacy.pm
Installing /nix/store/k8dm0yp2n1mz7vl9dc51fsssrsiv794s-perl5.32.0-Test-Simple-1.302175/lib/perl5/site_perl/5.32.0/Test2/Util/HashBase.pm
Installing /nix/store/k8dm0yp2n1mz7vl9dc51fsssrsiv794s-perl5.32.0-Test-Simple-1.302175/lib/perl5/site_perl/5.32.0/Test2/Util/Trace.pm
Installing /nix/store/k8dm0yp2n1mz7vl9dc51fsssrsiv794s-perl5.32.0-Test-Simple-1.302175/lib/perl5/site_perl/5.32.0/Test2/Event/Note.pm
Installing /nix/store/k8dm0yp2n1mz7vl9dc51fsssrsiv794s-perl5.32.0-Test-Simple-1.302175/lib/perl5/site_perl/5.32.0/Test2/Event/Exception.pm
Installing /nix/store/k8dm0yp2n1mz7vl9dc51fsssrsiv794s-perl5.32.0-Test-Simple-1.302175/lib/perl5/site_perl/5.32.0/Test2/Event/Generic.pm
Installing /nix/store/k8dm0yp2n1mz7vl9dc51fsssrsiv794s-perl5.32.0-Test-Simple-1.302175/lib/perl5/site_perl/5.32.0/Test2/Event/V2.pm
Installing /nix/store/k8dm0yp2n1mz7vl9dc51fsssrsiv794s-perl5.32.0-Test-Simple-1.302175/lib/perl5/site_perl/5.32.0/Test2/Event/Ok.pm
Installing /nix/store/k8dm0yp2n1mz7vl9dc51fsssrsiv794s-perl5.32.0-Test-Simple-1.302175/lib/perl5/site_perl/5.32.0/Test2/Event/Encoding.pm
Installing /nix/store/k8dm0yp2n1mz7vl9dc51fsssrsiv794s-perl5.32.0-Test-Simple-1.302175/lib/perl5/site_perl/5.32.0/Test2/Event/Plan.pm
Installing /nix/store/k8dm0yp2n1mz7vl9dc51fsssrsiv794s-perl5.32.0-Test-Simple-1.302175/lib/perl5/site_perl/5.32.0/Test2/Event/Subtest.pm
Installing /nix/store/k8dm0yp2n1mz7vl9dc51fsssrsiv794s-perl5.32.0-Test-Simple-1.302175/lib/perl5/site_perl/5.32.0/Test2/Event/Pass.pm
Installing /nix/store/k8dm0yp2n1mz7vl9dc51fsssrsiv794s-perl5.32.0-Test-Simple-1.302175/lib/perl5/site_perl/5.32.0/Test2/Event/Diag.pm
Installing /nix/store/k8dm0yp2n1mz7vl9dc51fsssrsiv794s-perl5.32.0-Test-Simple-1.302175/lib/perl5/site_perl/5.32.0/Test2/Event/Bail.pm
Installing /nix/store/k8dm0yp2n1mz7vl9dc51fsssrsiv794s-perl5.32.0-Test-Simple-1.302175/lib/perl5/site_perl/5.32.0/Test2/Event/Fail.pm
Installing /nix/store/k8dm0yp2n1mz7vl9dc51fsssrsiv794s-perl5.32.0-Test-Simple-1.302175/lib/perl5/site_perl/5.32.0/Test2/Event/Skip.pm
Installing /nix/store/k8dm0yp2n1mz7vl9dc51fsssrsiv794s-perl5.32.0-Test-Simple-1.302175/lib/perl5/site_perl/5.32.0/Test2/Event/Waiting.pm
Installing /nix/store/k8dm0yp2n1mz7vl9dc51fsssrsiv794s-perl5.32.0-Test-Simple-1.302175/lib/perl5/site_perl/5.32.0/Test2/Event/TAP/Version.pm
Installing /nix/store/k8dm0yp2n1mz7vl9dc51fsssrsiv794s-perl5.32.0-Test-Simple-1.302175/lib/perl5/site_perl/5.32.0/Test2/Tools/Tiny.pm
Installing /nix/store/k8dm0yp2n1mz7vl9dc51fsssrsiv794s-perl5.32.0-Test-Simple-1.302175/share/man/man3/Test2::EventFacet::Info.3
Installing /nix/store/k8dm0yp2n1mz7vl9dc51fsssrsiv794s-perl5.32.0-Test-Simple-1.302175/share/man/man3/Test2::Hub.3
Installing /nix/store/k8dm0yp2n1mz7vl9dc51fsssrsiv794s-perl5.32.0-Test-Simple-1.302175/share/man/man3/Test2::Event::Ok.3
Installing /nix/store/k8dm0yp2n1mz7vl9dc51fsssrsiv794s-perl5.32.0-Test-Simple-1.302175/share/man/man3/Test2::API::Instance.3
Installing /nix/store/k8dm0yp2n1mz7vl9dc51fsssrsiv794s-perl5.32.0-Test-Simple-1.302175/share/man/man3/Test2::EventFacet::Amnesty.3
Installing /nix/store/k8dm0yp2n1mz7vl9dc51fsssrsiv794s-perl5.32.0-Test-Simple-1.302175/share/man/man3/Test2::EventFacet::Trace.3
Installing /nix/store/k8dm0yp2n1mz7vl9dc51fsssrsiv794s-perl5.32.0-Test-Simple-1.302175/share/man/man3/Test2.3
Installing /nix/store/k8dm0yp2n1mz7vl9dc51fsssrsiv794s-perl5.32.0-Test-Simple-1.302175/share/man/man3/Test2::Tools::Tiny.3
Installing /nix/store/k8dm0yp2n1mz7vl9dc51fsssrsiv794s-perl5.32.0-Test-Simple-1.302175/share/man/man3/Test2::Event.3
Installing /nix/store/k8dm0yp2n1mz7vl9dc51fsssrsiv794s-perl5.32.0-Test-Simple-1.302175/share/man/man3/Test2::IPC.3
Installing /nix/store/k8dm0yp2n1mz7vl9dc51fsssrsiv794s-perl5.32.0-Test-Simple-1.302175/share/man/man3/Test2::Formatter::TAP.3
Installing /nix/store/k8dm0yp2n1mz7vl9dc51fsssrsiv794s-perl5.32.0-Test-Simple-1.302175/share/man/man3/Test::Tester.3
Installing /nix/store/k8dm0yp2n1mz7vl9dc51fsssrsiv794s-perl5.32.0-Test-Simple-1.302175/share/man/man3/Test2::Event::Pass.3
Installing /nix/store/k8dm0yp2n1mz7vl9dc51fsssrsiv794s-perl5.32.0-Test-Simple-1.302175/share/man/man3/Test::Builder::TodoDiag.3
Installing /nix/store/k8dm0yp2n1mz7vl9dc51fsssrsiv794s-perl5.32.0-Test-Simple-1.302175/share/man/man3/Test2::EventFacet::Meta.3
Installing /nix/store/k8dm0yp2n1mz7vl9dc51fsssrsiv794s-perl5.32.0-Test-Simple-1.302175/share/man/man3/Test2::Util::Trace.3
Installing /nix/store/k8dm0yp2n1mz7vl9dc51fsssrsiv794s-perl5.32.0-Test-Simple-1.302175/share/man/man3/Test::Builder.3
Installing /nix/store/k8dm0yp2n1mz7vl9dc51fsssrsiv794s-perl5.32.0-Test-Simple-1.302175/share/man/man3/Test::More.3
Installing /nix/store/k8dm0yp2n1mz7vl9dc51fsssrsiv794s-perl5.32.0-Test-Simple-1.302175/share/man/man3/Test2::Event::Plan.3
Installing /nix/store/k8dm0yp2n1mz7vl9dc51fsssrsiv794s-perl5.32.0-Test-Simple-1.302175/share/man/man3/Test::Builder::Tester::Color.3
Installing /nix/store/k8dm0yp2n1mz7vl9dc51fsssrsiv794s-perl5.32.0-Test-Simple-1.302175/share/man/man3/Test2::IPC::Driver.3
Installing /nix/store/k8dm0yp2n1mz7vl9dc51fsssrsiv794s-perl5.32.0-Test-Simple-1.302175/share/man/man3/Test2::Hub::Interceptor.3
Installing /nix/store/k8dm0yp2n1mz7vl9dc51fsssrsiv794s-perl5.32.0-Test-Simple-1.302175/share/man/man3/Test2::Util::HashBase.3
Installing /nix/store/k8dm0yp2n1mz7vl9dc51fsssrsiv794s-perl5.32.0-Test-Simple-1.302175/share/man/man3/ok.3
Installing /nix/store/k8dm0yp2n1mz7vl9dc51fsssrsiv794s-perl5.32.0-Test-Simple-1.302175/share/man/man3/Test::Tester::CaptureRunner.3
Installing /nix/store/k8dm0yp2n1mz7vl9dc51fsssrsiv794s-perl5.32.0-Test-Simple-1.302175/share/man/man3/Test::use::ok.3
Installing /nix/store/k8dm0yp2n1mz7vl9dc51fsssrsiv794s-perl5.32.0-Test-Simple-1.302175/share/man/man3/Test2::EventFacet::Info::Table.3
Installing /nix/store/k8dm0yp2n1mz7vl9dc51fsssrsiv794s-perl5.32.0-Test-Simple-1.302175/share/man/man3/Test2::Util::Facets2Legacy.3
Installing /nix/store/k8dm0yp2n1mz7vl9dc51fsssrsiv794s-perl5.32.0-Test-Simple-1.302175/share/man/man3/Test2::API::Stack.3
Installing /nix/store/k8dm0yp2n1mz7vl9dc51fsssrsiv794s-perl5.32.0-Test-Simple-1.302175/share/man/man3/Test2::Event::Encoding.3
Installing /nix/store/k8dm0yp2n1mz7vl9dc51fsssrsiv794s-perl5.32.0-Test-Simple-1.302175/share/man/man3/Test2::EventFacet::Plan.3
Installing /nix/store/k8dm0yp2n1mz7vl9dc51fsssrsiv794s-perl5.32.0-Test-Simple-1.302175/share/man/man3/Test2::Formatter.3
Installing /nix/store/k8dm0yp2n1mz7vl9dc51fsssrsiv794s-perl5.32.0-Test-Simple-1.302175/share/man/man3/Test2::Hub::Subtest.3
Installing /nix/store/k8dm0yp2n1mz7vl9dc51fsssrsiv794s-perl5.32.0-Test-Simple-1.302175/share/man/man3/Test2::Util::ExternalMeta.3
Installing /nix/store/k8dm0yp2n1mz7vl9dc51fsssrsiv794s-perl5.32.0-Test-Simple-1.302175/share/man/man3/Test2::EventFacet::Assert.3
Installing /nix/store/k8dm0yp2n1mz7vl9dc51fsssrsiv794s-perl5.32.0-Test-Simple-1.302175/share/man/man3/Test2::Event::Skip.3
Installing /nix/store/k8dm0yp2n1mz7vl9dc51fsssrsiv794s-perl5.32.0-Test-Simple-1.302175/share/man/man3/Test2::Event::Bail.3
Installing /nix/store/k8dm0yp2n1mz7vl9dc51fsssrsiv794s-perl5.32.0-Test-Simple-1.302175/share/man/man3/Test2::EventFacet::Render.3
Installing /nix/store/k8dm0yp2n1mz7vl9dc51fsssrsiv794s-perl5.32.0-Test-Simple-1.302175/share/man/man3/Test::Builder::IO::Scalar.3
Installing /nix/store/k8dm0yp2n1mz7vl9dc51fsssrsiv794s-perl5.32.0-Test-Simple-1.302175/share/man/man3/Test2::IPC::Driver::Files.3
Installing /nix/store/k8dm0yp2n1mz7vl9dc51fsssrsiv794s-perl5.32.0-Test-Simple-1.302175/share/man/man3/Test2::Event::Fail.3
Installing /nix/store/k8dm0yp2n1mz7vl9dc51fsssrsiv794s-perl5.32.0-Test-Simple-1.302175/share/man/man3/Test::Builder::Formatter.3
Installing /nix/store/k8dm0yp2n1mz7vl9dc51fsssrsiv794s-perl5.32.0-Test-Simple-1.302175/share/man/man3/Test2::API::Breakage.3
Installing /nix/store/k8dm0yp2n1mz7vl9dc51fsssrsiv794s-perl5.32.0-Test-Simple-1.302175/share/man/man3/Test2::Hub::Interceptor::Terminator.3
Installing /nix/store/k8dm0yp2n1mz7vl9dc51fsssrsiv794s-perl5.32.0-Test-Simple-1.302175/share/man/man3/Test2::Event::Exception.3
Installing /nix/store/k8dm0yp2n1mz7vl9dc51fsssrsiv794s-perl5.32.0-Test-Simple-1.302175/share/man/man3/Test2::Event::Note.3
Installing /nix/store/k8dm0yp2n1mz7vl9dc51fsssrsiv794s-perl5.32.0-Test-Simple-1.302175/share/man/man3/Test2::Event::Generic.3
Installing /nix/store/k8dm0yp2n1mz7vl9dc51fsssrsiv794s-perl5.32.0-Test-Simple-1.302175/share/man/man3/Test::Builder::Module.3
Installing /nix/store/k8dm0yp2n1mz7vl9dc51fsssrsiv794s-perl5.32.0-Test-Simple-1.302175/share/man/man3/Test2::API.3
Installing /nix/store/k8dm0yp2n1mz7vl9dc51fsssrsiv794s-perl5.32.0-Test-Simple-1.302175/share/man/man3/Test2::API::Context.3
Installing /nix/store/k8dm0yp2n1mz7vl9dc51fsssrsiv794s-perl5.32.0-Test-Simple-1.302175/share/man/man3/Test::Builder::Tester.3
Installing /nix/store/k8dm0yp2n1mz7vl9dc51fsssrsiv794s-perl5.32.0-Test-Simple-1.302175/share/man/man3/Test2::Event::Diag.3
Installing /nix/store/k8dm0yp2n1mz7vl9dc51fsssrsiv794s-perl5.32.0-Test-Simple-1.302175/share/man/man3/Test2::Event::Waiting.3
Installing /nix/store/k8dm0yp2n1mz7vl9dc51fsssrsiv794s-perl5.32.0-Test-Simple-1.302175/share/man/man3/Test2::Util.3
Installing /nix/store/k8dm0yp2n1mz7vl9dc51fsssrsiv794s-perl5.32.0-Test-Simple-1.302175/share/man/man3/Test2::EventFacet::Control.3
Installing /nix/store/k8dm0yp2n1mz7vl9dc51fsssrsiv794s-perl5.32.0-Test-Simple-1.302175/share/man/man3/Test::Simple.3
Installing /nix/store/k8dm0yp2n1mz7vl9dc51fsssrsiv794s-perl5.32.0-Test-Simple-1.302175/share/man/man3/Test2::EventFacet::Parent.3
Installing /nix/store/k8dm0yp2n1mz7vl9dc51fsssrsiv794s-perl5.32.0-Test-Simple-1.302175/share/man/man3/Test2::Transition.3
Installing /nix/store/k8dm0yp2n1mz7vl9dc51fsssrsiv794s-perl5.32.0-Test-Simple-1.302175/share/man/man3/Test2::EventFacet.3
Installing /nix/store/k8dm0yp2n1mz7vl9dc51fsssrsiv794s-perl5.32.0-Test-Simple-1.302175/share/man/man3/Test2::EventFacet::About.3
Installing /nix/store/k8dm0yp2n1mz7vl9dc51fsssrsiv794s-perl5.32.0-Test-Simple-1.302175/share/man/man3/Test2::Event::Subtest.3
Installing /nix/store/k8dm0yp2n1mz7vl9dc51fsssrsiv794s-perl5.32.0-Test-Simple-1.302175/share/man/man3/Test2::EventFacet::Hub.3
Installing /nix/store/k8dm0yp2n1mz7vl9dc51fsssrsiv794s-perl5.32.0-Test-Simple-1.302175/share/man/man3/Test::Tester::Capture.3
Installing /nix/store/k8dm0yp2n1mz7vl9dc51fsssrsiv794s-perl5.32.0-Test-Simple-1.302175/share/man/man3/Test2::Event::V2.3
Installing /nix/store/k8dm0yp2n1mz7vl9dc51fsssrsiv794s-perl5.32.0-Test-Simple-1.302175/share/man/man3/Test2::EventFacet::Error.3
Installing /nix/store/k8dm0yp2n1mz7vl9dc51fsssrsiv794s-perl5.32.0-Test-Simple-1.302175/share/man/man3/Test::Tutorial.3
Installing /nix/store/k8dm0yp2n1mz7vl9dc51fsssrsiv794s-perl5.32.0-Test-Simple-1.302175/share/man/man3/Test2::Event::TAP::Version.3
Appending installation info to /nix/store/k8dm0yp2n1mz7vl9dc51fsssrsiv794s-perl5.32.0-Test-Simple-1.302175/lib/perl5/5.32.0/x86_64-linux-thread-multi/perllocal.pod
post-installation fixup
Moving /nix/store/k8dm0yp2n1mz7vl9dc51fsssrsiv794s-perl5.32.0-Test-Simple-1.302175/share/man/man3 to /nix/store/0bifnqwp18lnl997kwjpnjyakz20hjma-perl5.32.0-Test-Simple-1.302175-devdoc/share/man/man3
Removing empty /nix/store/k8dm0yp2n1mz7vl9dc51fsssrsiv794s-perl5.32.0-Test-Simple-1.302175/share/man/ and (possibly) its parents
shrinking RPATHs of ELF executables and libraries in /nix/store/k8dm0yp2n1mz7vl9dc51fsssrsiv794s-perl5.32.0-Test-Simple-1.302175
strip is /nix/store/psyzbhp4p088sb9qcs378hfbslcalasl-binutils-2.31.1/bin/strip
stripping (with command strip and flags -S) in /nix/store/k8dm0yp2n1mz7vl9dc51fsssrsiv794s-perl5.32.0-Test-Simple-1.302175/lib
patching script interpreter paths in /nix/store/k8dm0yp2n1mz7vl9dc51fsssrsiv794s-perl5.32.0-Test-Simple-1.302175
checking for references to /build/ in /nix/store/k8dm0yp2n1mz7vl9dc51fsssrsiv794s-perl5.32.0-Test-Simple-1.302175...
shrinking RPATHs of ELF executables and libraries in /nix/store/0bifnqwp18lnl997kwjpnjyakz20hjma-perl5.32.0-Test-Simple-1.302175-devdoc
gzipping man pages under /nix/store/0bifnqwp18lnl997kwjpnjyakz20hjma-perl5.32.0-Test-Simple-1.302175-devdoc/share/man/
strip is /nix/store/psyzbhp4p088sb9qcs378hfbslcalasl-binutils-2.31.1/bin/strip
patching script interpreter paths in /nix/store/0bifnqwp18lnl997kwjpnjyakz20hjma-perl5.32.0-Test-Simple-1.302175-devdoc
checking for references to /build/ in /nix/store/0bifnqwp18lnl997kwjpnjyakz20hjma-perl5.32.0-Test-Simple-1.302175-devdoc...
building '/nix/store/5k66f819zmh0klkw1790255h3mqgj5rj-perl5.32.0-Test2-Suite-0.000130.drv'...
unpacking sources
unpacking source archive /nix/store/7czxfaa7ajg5jl1z0xb1fj02ic1gffql-Test2-Suite-0.000130.tar.gz
source root is Test2-Suite-0.000130
setting SOURCE_DATE_EPOCH to timestamp 1590862315 of file Test2-Suite-0.000130/t/regression/utf8-mock.t
patching sources
configuring
Checking if your kit is complete...
Looks good
Generating a Unix-style Makefile
Writing Makefile for Test2::Suite
Writing MYMETA.yml and MYMETA.json
no configure script, doing nothing
building
build flags: SHELL=/nix/store/9fqwwd4iybmhjqyxiaxycknslw6bgwh1-bash-4.4-p23/bin/bash
cp lib/Test2/Compare/Array.pm blib/lib/Test2/Compare/Array.pm
cp lib/Test2/Compare/Undef.pm blib/lib/Test2/Compare/Undef.pm
cp lib/Test2/Compare/Event.pm blib/lib/Test2/Compare/Event.pm
cp lib/Test2/Compare/Ref.pm blib/lib/Test2/Compare/Ref.pm
cp lib/Test2/Compare/Number.pm blib/lib/Test2/Compare/Number.pm
cp lib/Test2/Bundle/More.pm blib/lib/Test2/Bundle/More.pm
cp lib/Test2/Manual.pm blib/lib/Test2/Manual.pm
cp lib/Test2/Compare/Delta.pm blib/lib/Test2/Compare/Delta.pm
cp lib/Test2/AsyncSubtest.pm blib/lib/Test2/AsyncSubtest.pm
cp lib/Test2/Compare/Custom.pm blib/lib/Test2/Compare/Custom.pm
cp lib/Test2/Bundle.pm blib/lib/Test2/Bundle.pm
cp lib/Test2/Compare/Meta.pm blib/lib/Test2/Compare/Meta.pm
cp lib/Test2/Bundle/Extended.pm blib/lib/Test2/Bundle/Extended.pm
cp lib/Test2/Compare/String.pm blib/lib/Test2/Compare/String.pm
cp lib/Test2/AsyncSubtest/Event/Attach.pm blib/lib/Test2/AsyncSubtest/Event/Attach.pm
cp lib/Test2/Compare/Base.pm blib/lib/Test2/Compare/Base.pm
cp lib/Test2/AsyncSubtest/Formatter.pm blib/lib/Test2/AsyncSubtest/Formatter.pm
cp lib/Test2/Bundle/Simple.pm blib/lib/Test2/Bundle/Simple.pm
cp lib/Test2/Manual/Anatomy/API.pm blib/lib/Test2/Manual/Anatomy/API.pm
cp lib/Test2/AsyncSubtest/Hub.pm blib/lib/Test2/AsyncSubtest/Hub.pm
cp lib/Test2/Compare/Regex.pm blib/lib/Test2/Compare/Regex.pm
cp lib/Test2/Compare/Bag.pm blib/lib/Test2/Compare/Bag.pm
cp lib/Test2/Compare/Set.pm blib/lib/Test2/Compare/Set.pm
cp lib/Test2/Manual/Anatomy.pm blib/lib/Test2/Manual/Anatomy.pm
cp lib/Test2/Compare/EventMeta.pm blib/lib/Test2/Compare/EventMeta.pm
cp lib/Test2/Compare/Scalar.pm blib/lib/Test2/Compare/Scalar.pm
cp lib/Test2/Manual/Anatomy/EndToEnd.pm blib/lib/Test2/Manual/Anatomy/EndToEnd.pm
cp lib/Test2/Compare/Float.pm blib/lib/Test2/Compare/Float.pm
cp lib/Test2/Manual/Anatomy/Context.pm blib/lib/Test2/Manual/Anatomy/Context.pm
cp lib/Test2/Compare/Hash.pm blib/lib/Test2/Compare/Hash.pm
cp lib/Test2/Compare/Negatable.pm blib/lib/Test2/Compare/Negatable.pm
cp lib/Test2/Compare/Bool.pm blib/lib/Test2/Compare/Bool.pm
cp lib/Test2/Compare/Pattern.pm blib/lib/Test2/Compare/Pattern.pm
cp lib/Test2/Compare/Wildcard.pm blib/lib/Test2/Compare/Wildcard.pm
cp lib/Test2/Compare/DeepRef.pm blib/lib/Test2/Compare/DeepRef.pm
cp lib/Test2/Compare.pm blib/lib/Test2/Compare.pm
cp lib/Test2/Compare/Object.pm blib/lib/Test2/Compare/Object.pm
cp lib/Test2/Compare/OrderedSubset.pm blib/lib/Test2/Compare/OrderedSubset.pm
cp lib/Test2/AsyncSubtest/Event/Detach.pm blib/lib/Test2/AsyncSubtest/Event/Detach.pm
cp lib/Test2/Require/EnvVar.pm blib/lib/Test2/Require/EnvVar.pm
cp lib/Test2/Manual/Anatomy/Hubs.pm blib/lib/Test2/Manual/Anatomy/Hubs.pm
cp lib/Test2/Manual/Tooling/FirstTool.pm blib/lib/Test2/Manual/Tooling/FirstTool.pm
cp lib/Test2/Manual/Anatomy/IPC.pm blib/lib/Test2/Manual/Anatomy/IPC.pm
cp lib/Test2/Manual/Tooling/Formatter.pm blib/lib/Test2/Manual/Tooling/Formatter.pm
cp lib/Test2/Manual/Tooling/Plugin/TestingDone.pm blib/lib/Test2/Manual/Tooling/Plugin/TestingDone.pm
cp lib/Test2/Manual/Testing/Migrating.pm blib/lib/Test2/Manual/Testing/Migrating.pm
cp lib/Test2/Manual/Anatomy/Event.pm blib/lib/Test2/Manual/Anatomy/Event.pm
cp lib/Test2/Manual/Testing.pm blib/lib/Test2/Manual/Testing.pm
cp lib/Test2/Manual/Testing/Planning.pm blib/lib/Test2/Manual/Testing/Planning.pm
cp lib/Test2/Manual/Tooling/Nesting.pm blib/lib/Test2/Manual/Tooling/Nesting.pm
cp lib/Test2/Manual/Testing/Todo.pm blib/lib/Test2/Manual/Testing/Todo.pm
cp lib/Test2/Manual/Tooling/TestBuilder.pm blib/lib/Test2/Manual/Tooling/TestBuilder.pm
cp lib/Test2/Manual/Tooling/Plugin/ToolStarts.pm blib/lib/Test2/Manual/Tooling/Plugin/ToolStarts.pm
cp lib/Test2/Manual/Concurrency.pm blib/lib/Test2/Manual/Concurrency.pm
cp lib/Test2/Manual/Tooling.pm blib/lib/Test2/Manual/Tooling.pm
cp lib/Test2/Manual/Tooling/Plugin/ToolCompletes.pm blib/lib/Test2/Manual/Tooling/Plugin/ToolCompletes.pm
cp lib/Test2/Require/AuthorTesting.pm blib/lib/Test2/Require/AuthorTesting.pm
cp lib/Test2/Require/Fork.pm blib/lib/Test2/Require/Fork.pm
cp lib/Test2/Manual/Testing/Introduction.pm blib/lib/Test2/Manual/Testing/Introduction.pm
cp lib/Test2/Plugin/Times.pm blib/lib/Test2/Plugin/Times.pm
cp lib/Test2/Manual/Contributing.pm blib/lib/Test2/Manual/Contributing.pm
cp lib/Test2/Mock.pm blib/lib/Test2/Mock.pm
cp lib/Test2/Manual/Tooling/Plugin/TestExit.pm blib/lib/Test2/Manual/Tooling/Plugin/TestExit.pm
cp lib/Test2/Manual/Tooling/Testing.pm blib/lib/Test2/Manual/Tooling/Testing.pm
cp lib/Test2/Plugin/BailOnFail.pm blib/lib/Test2/Plugin/BailOnFail.pm
cp lib/Test2/Plugin/DieOnFail.pm blib/lib/Test2/Plugin/DieOnFail.pm
cp lib/Test2/Plugin/UTF8.pm blib/lib/Test2/Plugin/UTF8.pm
cp lib/Test2/Plugin/SRand.pm blib/lib/Test2/Plugin/SRand.pm
cp lib/Test2/Manual/Tooling/Subtest.pm blib/lib/Test2/Manual/Tooling/Subtest.pm
cp lib/Test2/Plugin.pm blib/lib/Test2/Plugin.pm
cp lib/Test2/Plugin/ExitSummary.pm blib/lib/Test2/Plugin/ExitSummary.pm
cp lib/Test2/Require.pm blib/lib/Test2/Require.pm
cp lib/Test2/Manual/Anatomy/Utilities.pm blib/lib/Test2/Manual/Anatomy/Utilities.pm
cp lib/Test2/Tools/Subtest.pm blib/lib/Test2/Tools/Subtest.pm
cp lib/Test2/Workflow/Build.pm blib/lib/Test2/Workflow/Build.pm
cp lib/Test2/Tools/Compare.pm blib/lib/Test2/Tools/Compare.pm
cp lib/Test2/Util/Table/LineBreak.pm blib/lib/Test2/Util/Table/LineBreak.pm
cp lib/Test2/Tools/Ref.pm blib/lib/Test2/Tools/Ref.pm
cp lib/Test2/Tools/AsyncSubtest.pm blib/lib/Test2/Tools/AsyncSubtest.pm
cp lib/Test2/Require/Threads.pm blib/lib/Test2/Require/Threads.pm
cp lib/Test2/Tools/Event.pm blib/lib/Test2/Tools/Event.pm
cp lib/Test2/Require/Perl.pm blib/lib/Test2/Require/Perl.pm
cp lib/Test2/Tools/ClassicCompare.pm blib/lib/Test2/Tools/ClassicCompare.pm
cp lib/Test2/Workflow.pm blib/lib/Test2/Workflow.pm
cp lib/Test2/Util/Grabber.pm blib/lib/Test2/Util/Grabber.pm
cp lib/Test2/Util/Sub.pm blib/lib/Test2/Util/Sub.pm
cp lib/Test2/Workflow/Runner.pm blib/lib/Test2/Workflow/Runner.pm
cp lib/Test2/Tools.pm blib/lib/Test2/Tools.pm
cp lib/Test2/Todo.pm blib/lib/Test2/Todo.pm
cp lib/Test2/Suite.pm blib/lib/Test2/Suite.pm
cp lib/Test2/Util/Ref.pm blib/lib/Test2/Util/Ref.pm
cp lib/Test2/Tools/Spec.pm blib/lib/Test2/Tools/Spec.pm
cp lib/Test2/Tools/Exports.pm blib/lib/Test2/Tools/Exports.pm
cp lib/Test2/Require/RealFork.pm blib/lib/Test2/Require/RealFork.pm
cp lib/Test2/V0.pm blib/lib/Test2/V0.pm
cp lib/Test2/Tools/Tester.pm blib/lib/Test2/Tools/Tester.pm
cp lib/Test2/Util/Stash.pm blib/lib/Test2/Util/Stash.pm
cp lib/Test2/Util/Times.pm blib/lib/Test2/Util/Times.pm
cp lib/Test2/Tools/Encoding.pm blib/lib/Test2/Tools/Encoding.pm
cp lib/Test2/Util/Table/Cell.pm blib/lib/Test2/Util/Table/Cell.pm
cp lib/Test2/Tools/Defer.pm blib/lib/Test2/Tools/Defer.pm
cp lib/Test2/Tools/Warnings.pm blib/lib/Test2/Tools/Warnings.pm
cp lib/Test2/Tools/GenTemp.pm blib/lib/Test2/Tools/GenTemp.pm
cp lib/Test2/Tools/Target.pm blib/lib/Test2/Tools/Target.pm
cp lib/Test2/Workflow/Task/Action.pm blib/lib/Test2/Workflow/Task/Action.pm
cp lib/Test2/Tools/Class.pm blib/lib/Test2/Tools/Class.pm
cp lib/Test2/Tools/Basic.pm blib/lib/Test2/Tools/Basic.pm
cp lib/Test2/Tools/Grab.pm blib/lib/Test2/Tools/Grab.pm
cp lib/Test2/Workflow/Task.pm blib/lib/Test2/Workflow/Task.pm
cp lib/Test2/Util/Term.pm blib/lib/Test2/Util/Term.pm
cp lib/Test2/Workflow/BlockBase.pm blib/lib/Test2/Workflow/BlockBase.pm
cp lib/Test2/Tools/Exception.pm blib/lib/Test2/Tools/Exception.pm
cp lib/Test2/Require/Module.pm blib/lib/Test2/Require/Module.pm
cp lib/Test2/Util/Table.pm blib/lib/Test2/Util/Table.pm
cp lib/Test2/Tools/Mock.pm blib/lib/Test2/Tools/Mock.pm
cp lib/Test2/Workflow/Task/Group.pm blib/lib/Test2/Workflow/Task/Group.pm
Manifying 34 pod documents
t/23-all-tied.t ............ ok
Manifying 28 pod documents
Manifying 35 pod documents
Manifying 16 pod documents
running tests
check flags: SHELL=/nix/store/9fqwwd4iybmhjqyxiaxycknslw6bgwh1-bash-4.4-p23/bin/bash VERBOSE=y test
PERL_DL_NONLAZY=1 "/nix/store/7c044di03qa7qgr5kjjc2d787aspzp0m-perl-5.32.0/bin/perl" "-MExtUtils::Command::MM" "-MTest::Harness" "-e" "undef *Test::Harness::Switches; test_harness(0, 'blib/lib', 'blib/arch')" t/*.t t/acceptance/*.t t/behavior/*.t t/modules/*.t t/modules/AsyncSubtest/*.t t/modules/AsyncSubtest/Event/*.t t/modules/Bundle/*.t t/modules/Compare/*.t t/modules/Plugin/*.t t/modules/Require/*.t t/modules/Tools/*.t t/modules/Util/*.t t/modules/Util/Table/*.t t/modules/Workflow/*.t t/modules/Workflow/Task/*.t t/regression/*.t
t/00-report.t ................................... #
# DIAGNOSTICS INFO IN CASE OF FAILURE:
# +------+----------+
# | perl | 5.032000 |
# +------+----------+
# +-----------------+-----------+
# | CAPABILITY      | SUPPORTED |
# +-----------------+-----------+
# | CAN_FORK        | Yes       |
# | CAN_REALLY_FORK | Yes       |
# | CAN_THREAD      | Yes       |
# +-----------------+-----------+
t/24-all-badtied.t ......... ok
# +-------------------+----------+
# | DEPENDENCY        | VERSION  |
# +-------------------+----------+
# | B                 | 1.80     |
# | Carp              | 1.50     |
# | Exporter          | 5.74     |
# | Importer          | 0.025    |
# | Module::Pluggable | 5.2      |
# | Scalar::Util      | 1.55     |
# | Scope::Guard      | 0.21     |
# | Sub::Info         | 0.002    |
# | Term::Table       | 0.015    |
# | Test2             | 1.302175 |
# | Time::HiRes       | 1.9764   |
# | overload          | 1.31     |
# | utf8              | 1.22     |
# +-------------------+----------+
# +--------------------+---------+
# | OPTIONAL           | VERSION |
# +--------------------+---------+
# | Sub::Name          | N/A     |
# | Term::ReadKey      | N/A     |
# | Term::Size::Any    | N/A     |
# | Unicode::GCString  | N/A     |
# | Unicode::LineBreak | N/A     |
# +--------------------+---------+
t/00-report.t ................................... ok
t/25-cap-fork.t ............ ok
All tests successful.
Files=24, Tests=12005, 46 wallclock secs ( 1.54 usr  0.12 sys + 24.19 cusr 14.15 csys = 40.00 CPU)
Result: PASS
installing
install flags: SHELL=/nix/store/9fqwwd4iybmhjqyxiaxycknslw6bgwh1-bash-4.4-p23/bin/bash pkgconfigdir=/nix/store/dsyw40fh2zf3c6yxl9n61g84dmzd8jhf-perl5.32.0-Capture-Tiny-0.48/lib/pkgconfig m4datadir=/nix/store/dsyw40fh2zf3c6yxl9n61g84dmzd8jhf-perl5.32.0-Capture-Tiny-0.48/share/aclocal aclocaldir=/nix/store/dsyw40fh2zf3c6yxl9n61g84dmzd8jhf-perl5.32.0-Capture-Tiny-0.48/share/aclocal install
Manifying 1 pod document
t/acceptance/OO.t ............................... ok
Installing /nix/store/dsyw40fh2zf3c6yxl9n61g84dmzd8jhf-perl5.32.0-Capture-Tiny-0.48/lib/perl5/site_perl/5.32.0/Capture/Tiny.pm
Installing /nix/store/dsyw40fh2zf3c6yxl9n61g84dmzd8jhf-perl5.32.0-Capture-Tiny-0.48/share/man/man3/Capture::Tiny.3
Appending installation info to /nix/store/dsyw40fh2zf3c6yxl9n61g84dmzd8jhf-perl5.32.0-Capture-Tiny-0.48/lib/perl5/5.32.0/x86_64-linux-thread-multi/perllocal.pod
post-installation fixup
Moving /nix/store/dsyw40fh2zf3c6yxl9n61g84dmzd8jhf-perl5.32.0-Capture-Tiny-0.48/share/man/man3 to /nix/store/cq0vxn0x2x6k2ihlml99514frfl07zyb-perl5.32.0-Capture-Tiny-0.48-devdoc/share/man/man3
Removing empty /nix/store/dsyw40fh2zf3c6yxl9n61g84dmzd8jhf-perl5.32.0-Capture-Tiny-0.48/share/man/ and (possibly) its parents
shrinking RPATHs of ELF executables and libraries in /nix/store/dsyw40fh2zf3c6yxl9n61g84dmzd8jhf-perl5.32.0-Capture-Tiny-0.48
strip is /nix/store/psyzbhp4p088sb9qcs378hfbslcalasl-binutils-2.31.1/bin/strip
stripping (with command strip and flags -S) in /nix/store/dsyw40fh2zf3c6yxl9n61g84dmzd8jhf-perl5.32.0-Capture-Tiny-0.48/lib
patching script interpreter paths in /nix/store/dsyw40fh2zf3c6yxl9n61g84dmzd8jhf-perl5.32.0-Capture-Tiny-0.48
checking for references to /build/ in /nix/store/dsyw40fh2zf3c6yxl9n61g84dmzd8jhf-perl5.32.0-Capture-Tiny-0.48...
shrinking RPATHs of ELF executables and libraries in /nix/store/cq0vxn0x2x6k2ihlml99514frfl07zyb-perl5.32.0-Capture-Tiny-0.48-devdoc
gzipping man pages under /nix/store/cq0vxn0x2x6k2ihlml99514frfl07zyb-perl5.32.0-Capture-Tiny-0.48-devdoc/share/man/
strip is /nix/store/psyzbhp4p088sb9qcs378hfbslcalasl-binutils-2.31.1/bin/strip
patching script interpreter paths in /nix/store/cq0vxn0x2x6k2ihlml99514frfl07zyb-perl5.32.0-Capture-Tiny-0.48-devdoc
checking for references to /build/ in /nix/store/cq0vxn0x2x6k2ihlml99514frfl07zyb-perl5.32.0-Capture-Tiny-0.48-devdoc...
t/acceptance/skip.t ............................. ok
t/acceptance/spec.t ............................. ok
t/acceptance/Tools.t ............................ ok
t/acceptance/Workflow-Acceptance.t .............. ok
t/acceptance/Workflow-Acceptance2.t ............. ok
t/acceptance/Workflow-Acceptance3.t ............. ok
t/acceptance/Workflow-Acceptance4.t ............. ok
t/acceptance/Workflow-Acceptance5.t ............. ok
t/behavior/async_trace.t ........................ ok
t/behavior/filtering.t .......................... ok
t/behavior/Mocking.t ............................ ok
t/behavior/no_done_testing.t .................... ok
t/behavior/no_leaks_any.t ....................... ok
t/behavior/no_leaks_no_fork.t ................... ok
t/behavior/no_leaks_no_iso.t .................... ok
t/behavior/no_leaks_no_threads.t ................ ok
t/behavior/simple.t ............................. ok
t/load_manual.t ................................. ok
t/modules/AsyncSubtest.t ........................ ok
t/modules/AsyncSubtest/Event/Attach.t ........... ok
t/modules/AsyncSubtest/Event/Detach.t ........... ok
t/modules/AsyncSubtest/Hub.t .................... ok
t/modules/Bundle.t .............................. ok
t/modules/Bundle/Extended.t ..................... ok
t/modules/Bundle/More.t ......................... ok
t/modules/Bundle/Simple.t ....................... ok
t/modules/Compare.t ............................. ok
t/modules/Compare/Array.t ....................... ok
t/modules/Compare/Bag.t ......................... ok
t/modules/Compare/Base.t ........................ ok
t/modules/Compare/Bool.t ........................ ok
t/modules/Compare/Custom.t ...................... ok
t/modules/Compare/Delta.t ....................... ok
t/modules/Compare/Event.t ....................... ok
t/modules/Compare/EventMeta.t ................... ok
t/modules/Compare/Float.t ....................... ok
t/modules/Compare/Hash.t ........................ ok
t/modules/Compare/Meta.t ........................ ok
t/modules/Compare/Number.t ...................... ok
t/modules/Compare/Object.t ...................... ok
t/modules/Compare/OrderedSubset.t ............... ok
t/modules/Compare/Pattern.t ..................... ok
t/modules/Compare/Ref.t ......................... ok
t/modules/Compare/Regex.t ....................... ok
t/modules/Compare/Scalar.t ...................... ok
t/modules/Compare/Set.t ......................... ok
t/modules/Compare/String.t ...................... ok
t/modules/Compare/Undef.t ....................... ok
t/modules/Compare/Wildcard.t .................... ok
t/modules/Mock.t ................................ ok
t/modules/Plugin.t .............................. ok
t/modules/Plugin/BailOnFail.t ................... ok
t/modules/Plugin/DieOnFail.t .................... ok
t/modules/Plugin/ExitSummary.t .................. ok
t/modules/Plugin/SRand.t ........................ ok
t/modules/Plugin/Times.t ........................ ok
t/modules/Plugin/UTF8.t ......................... ok
t/modules/Require.t ............................. ok
t/modules/Require/AuthorTesting.t ............... ok
t/modules/Require/EnvVar.t ...................... ok
t/modules/Require/Fork.t ........................ ok
t/modules/Require/Module.t ...................... ok
t/modules/Require/Perl.t ........................ ok
t/modules/Require/RealFork.t .................... ok
t/modules/Require/Threads.t ..................... ok
t/modules/Suite.t ............................... ok
t/modules/Todo.t ................................ ok
t/modules/Tools.t ............................... ok
t/modules/Tools/AsyncSubtest.t .................. ok
t/modules/Tools/Basic.t ......................... ok
t/modules/Tools/Class.t ......................... ok
t/modules/Tools/ClassicCompare.t ................ ok
t/modules/Tools/ClassicCompare2.t ............... ok
t/modules/Tools/Compare.t ....................... ok
t/modules/Tools/Defer.t ......................... ok
t/modules/Tools/Encoding.t ...................... ok
t/modules/Tools/Event.t ......................... ok
t/modules/Tools/Exception.t ..................... ok
t/modules/Tools/Exports.t ....................... ok
t/modules/Tools/GenTemp.t ....................... ok
t/modules/Tools/Grab.t .......................... ok
t/modules/Tools/Mock.t .......................... ok
t/modules/Tools/Ref.t ........................... ok
t/modules/Tools/Spec.t .......................... skipped: Tests not yet written
t/modules/Tools/Subtest.t ....................... ok
t/modules/Tools/Target.t ........................ ok
t/modules/Tools/Tester.t ........................ ok
t/modules/Tools/Warnings.t ...................... ok
t/modules/Util/Grabber.t ........................ ok
t/modules/Util/Ref.t ............................ ok
t/modules/Util/Stash.t .......................... ok
t/modules/Util/Sub.t ............................ ok
t/modules/Util/Table.t .......................... ok
t/modules/Util/Table/Cell.t ..................... ok
t/modules/Util/Table/LineBreak.t ................ ok
t/modules/Util/Times.t .......................... ok
t/modules/V0.t .................................. ok
t/modules/Workflow.t ............................ skipped: Tests not yet written
t/modules/Workflow/BlockBase.t .................. skipped: Tests not yet written
t/modules/Workflow/Build.t ...................... skipped: Tests not yet written
t/modules/Workflow/Runner.t ..................... skipped: Tests not yet written
t/modules/Workflow/Task.t ....................... skipped: Tests not yet written
t/modules/Workflow/Task/Action.t ................ ok
t/modules/Workflow/Task/Group.t ................. skipped: Tests not yet written
t/regression/10-set_and_dne.t ................... ok
t/regression/132-bool.t ......................... skipped: Author test, set the $AUTHOR_TESTING environment variable to run it
t/regression/27-1-Test2-Bundle-More.t ........... ok
t/regression/27-2-Test2-Tools-Compare.t ......... ok
t/regression/27-3-Test2-Tools-ClassicCompare.t .. ok
t/regression/43-bag-on-empty.t .................. ok
t/regression/async_subtest_missing_parent.t ..... ok
t/regression/Test2-Mock.t ....................... ok
t/regression/Test2-Tools-Class.t ................ ok
t/regression/todo_and_facets.t .................. ok
t/regression/utf8-mock.t ........................ ok
All tests successful.
Files=117, Tests=754, 15 wallclock secs ( 0.41 usr  0.09 sys + 12.57 cusr  2.64 csys = 15.71 CPU)
Result: PASS
installing
install flags: SHELL=/nix/store/9fqwwd4iybmhjqyxiaxycknslw6bgwh1-bash-4.4-p23/bin/bash pkgconfigdir=/nix/store/rpi6mdv7mqn5nvl4ih23r7spw84kk5dq-perl5.32.0-Test2-Suite-0.000130/lib/pkgconfig m4datadir=/nix/store/rpi6mdv7mqn5nvl4ih23r7spw84kk5dq-perl5.32.0-Test2-Suite-0.000130/share/aclocal aclocaldir=/nix/store/rpi6mdv7mqn5nvl4ih23r7spw84kk5dq-perl5.32.0-Test2-Suite-0.000130/share/aclocal install
Manifying 34 pod documents
Manifying 28 pod documents
Manifying 35 pod documents
Manifying 16 pod documents
Installing /nix/store/rpi6mdv7mqn5nvl4ih23r7spw84kk5dq-perl5.32.0-Test2-Suite-0.000130/lib/perl5/site_perl/5.32.0/Test2/Bundle.pm
Installing /nix/store/rpi6mdv7mqn5nvl4ih23r7spw84kk5dq-perl5.32.0-Test2-Suite-0.000130/lib/perl5/site_perl/5.32.0/Test2/Manual.pm
Installing /nix/store/rpi6mdv7mqn5nvl4ih23r7spw84kk5dq-perl5.32.0-Test2-Suite-0.000130/lib/perl5/site_perl/5.32.0/Test2/Plugin.pm
Installing /nix/store/rpi6mdv7mqn5nvl4ih23r7spw84kk5dq-perl5.32.0-Test2-Suite-0.000130/lib/perl5/site_perl/5.32.0/Test2/V0.pm
Installing /nix/store/rpi6mdv7mqn5nvl4ih23r7spw84kk5dq-perl5.32.0-Test2-Suite-0.000130/lib/perl5/site_perl/5.32.0/Test2/Workflow.pm
Installing /nix/store/rpi6mdv7mqn5nvl4ih23r7spw84kk5dq-perl5.32.0-Test2-Suite-0.000130/lib/perl5/site_perl/5.32.0/Test2/Mock.pm
Installing /nix/store/rpi6mdv7mqn5nvl4ih23r7spw84kk5dq-perl5.32.0-Test2-Suite-0.000130/lib/perl5/site_perl/5.32.0/Test2/Compare.pm
Installing /nix/store/rpi6mdv7mqn5nvl4ih23r7spw84kk5dq-perl5.32.0-Test2-Suite-0.000130/lib/perl5/site_perl/5.32.0/Test2/AsyncSubtest.pm
Installing /nix/store/rpi6mdv7mqn5nvl4ih23r7spw84kk5dq-perl5.32.0-Test2-Suite-0.000130/lib/perl5/site_perl/5.32.0/Test2/Require.pm
Installing /nix/store/rpi6mdv7mqn5nvl4ih23r7spw84kk5dq-perl5.32.0-Test2-Suite-0.000130/lib/perl5/site_perl/5.32.0/Test2/Todo.pm
Installing /nix/store/rpi6mdv7mqn5nvl4ih23r7spw84kk5dq-perl5.32.0-Test2-Suite-0.000130/lib/perl5/site_perl/5.32.0/Test2/Tools.pm
Installing /nix/store/rpi6mdv7mqn5nvl4ih23r7spw84kk5dq-perl5.32.0-Test2-Suite-0.000130/lib/perl5/site_perl/5.32.0/Test2/Suite.pm
Installing /nix/store/rpi6mdv7mqn5nvl4ih23r7spw84kk5dq-perl5.32.0-Test2-Suite-0.000130/lib/perl5/site_perl/5.32.0/Test2/Plugin/ExitSummary.pm
Installing /nix/store/rpi6mdv7mqn5nvl4ih23r7spw84kk5dq-perl5.32.0-Test2-Suite-0.000130/lib/perl5/site_perl/5.32.0/Test2/Plugin/SRand.pm
Installing /nix/store/rpi6mdv7mqn5nvl4ih23r7spw84kk5dq-perl5.32.0-Test2-Suite-0.000130/lib/perl5/site_perl/5.32.0/Test2/Plugin/DieOnFail.pm
Installing /nix/store/rpi6mdv7mqn5nvl4ih23r7spw84kk5dq-perl5.32.0-Test2-Suite-0.000130/lib/perl5/site_perl/5.32.0/Test2/Plugin/Times.pm
Installing /nix/store/rpi6mdv7mqn5nvl4ih23r7spw84kk5dq-perl5.32.0-Test2-Suite-0.000130/lib/perl5/site_perl/5.32.0/Test2/Plugin/UTF8.pm
Installing /nix/store/rpi6mdv7mqn5nvl4ih23r7spw84kk5dq-perl5.32.0-Test2-Suite-0.000130/lib/perl5/site_perl/5.32.0/Test2/Plugin/BailOnFail.pm
Installing /nix/store/rpi6mdv7mqn5nvl4ih23r7spw84kk5dq-perl5.32.0-Test2-Suite-0.000130/lib/perl5/site_perl/5.32.0/Test2/Require/Threads.pm
Installing /nix/store/rpi6mdv7mqn5nvl4ih23r7spw84kk5dq-perl5.32.0-Test2-Suite-0.000130/lib/perl5/site_perl/5.32.0/Test2/Require/RealFork.pm
Installing /nix/store/rpi6mdv7mqn5nvl4ih23r7spw84kk5dq-perl5.32.0-Test2-Suite-0.000130/lib/perl5/site_perl/5.32.0/Test2/Require/Fork.pm
Installing /nix/store/rpi6mdv7mqn5nvl4ih23r7spw84kk5dq-perl5.32.0-Test2-Suite-0.000130/lib/perl5/site_perl/5.32.0/Test2/Require/AuthorTesting.pm
Installing /nix/store/rpi6mdv7mqn5nvl4ih23r7spw84kk5dq-perl5.32.0-Test2-Suite-0.000130/lib/perl5/site_perl/5.32.0/Test2/Require/EnvVar.pm
Installing /nix/store/rpi6mdv7mqn5nvl4ih23r7spw84kk5dq-perl5.32.0-Test2-Suite-0.000130/lib/perl5/site_perl/5.32.0/Test2/Require/Module.pm
Installing /nix/store/rpi6mdv7mqn5nvl4ih23r7spw84kk5dq-perl5.32.0-Test2-Suite-0.000130/lib/perl5/site_perl/5.32.0/Test2/Require/Perl.pm
Installing /nix/store/rpi6mdv7mqn5nvl4ih23r7spw84kk5dq-perl5.32.0-Test2-Suite-0.000130/lib/perl5/site_perl/5.32.0/Test2/Manual/Tooling.pm
Installing /nix/store/rpi6mdv7mqn5nvl4ih23r7spw84kk5dq-perl5.32.0-Test2-Suite-0.000130/lib/perl5/site_perl/5.32.0/Test2/Manual/Testing.pm
Installing /nix/store/rpi6mdv7mqn5nvl4ih23r7spw84kk5dq-perl5.32.0-Test2-Suite-0.000130/lib/perl5/site_perl/5.32.0/Test2/Manual/Concurrency.pm
Installing /nix/store/rpi6mdv7mqn5nvl4ih23r7spw84kk5dq-perl5.32.0-Test2-Suite-0.000130/lib/perl5/site_perl/5.32.0/Test2/Manual/Contributing.pm
Installing /nix/store/rpi6mdv7mqn5nvl4ih23r7spw84kk5dq-perl5.32.0-Test2-Suite-0.000130/lib/perl5/site_perl/5.32.0/Test2/Manual/Anatomy.pm
Installing /nix/store/rpi6mdv7mqn5nvl4ih23r7spw84kk5dq-perl5.32.0-Test2-Suite-0.000130/lib/perl5/site_perl/5.32.0/Test2/Manual/Tooling/TestBuilder.pm
Installing /nix/store/rpi6mdv7mqn5nvl4ih23r7spw84kk5dq-perl5.32.0-Test2-Suite-0.000130/lib/perl5/site_perl/5.32.0/Test2/Manual/Tooling/Nesting.pm
Installing /nix/store/rpi6mdv7mqn5nvl4ih23r7spw84kk5dq-perl5.32.0-Test2-Suite-0.000130/lib/perl5/site_perl/5.32.0/Test2/Manual/Tooling/Testing.pm
Installing /nix/store/rpi6mdv7mqn5nvl4ih23r7spw84kk5dq-perl5.32.0-Test2-Suite-0.000130/lib/perl5/site_perl/5.32.0/Test2/Manual/Tooling/FirstTool.pm
Installing /nix/store/rpi6mdv7mqn5nvl4ih23r7spw84kk5dq-perl5.32.0-Test2-Suite-0.000130/lib/perl5/site_perl/5.32.0/Test2/Manual/Tooling/Formatter.pm
Installing /nix/store/rpi6mdv7mqn5nvl4ih23r7spw84kk5dq-perl5.32.0-Test2-Suite-0.000130/lib/perl5/site_perl/5.32.0/Test2/Manual/Tooling/Subtest.pm
Installing /nix/store/rpi6mdv7mqn5nvl4ih23r7spw84kk5dq-perl5.32.0-Test2-Suite-0.000130/lib/perl5/site_perl/5.32.0/Test2/Manual/Tooling/Plugin/TestingDone.pm
Installing /nix/store/rpi6mdv7mqn5nvl4ih23r7spw84kk5dq-perl5.32.0-Test2-Suite-0.000130/lib/perl5/site_perl/5.32.0/Test2/Manual/Tooling/Plugin/ToolCompletes.pm
Installing /nix/store/rpi6mdv7mqn5nvl4ih23r7spw84kk5dq-perl5.32.0-Test2-Suite-0.000130/lib/perl5/site_perl/5.32.0/Test2/Manual/Tooling/Plugin/TestExit.pm
Installing /nix/store/rpi6mdv7mqn5nvl4ih23r7spw84kk5dq-perl5.32.0-Test2-Suite-0.000130/lib/perl5/site_perl/5.32.0/Test2/Manual/Tooling/Plugin/ToolStarts.pm
Installing /nix/store/rpi6mdv7mqn5nvl4ih23r7spw84kk5dq-perl5.32.0-Test2-Suite-0.000130/lib/perl5/site_perl/5.32.0/Test2/Manual/Anatomy/Context.pm
Installing /nix/store/rpi6mdv7mqn5nvl4ih23r7spw84kk5dq-perl5.32.0-Test2-Suite-0.000130/lib/perl5/site_perl/5.32.0/Test2/Manual/Anatomy/IPC.pm
Installing /nix/store/rpi6mdv7mqn5nvl4ih23r7spw84kk5dq-perl5.32.0-Test2-Suite-0.000130/lib/perl5/site_perl/5.32.0/Test2/Manual/Anatomy/EndToEnd.pm
Installing /nix/store/rpi6mdv7mqn5nvl4ih23r7spw84kk5dq-perl5.32.0-Test2-Suite-0.000130/lib/perl5/site_perl/5.32.0/Test2/Manual/Anatomy/API.pm
Installing /nix/store/rpi6mdv7mqn5nvl4ih23r7spw84kk5dq-perl5.32.0-Test2-Suite-0.000130/lib/perl5/site_perl/5.32.0/Test2/Manual/Anatomy/Utilities.pm
Installing /nix/store/rpi6mdv7mqn5nvl4ih23r7spw84kk5dq-perl5.32.0-Test2-Suite-0.000130/lib/perl5/site_perl/5.32.0/Test2/Manual/Anatomy/Hubs.pm
Installing /nix/store/rpi6mdv7mqn5nvl4ih23r7spw84kk5dq-perl5.32.0-Test2-Suite-0.000130/lib/perl5/site_perl/5.32.0/Test2/Manual/Anatomy/Event.pm
Installing /nix/store/rpi6mdv7mqn5nvl4ih23r7spw84kk5dq-perl5.32.0-Test2-Suite-0.000130/lib/perl5/site_perl/5.32.0/Test2/Manual/Testing/Migrating.pm
Installing /nix/store/rpi6mdv7mqn5nvl4ih23r7spw84kk5dq-perl5.32.0-Test2-Suite-0.000130/lib/perl5/site_perl/5.32.0/Test2/Manual/Testing/Todo.pm
Installing /nix/store/rpi6mdv7mqn5nvl4ih23r7spw84kk5dq-perl5.32.0-Test2-Suite-0.000130/lib/perl5/site_perl/5.32.0/Test2/Manual/Testing/Planning.pm
Installing /nix/store/rpi6mdv7mqn5nvl4ih23r7spw84kk5dq-perl5.32.0-Test2-Suite-0.000130/lib/perl5/site_perl/5.32.0/Test2/Manual/Testing/Introduction.pm
Installing /nix/store/rpi6mdv7mqn5nvl4ih23r7spw84kk5dq-perl5.32.0-Test2-Suite-0.000130/lib/perl5/site_perl/5.32.0/Test2/Workflow/BlockBase.pm
Installing /nix/store/rpi6mdv7mqn5nvl4ih23r7spw84kk5dq-perl5.32.0-Test2-Suite-0.000130/lib/perl5/site_perl/5.32.0/Test2/Workflow/Build.pm
Installing /nix/store/rpi6mdv7mqn5nvl4ih23r7spw84kk5dq-perl5.32.0-Test2-Suite-0.000130/lib/perl5/site_perl/5.32.0/Test2/Workflow/Task.pm
Installing /nix/store/rpi6mdv7mqn5nvl4ih23r7spw84kk5dq-perl5.32.0-Test2-Suite-0.000130/lib/perl5/site_perl/5.32.0/Test2/Workflow/Runner.pm
Installing /nix/store/rpi6mdv7mqn5nvl4ih23r7spw84kk5dq-perl5.32.0-Test2-Suite-0.000130/lib/perl5/site_perl/5.32.0/Test2/Workflow/Task/Action.pm
Installing /nix/store/rpi6mdv7mqn5nvl4ih23r7spw84kk5dq-perl5.32.0-Test2-Suite-0.000130/lib/perl5/site_perl/5.32.0/Test2/Workflow/Task/Group.pm
Installing /nix/store/rpi6mdv7mqn5nvl4ih23r7spw84kk5dq-perl5.32.0-Test2-Suite-0.000130/lib/perl5/site_perl/5.32.0/Test2/Bundle/Simple.pm
Installing /nix/store/rpi6mdv7mqn5nvl4ih23r7spw84kk5dq-perl5.32.0-Test2-Suite-0.000130/lib/perl5/site_perl/5.32.0/Test2/Bundle/Extended.pm
Installing /nix/store/rpi6mdv7mqn5nvl4ih23r7spw84kk5dq-perl5.32.0-Test2-Suite-0.000130/lib/perl5/site_perl/5.32.0/Test2/Bundle/More.pm
Installing /nix/store/rpi6mdv7mqn5nvl4ih23r7spw84kk5dq-perl5.32.0-Test2-Suite-0.000130/lib/perl5/site_perl/5.32.0/Test2/Compare/Object.pm
Installing /nix/store/rpi6mdv7mqn5nvl4ih23r7spw84kk5dq-perl5.32.0-Test2-Suite-0.000130/lib/perl5/site_perl/5.32.0/Test2/Compare/Undef.pm
Installing /nix/store/rpi6mdv7mqn5nvl4ih23r7spw84kk5dq-perl5.32.0-Test2-Suite-0.000130/lib/perl5/site_perl/5.32.0/Test2/Compare/Ref.pm
Installing /nix/store/rpi6mdv7mqn5nvl4ih23r7spw84kk5dq-perl5.32.0-Test2-Suite-0.000130/lib/perl5/site_perl/5.32.0/Test2/Compare/Hash.pm
Installing /nix/store/rpi6mdv7mqn5nvl4ih23r7spw84kk5dq-perl5.32.0-Test2-Suite-0.000130/lib/perl5/site_perl/5.32.0/Test2/Compare/Wildcard.pm
Installing /nix/store/rpi6mdv7mqn5nvl4ih23r7spw84kk5dq-perl5.32.0-Test2-Suite-0.000130/lib/perl5/site_perl/5.32.0/Test2/Compare/Meta.pm
Installing /nix/store/rpi6mdv7mqn5nvl4ih23r7spw84kk5dq-perl5.32.0-Test2-Suite-0.000130/lib/perl5/site_perl/5.32.0/Test2/Compare/Pattern.pm
Installing /nix/store/rpi6mdv7mqn5nvl4ih23r7spw84kk5dq-perl5.32.0-Test2-Suite-0.000130/lib/perl5/site_perl/5.32.0/Test2/Compare/Float.pm
Installing /nix/store/rpi6mdv7mqn5nvl4ih23r7spw84kk5dq-perl5.32.0-Test2-Suite-0.000130/lib/perl5/site_perl/5.32.0/Test2/Compare/EventMeta.pm
Installing /nix/store/rpi6mdv7mqn5nvl4ih23r7spw84kk5dq-perl5.32.0-Test2-Suite-0.000130/lib/perl5/site_perl/5.32.0/Test2/Compare/DeepRef.pm
Installing /nix/store/rpi6mdv7mqn5nvl4ih23r7spw84kk5dq-perl5.32.0-Test2-Suite-0.000130/lib/perl5/site_perl/5.32.0/Test2/Compare/Bag.pm
Installing /nix/store/rpi6mdv7mqn5nvl4ih23r7spw84kk5dq-perl5.32.0-Test2-Suite-0.000130/lib/perl5/site_perl/5.32.0/Test2/Compare/Bool.pm
Installing /nix/store/rpi6mdv7mqn5nvl4ih23r7spw84kk5dq-perl5.32.0-Test2-Suite-0.000130/lib/perl5/site_perl/5.32.0/Test2/Compare/Set.pm
Installing /nix/store/rpi6mdv7mqn5nvl4ih23r7spw84kk5dq-perl5.32.0-Test2-Suite-0.000130/lib/perl5/site_perl/5.32.0/Test2/Compare/Event.pm
Installing /nix/store/rpi6mdv7mqn5nvl4ih23r7spw84kk5dq-perl5.32.0-Test2-Suite-0.000130/lib/perl5/site_perl/5.32.0/Test2/Compare/OrderedSubset.pm
Installing /nix/store/rpi6mdv7mqn5nvl4ih23r7spw84kk5dq-perl5.32.0-Test2-Suite-0.000130/lib/perl5/site_perl/5.32.0/Test2/Compare/String.pm
Installing /nix/store/rpi6mdv7mqn5nvl4ih23r7spw84kk5dq-perl5.32.0-Test2-Suite-0.000130/lib/perl5/site_perl/5.32.0/Test2/Compare/Array.pm
Installing /nix/store/rpi6mdv7mqn5nvl4ih23r7spw84kk5dq-perl5.32.0-Test2-Suite-0.000130/lib/perl5/site_perl/5.32.0/Test2/Compare/Regex.pm
Installing /nix/store/rpi6mdv7mqn5nvl4ih23r7spw84kk5dq-perl5.32.0-Test2-Suite-0.000130/lib/perl5/site_perl/5.32.0/Test2/Compare/Scalar.pm
Installing /nix/store/rpi6mdv7mqn5nvl4ih23r7spw84kk5dq-perl5.32.0-Test2-Suite-0.000130/lib/perl5/site_perl/5.32.0/Test2/Compare/Negatable.pm
Installing /nix/store/rpi6mdv7mqn5nvl4ih23r7spw84kk5dq-perl5.32.0-Test2-Suite-0.000130/lib/perl5/site_perl/5.32.0/Test2/Compare/Number.pm
Installing /nix/store/rpi6mdv7mqn5nvl4ih23r7spw84kk5dq-perl5.32.0-Test2-Suite-0.000130/lib/perl5/site_perl/5.32.0/Test2/Compare/Base.pm
Installing /nix/store/rpi6mdv7mqn5nvl4ih23r7spw84kk5dq-perl5.32.0-Test2-Suite-0.000130/lib/perl5/site_perl/5.32.0/Test2/Compare/Delta.pm
Installing /nix/store/rpi6mdv7mqn5nvl4ih23r7spw84kk5dq-perl5.32.0-Test2-Suite-0.000130/lib/perl5/site_perl/5.32.0/Test2/Compare/Custom.pm
Installing /nix/store/rpi6mdv7mqn5nvl4ih23r7spw84kk5dq-perl5.32.0-Test2-Suite-0.000130/lib/perl5/site_perl/5.32.0/Test2/Util/Table.pm
Installing /nix/store/rpi6mdv7mqn5nvl4ih23r7spw84kk5dq-perl5.32.0-Test2-Suite-0.000130/lib/perl5/site_perl/5.32.0/Test2/Util/Ref.pm
Installing /nix/store/rpi6mdv7mqn5nvl4ih23r7spw84kk5dq-perl5.32.0-Test2-Suite-0.000130/lib/perl5/site_perl/5.32.0/Test2/Util/Grabber.pm
Installing /nix/store/rpi6mdv7mqn5nvl4ih23r7spw84kk5dq-perl5.32.0-Test2-Suite-0.000130/lib/perl5/site_perl/5.32.0/Test2/Util/Times.pm
Installing /nix/store/rpi6mdv7mqn5nvl4ih23r7spw84kk5dq-perl5.32.0-Test2-Suite-0.000130/lib/perl5/site_perl/5.32.0/Test2/Util/Sub.pm
Installing /nix/store/rpi6mdv7mqn5nvl4ih23r7spw84kk5dq-perl5.32.0-Test2-Suite-0.000130/lib/perl5/site_perl/5.32.0/Test2/Util/Stash.pm
Installing /nix/store/rpi6mdv7mqn5nvl4ih23r7spw84kk5dq-perl5.32.0-Test2-Suite-0.000130/lib/perl5/site_perl/5.32.0/Test2/Util/Term.pm
Installing /nix/store/rpi6mdv7mqn5nvl4ih23r7spw84kk5dq-perl5.32.0-Test2-Suite-0.000130/lib/perl5/site_perl/5.32.0/Test2/Util/Table/Cell.pm
Installing /nix/store/rpi6mdv7mqn5nvl4ih23r7spw84kk5dq-perl5.32.0-Test2-Suite-0.000130/lib/perl5/site_perl/5.32.0/Test2/Util/Table/LineBreak.pm
Installing /nix/store/rpi6mdv7mqn5nvl4ih23r7spw84kk5dq-perl5.32.0-Test2-Suite-0.000130/lib/perl5/site_perl/5.32.0/Test2/AsyncSubtest/Hub.pm
Installing /nix/store/rpi6mdv7mqn5nvl4ih23r7spw84kk5dq-perl5.32.0-Test2-Suite-0.000130/lib/perl5/site_perl/5.32.0/Test2/AsyncSubtest/Formatter.pm
Installing /nix/store/rpi6mdv7mqn5nvl4ih23r7spw84kk5dq-perl5.32.0-Test2-Suite-0.000130/lib/perl5/site_perl/5.32.0/Test2/AsyncSubtest/Event/Detach.pm
Installing /nix/store/rpi6mdv7mqn5nvl4ih23r7spw84kk5dq-perl5.32.0-Test2-Suite-0.000130/lib/perl5/site_perl/5.32.0/Test2/AsyncSubtest/Event/Attach.pm
Installing /nix/store/rpi6mdv7mqn5nvl4ih23r7spw84kk5dq-perl5.32.0-Test2-Suite-0.000130/lib/perl5/site_perl/5.32.0/Test2/Tools/Exception.pm
Installing /nix/store/rpi6mdv7mqn5nvl4ih23r7spw84kk5dq-perl5.32.0-Test2-Suite-0.000130/lib/perl5/site_perl/5.32.0/Test2/Tools/Class.pm
Installing /nix/store/rpi6mdv7mqn5nvl4ih23r7spw84kk5dq-perl5.32.0-Test2-Suite-0.000130/lib/perl5/site_perl/5.32.0/Test2/Tools/Ref.pm
Installing /nix/store/rpi6mdv7mqn5nvl4ih23r7spw84kk5dq-perl5.32.0-Test2-Suite-0.000130/lib/perl5/site_perl/5.32.0/Test2/Tools/Warnings.pm
Installing /nix/store/rpi6mdv7mqn5nvl4ih23r7spw84kk5dq-perl5.32.0-Test2-Suite-0.000130/lib/perl5/site_perl/5.32.0/Test2/Tools/ClassicCompare.pm
Installing /nix/store/rpi6mdv7mqn5nvl4ih23r7spw84kk5dq-perl5.32.0-Test2-Suite-0.000130/lib/perl5/site_perl/5.32.0/Test2/Tools/Grab.pm
Installing /nix/store/rpi6mdv7mqn5nvl4ih23r7spw84kk5dq-perl5.32.0-Test2-Suite-0.000130/lib/perl5/site_perl/5.32.0/Test2/Tools/Exports.pm
Installing /nix/store/rpi6mdv7mqn5nvl4ih23r7spw84kk5dq-perl5.32.0-Test2-Suite-0.000130/lib/perl5/site_perl/5.32.0/Test2/Tools/Basic.pm
Installing /nix/store/rpi6mdv7mqn5nvl4ih23r7spw84kk5dq-perl5.32.0-Test2-Suite-0.000130/lib/perl5/site_perl/5.32.0/Test2/Tools/Encoding.pm
Installing /nix/store/rpi6mdv7mqn5nvl4ih23r7spw84kk5dq-perl5.32.0-Test2-Suite-0.000130/lib/perl5/site_perl/5.32.0/Test2/Tools/GenTemp.pm
Installing /nix/store/rpi6mdv7mqn5nvl4ih23r7spw84kk5dq-perl5.32.0-Test2-Suite-0.000130/lib/perl5/site_perl/5.32.0/Test2/Tools/Tester.pm
Installing /nix/store/rpi6mdv7mqn5nvl4ih23r7spw84kk5dq-perl5.32.0-Test2-Suite-0.000130/lib/perl5/site_perl/5.32.0/Test2/Tools/Target.pm
Installing /nix/store/rpi6mdv7mqn5nvl4ih23r7spw84kk5dq-perl5.32.0-Test2-Suite-0.000130/lib/perl5/site_perl/5.32.0/Test2/Tools/Defer.pm
Installing /nix/store/rpi6mdv7mqn5nvl4ih23r7spw84kk5dq-perl5.32.0-Test2-Suite-0.000130/lib/perl5/site_perl/5.32.0/Test2/Tools/Mock.pm
Installing /nix/store/rpi6mdv7mqn5nvl4ih23r7spw84kk5dq-perl5.32.0-Test2-Suite-0.000130/lib/perl5/site_perl/5.32.0/Test2/Tools/Subtest.pm
Installing /nix/store/rpi6mdv7mqn5nvl4ih23r7spw84kk5dq-perl5.32.0-Test2-Suite-0.000130/lib/perl5/site_perl/5.32.0/Test2/Tools/Event.pm
Installing /nix/store/rpi6mdv7mqn5nvl4ih23r7spw84kk5dq-perl5.32.0-Test2-Suite-0.000130/lib/perl5/site_perl/5.32.0/Test2/Tools/Compare.pm
Installing /nix/store/rpi6mdv7mqn5nvl4ih23r7spw84kk5dq-perl5.32.0-Test2-Suite-0.000130/lib/perl5/site_perl/5.32.0/Test2/Tools/AsyncSubtest.pm
Installing /nix/store/rpi6mdv7mqn5nvl4ih23r7spw84kk5dq-perl5.32.0-Test2-Suite-0.000130/lib/perl5/site_perl/5.32.0/Test2/Tools/Spec.pm
Installing /nix/store/rpi6mdv7mqn5nvl4ih23r7spw84kk5dq-perl5.32.0-Test2-Suite-0.000130/share/man/man3/Test2::Tools::Encoding.3
Installing /nix/store/rpi6mdv7mqn5nvl4ih23r7spw84kk5dq-perl5.32.0-Test2-Suite-0.000130/share/man/man3/Test2::Plugin::DieOnFail.3
Installing /nix/store/rpi6mdv7mqn5nvl4ih23r7spw84kk5dq-perl5.32.0-Test2-Suite-0.000130/share/man/man3/Test2::Tools::Ref.3
Installing /nix/store/rpi6mdv7mqn5nvl4ih23r7spw84kk5dq-perl5.32.0-Test2-Suite-0.000130/share/man/man3/Test2::Compare::Hash.3
Installing /nix/store/rpi6mdv7mqn5nvl4ih23r7spw84kk5dq-perl5.32.0-Test2-Suite-0.000130/share/man/man3/Test2::Compare.3
Installing /nix/store/rpi6mdv7mqn5nvl4ih23r7spw84kk5dq-perl5.32.0-Test2-Suite-0.000130/share/man/man3/Test2::Compare::Ref.3
Installing /nix/store/rpi6mdv7mqn5nvl4ih23r7spw84kk5dq-perl5.32.0-Test2-Suite-0.000130/share/man/man3/Test2::Workflow::Task::Action.3
Installing /nix/store/rpi6mdv7mqn5nvl4ih23r7spw84kk5dq-perl5.32.0-Test2-Suite-0.000130/share/man/man3/Test2::Tools::Spec.3
Installing /nix/store/rpi6mdv7mqn5nvl4ih23r7spw84kk5dq-perl5.32.0-Test2-Suite-0.000130/share/man/man3/Test2::Require::Threads.3
Installing /nix/store/rpi6mdv7mqn5nvl4ih23r7spw84kk5dq-perl5.32.0-Test2-Suite-0.000130/share/man/man3/Test2::Require::AuthorTesting.3
Installing /nix/store/rpi6mdv7mqn5nvl4ih23r7spw84kk5dq-perl5.32.0-Test2-Suite-0.000130/share/man/man3/Test2::Require::EnvVar.3
Installing /nix/store/rpi6mdv7mqn5nvl4ih23r7spw84kk5dq-perl5.32.0-Test2-Suite-0.000130/share/man/man3/Test2::Manual::Testing.3
Installing /nix/store/rpi6mdv7mqn5nvl4ih23r7spw84kk5dq-perl5.32.0-Test2-Suite-0.000130/share/man/man3/Test2::Manual::Testing::Introduction.3
Installing /nix/store/rpi6mdv7mqn5nvl4ih23r7spw84kk5dq-perl5.32.0-Test2-Suite-0.000130/share/man/man3/Test2::Manual::Tooling::Plugin::ToolCompletes.3
Installing /nix/store/rpi6mdv7mqn5nvl4ih23r7spw84kk5dq-perl5.32.0-Test2-Suite-0.000130/share/man/man3/Test2::Require::Fork.3
Installing /nix/store/rpi6mdv7mqn5nvl4ih23r7spw84kk5dq-perl5.32.0-Test2-Suite-0.000130/share/man/man3/Test2::Compare::DeepRef.3
Installing /nix/store/rpi6mdv7mqn5nvl4ih23r7spw84kk5dq-perl5.32.0-Test2-Suite-0.000130/share/man/man3/Test2::Compare::Base.3
Installing /nix/store/rpi6mdv7mqn5nvl4ih23r7spw84kk5dq-perl5.32.0-Test2-Suite-0.000130/share/man/man3/Test2::Mock.3
Installing /nix/store/rpi6mdv7mqn5nvl4ih23r7spw84kk5dq-perl5.32.0-Test2-Suite-0.000130/share/man/man3/Test2::Compare::String.3
Installing /nix/store/rpi6mdv7mqn5nvl4ih23r7spw84kk5dq-perl5.32.0-Test2-Suite-0.000130/share/man/man3/Test2::Tools::Compare.3
Installing /nix/store/rpi6mdv7mqn5nvl4ih23r7spw84kk5dq-perl5.32.0-Test2-Suite-0.000130/share/man/man3/Test2::Manual::Tooling::Subtest.3
Installing /nix/store/rpi6mdv7mqn5nvl4ih23r7spw84kk5dq-perl5.32.0-Test2-Suite-0.000130/share/man/man3/Test2::Compare::EventMeta.3
Installing /nix/store/rpi6mdv7mqn5nvl4ih23r7spw84kk5dq-perl5.32.0-Test2-Suite-0.000130/share/man/man3/Test2::Tools::Grab.3
Installing /nix/store/rpi6mdv7mqn5nvl4ih23r7spw84kk5dq-perl5.32.0-Test2-Suite-0.000130/share/man/man3/Test2::Compare::Array.3
Installing /nix/store/rpi6mdv7mqn5nvl4ih23r7spw84kk5dq-perl5.32.0-Test2-Suite-0.000130/share/man/man3/Test2::Compare::Pattern.3
Installing /nix/store/rpi6mdv7mqn5nvl4ih23r7spw84kk5dq-perl5.32.0-Test2-Suite-0.000130/share/man/man3/Test2::Tools::ClassicCompare.3
Installing /nix/store/rpi6mdv7mqn5nvl4ih23r7spw84kk5dq-perl5.32.0-Test2-Suite-0.000130/share/man/man3/Test2::Manual::Testing::Migrating.3
Installing /nix/store/rpi6mdv7mqn5nvl4ih23r7spw84kk5dq-perl5.32.0-Test2-Suite-0.000130/share/man/man3/Test2::Workflow.3
Installing /nix/store/rpi6mdv7mqn5nvl4ih23r7spw84kk5dq-perl5.32.0-Test2-Suite-0.000130/share/man/man3/Test2::Manual::Anatomy.3
Installing /nix/store/rpi6mdv7mqn5nvl4ih23r7spw84kk5dq-perl5.32.0-Test2-Suite-0.000130/share/man/man3/Test2::Plugin::SRand.3
Installing /nix/store/rpi6mdv7mqn5nvl4ih23r7spw84kk5dq-perl5.32.0-Test2-Suite-0.000130/share/man/man3/Test2::Manual::Tooling.3
Installing /nix/store/rpi6mdv7mqn5nvl4ih23r7spw84kk5dq-perl5.32.0-Test2-Suite-0.000130/share/man/man3/Test2::Manual::Tooling::TestBuilder.3
Installing /nix/store/rpi6mdv7mqn5nvl4ih23r7spw84kk5dq-perl5.32.0-Test2-Suite-0.000130/share/man/man3/Test2::Compare::Regex.3
Installing /nix/store/rpi6mdv7mqn5nvl4ih23r7spw84kk5dq-perl5.32.0-Test2-Suite-0.000130/share/man/man3/Test2::AsyncSubtest::Event::Detach.3
Installing /nix/store/rpi6mdv7mqn5nvl4ih23r7spw84kk5dq-perl5.32.0-Test2-Suite-0.000130/share/man/man3/Test2::Compare::Event.3
Installing /nix/store/rpi6mdv7mqn5nvl4ih23r7spw84kk5dq-perl5.32.0-Test2-Suite-0.000130/share/man/man3/Test2::Bundle.3
Installing /nix/store/rpi6mdv7mqn5nvl4ih23r7spw84kk5dq-perl5.32.0-Test2-Suite-0.000130/share/man/man3/Test2::Compare::Bag.3
Installing /nix/store/rpi6mdv7mqn5nvl4ih23r7spw84kk5dq-perl5.32.0-Test2-Suite-0.000130/share/man/man3/Test2::Workflow::Task.3
Installing /nix/store/rpi6mdv7mqn5nvl4ih23r7spw84kk5dq-perl5.32.0-Test2-Suite-0.000130/share/man/man3/Test2::Manual::Anatomy::Utilities.3
Installing /nix/store/rpi6mdv7mqn5nvl4ih23r7spw84kk5dq-perl5.32.0-Test2-Suite-0.000130/share/man/man3/Test2::Util::Grabber.3
Installing /nix/store/rpi6mdv7mqn5nvl4ih23r7spw84kk5dq-perl5.32.0-Test2-Suite-0.000130/share/man/man3/Test2::Workflow::BlockBase.3
Installing /nix/store/rpi6mdv7mqn5nvl4ih23r7spw84kk5dq-perl5.32.0-Test2-Suite-0.000130/share/man/man3/Test2::Compare::OrderedSubset.3
Installing /nix/store/rpi6mdv7mqn5nvl4ih23r7spw84kk5dq-perl5.32.0-Test2-Suite-0.000130/share/man/man3/Test2::Manual::Testing::Planning.3
Installing /nix/store/rpi6mdv7mqn5nvl4ih23r7spw84kk5dq-perl5.32.0-Test2-Suite-0.000130/share/man/man3/Test2::Compare::Number.3
Installing /nix/store/rpi6mdv7mqn5nvl4ih23r7spw84kk5dq-perl5.32.0-Test2-Suite-0.000130/share/man/man3/Test2::Compare::Scalar.3
Installing /nix/store/rpi6mdv7mqn5nvl4ih23r7spw84kk5dq-perl5.32.0-Test2-Suite-0.000130/share/man/man3/Test2::Require::RealFork.3
Installing /nix/store/rpi6mdv7mqn5nvl4ih23r7spw84kk5dq-perl5.32.0-Test2-Suite-0.000130/share/man/man3/Test2::Todo.3
Installing /nix/store/rpi6mdv7mqn5nvl4ih23r7spw84kk5dq-perl5.32.0-Test2-Suite-0.000130/share/man/man3/Test2::Require::Perl.3
Installing /nix/store/rpi6mdv7mqn5nvl4ih23r7spw84kk5dq-perl5.32.0-Test2-Suite-0.000130/share/man/man3/Test2::Tools::Event.3
Installing /nix/store/rpi6mdv7mqn5nvl4ih23r7spw84kk5dq-perl5.32.0-Test2-Suite-0.000130/share/man/man3/Test2::Manual::Anatomy::Context.3
Installing /nix/store/rpi6mdv7mqn5nvl4ih23r7spw84kk5dq-perl5.32.0-Test2-Suite-0.000130/share/man/man3/Test2::Manual::Tooling::Testing.3
Installing /nix/store/rpi6mdv7mqn5nvl4ih23r7spw84kk5dq-perl5.32.0-Test2-Suite-0.000130/share/man/man3/Test2::Tools::AsyncSubtest.3
Installing /nix/store/rpi6mdv7mqn5nvl4ih23r7spw84kk5dq-perl5.32.0-Test2-Suite-0.000130/share/man/man3/Test2::Manual::Tooling::Plugin::TestingDone.3
Installing /nix/store/rpi6mdv7mqn5nvl4ih23r7spw84kk5dq-perl5.32.0-Test2-Suite-0.000130/share/man/man3/Test2::Manual::Tooling::Nesting.3
Installing /nix/store/rpi6mdv7mqn5nvl4ih23r7spw84kk5dq-perl5.32.0-Test2-Suite-0.000130/share/man/man3/Test2::Compare::Float.3
Installing /nix/store/rpi6mdv7mqn5nvl4ih23r7spw84kk5dq-perl5.32.0-Test2-Suite-0.000130/share/man/man3/Test2::Require::Module.3
Installing /nix/store/rpi6mdv7mqn5nvl4ih23r7spw84kk5dq-perl5.32.0-Test2-Suite-0.000130/share/man/man3/Test2::Tools.3
Installing /nix/store/rpi6mdv7mqn5nvl4ih23r7spw84kk5dq-perl5.32.0-Test2-Suite-0.000130/share/man/man3/Test2::Suite.3
Installing /nix/store/rpi6mdv7mqn5nvl4ih23r7spw84kk5dq-perl5.32.0-Test2-Suite-0.000130/share/man/man3/Test2::Util::Table.3
Installing /nix/store/rpi6mdv7mqn5nvl4ih23r7spw84kk5dq-perl5.32.0-Test2-Suite-0.000130/share/man/man3/Test2::Compare::Object.3
Installing /nix/store/rpi6mdv7mqn5nvl4ih23r7spw84kk5dq-perl5.32.0-Test2-Suite-0.000130/share/man/man3/Test2::Plugin::UTF8.3
Installing /nix/store/rpi6mdv7mqn5nvl4ih23r7spw84kk5dq-perl5.32.0-Test2-Suite-0.000130/share/man/man3/Test2::Tools::Class.3
Installing /nix/store/rpi6mdv7mqn5nvl4ih23r7spw84kk5dq-perl5.32.0-Test2-Suite-0.000130/share/man/man3/Test2::Util::Ref.3
Installing /nix/store/rpi6mdv7mqn5nvl4ih23r7spw84kk5dq-perl5.32.0-Test2-Suite-0.000130/share/man/man3/Test2::Compare::Undef.3
Installing /nix/store/rpi6mdv7mqn5nvl4ih23r7spw84kk5dq-perl5.32.0-Test2-Suite-0.000130/share/man/man3/Test2::Bundle::Extended.3
Installing /nix/store/rpi6mdv7mqn5nvl4ih23r7spw84kk5dq-perl5.32.0-Test2-Suite-0.000130/share/man/man3/Test2::Manual::Anatomy::IPC.3
Installing /nix/store/rpi6mdv7mqn5nvl4ih23r7spw84kk5dq-perl5.32.0-Test2-Suite-0.000130/share/man/man3/Test2::Compare::Bool.3
Installing /nix/store/rpi6mdv7mqn5nvl4ih23r7spw84kk5dq-perl5.32.0-Test2-Suite-0.000130/share/man/man3/Test2::Compare::Meta.3
Installing /nix/store/rpi6mdv7mqn5nvl4ih23r7spw84kk5dq-perl5.32.0-Test2-Suite-0.000130/share/man/man3/Test2::Compare::Negatable.3
Installing /nix/store/rpi6mdv7mqn5nvl4ih23r7spw84kk5dq-perl5.32.0-Test2-Suite-0.000130/share/man/man3/Test2::Tools::Mock.3
Installing /nix/store/rpi6mdv7mqn5nvl4ih23r7spw84kk5dq-perl5.32.0-Test2-Suite-0.000130/share/man/man3/Test2::Compare::Set.3
Installing /nix/store/rpi6mdv7mqn5nvl4ih23r7spw84kk5dq-perl5.32.0-Test2-Suite-0.000130/share/man/man3/Test2::Manual::Tooling::FirstTool.3
Installing /nix/store/rpi6mdv7mqn5nvl4ih23r7spw84kk5dq-perl5.32.0-Test2-Suite-0.000130/share/man/man3/Test2::Manual::Contributing.3
Installing /nix/store/rpi6mdv7mqn5nvl4ih23r7spw84kk5dq-perl5.32.0-Test2-Suite-0.000130/share/man/man3/Test2::Workflow::Build.3
Installing /nix/store/rpi6mdv7mqn5nvl4ih23r7spw84kk5dq-perl5.32.0-Test2-Suite-0.000130/share/man/man3/Test2::Util::Stash.3
Installing /nix/store/rpi6mdv7mqn5nvl4ih23r7spw84kk5dq-perl5.32.0-Test2-Suite-0.000130/share/man/man3/Test2::Manual::Anatomy::EndToEnd.3
Installing /nix/store/rpi6mdv7mqn5nvl4ih23r7spw84kk5dq-perl5.32.0-Test2-Suite-0.000130/share/man/man3/Test2::Tools::Exception.3
Installing /nix/store/rpi6mdv7mqn5nvl4ih23r7spw84kk5dq-perl5.32.0-Test2-Suite-0.000130/share/man/man3/Test2::Tools::Exports.3
Installing /nix/store/rpi6mdv7mqn5nvl4ih23r7spw84kk5dq-perl5.32.0-Test2-Suite-0.000130/share/man/man3/Test2::AsyncSubtest::Hub.3
Installing /nix/store/rpi6mdv7mqn5nvl4ih23r7spw84kk5dq-perl5.32.0-Test2-Suite-0.000130/share/man/man3/Test2::Manual::Anatomy::Event.3
Installing /nix/store/rpi6mdv7mqn5nvl4ih23r7spw84kk5dq-perl5.32.0-Test2-Suite-0.000130/share/man/man3/Test2::Manual::Tooling::Plugin::ToolStarts.3
Installing /nix/store/rpi6mdv7mqn5nvl4ih23r7spw84kk5dq-perl5.32.0-Test2-Suite-0.000130/share/man/man3/Test2::Manual::Anatomy::Hubs.3
Installing /nix/store/rpi6mdv7mqn5nvl4ih23r7spw84kk5dq-perl5.32.0-Test2-Suite-0.000130/share/man/man3/Test2::Compare::Custom.3
Installing /nix/store/rpi6mdv7mqn5nvl4ih23r7spw84kk5dq-perl5.32.0-Test2-Suite-0.000130/share/man/man3/Test2::Manual::Concurrency.3
Installing /nix/store/rpi6mdv7mqn5nvl4ih23r7spw84kk5dq-perl5.32.0-Test2-Suite-0.000130/share/man/man3/Test2::Plugin.3
Installing /nix/store/rpi6mdv7mqn5nvl4ih23r7spw84kk5dq-perl5.32.0-Test2-Suite-0.000130/share/man/man3/Test2::Util::Sub.3
Installing /nix/store/rpi6mdv7mqn5nvl4ih23r7spw84kk5dq-perl5.32.0-Test2-Suite-0.000130/share/man/man3/Test2::Bundle::Simple.3
Installing /nix/store/rpi6mdv7mqn5nvl4ih23r7spw84kk5dq-perl5.32.0-Test2-Suite-0.000130/share/man/man3/Test2::Tools::GenTemp.3
Installing /nix/store/rpi6mdv7mqn5nvl4ih23r7spw84kk5dq-perl5.32.0-Test2-Suite-0.000130/share/man/man3/Test2::Workflow::Runner.3
Installing /nix/store/rpi6mdv7mqn5nvl4ih23r7spw84kk5dq-perl5.32.0-Test2-Suite-0.000130/share/man/man3/Test2::Compare::Wildcard.3
Installing /nix/store/rpi6mdv7mqn5nvl4ih23r7spw84kk5dq-perl5.32.0-Test2-Suite-0.000130/share/man/man3/Test2::Tools::Tester.3
Installing /nix/store/rpi6mdv7mqn5nvl4ih23r7spw84kk5dq-perl5.32.0-Test2-Suite-0.000130/share/man/man3/Test2::Plugin::BailOnFail.3
Installing /nix/store/rpi6mdv7mqn5nvl4ih23r7spw84kk5dq-perl5.32.0-Test2-Suite-0.000130/share/man/man3/Test2::Util::Table::LineBreak.3
Installing /nix/store/rpi6mdv7mqn5nvl4ih23r7spw84kk5dq-perl5.32.0-Test2-Suite-0.000130/share/man/man3/Test2::Manual::Testing::Todo.3
Installing /nix/store/rpi6mdv7mqn5nvl4ih23r7spw84kk5dq-perl5.32.0-Test2-Suite-0.000130/share/man/man3/Test2::Manual::Anatomy::API.3
Installing /nix/store/rpi6mdv7mqn5nvl4ih23r7spw84kk5dq-perl5.32.0-Test2-Suite-0.000130/share/man/man3/Test2::Tools::Subtest.3
Installing /nix/store/rpi6mdv7mqn5nvl4ih23r7spw84kk5dq-perl5.32.0-Test2-Suite-0.000130/share/man/man3/Test2::Tools::Basic.3
Installing /nix/store/rpi6mdv7mqn5nvl4ih23r7spw84kk5dq-perl5.32.0-Test2-Suite-0.000130/share/man/man3/Test2::Bundle::More.3
Installing /nix/store/rpi6mdv7mqn5nvl4ih23r7spw84kk5dq-perl5.32.0-Test2-Suite-0.000130/share/man/man3/Test2::Tools::Defer.3
Installing /nix/store/rpi6mdv7mqn5nvl4ih23r7spw84kk5dq-perl5.32.0-Test2-Suite-0.000130/share/man/man3/Test2::Workflow::Task::Group.3
Installing /nix/store/rpi6mdv7mqn5nvl4ih23r7spw84kk5dq-perl5.32.0-Test2-Suite-0.000130/share/man/man3/Test2::V0.3
Installing /nix/store/rpi6mdv7mqn5nvl4ih23r7spw84kk5dq-perl5.32.0-Test2-Suite-0.000130/share/man/man3/Test2::Manual::Tooling::Formatter.3
Installing /nix/store/rpi6mdv7mqn5nvl4ih23r7spw84kk5dq-perl5.32.0-Test2-Suite-0.000130/share/man/man3/Test2::Plugin::Times.3
Installing /nix/store/rpi6mdv7mqn5nvl4ih23r7spw84kk5dq-perl5.32.0-Test2-Suite-0.000130/share/man/man3/Test2::Manual::Tooling::Plugin::TestExit.3
Installing /nix/store/rpi6mdv7mqn5nvl4ih23r7spw84kk5dq-perl5.32.0-Test2-Suite-0.000130/share/man/man3/Test2::Tools::Warnings.3
Installing /nix/store/rpi6mdv7mqn5nvl4ih23r7spw84kk5dq-perl5.32.0-Test2-Suite-0.000130/share/man/man3/Test2::Manual.3
Installing /nix/store/rpi6mdv7mqn5nvl4ih23r7spw84kk5dq-perl5.32.0-Test2-Suite-0.000130/share/man/man3/Test2::Tools::Target.3
Installing /nix/store/rpi6mdv7mqn5nvl4ih23r7spw84kk5dq-perl5.32.0-Test2-Suite-0.000130/share/man/man3/Test2::AsyncSubtest.3
Installing /nix/store/rpi6mdv7mqn5nvl4ih23r7spw84kk5dq-perl5.32.0-Test2-Suite-0.000130/share/man/man3/Test2::Plugin::ExitSummary.3
Installing /nix/store/rpi6mdv7mqn5nvl4ih23r7spw84kk5dq-perl5.32.0-Test2-Suite-0.000130/share/man/man3/Test2::AsyncSubtest::Event::Attach.3
Installing /nix/store/rpi6mdv7mqn5nvl4ih23r7spw84kk5dq-perl5.32.0-Test2-Suite-0.000130/share/man/man3/Test2::Compare::Delta.3
Installing /nix/store/rpi6mdv7mqn5nvl4ih23r7spw84kk5dq-perl5.32.0-Test2-Suite-0.000130/share/man/man3/Test2::Util::Times.3
Installing /nix/store/rpi6mdv7mqn5nvl4ih23r7spw84kk5dq-perl5.32.0-Test2-Suite-0.000130/share/man/man3/Test2::Require.3
Appending installation info to /nix/store/rpi6mdv7mqn5nvl4ih23r7spw84kk5dq-perl5.32.0-Test2-Suite-0.000130/lib/perl5/5.32.0/x86_64-linux-thread-multi/perllocal.pod
post-installation fixup
Moving /nix/store/rpi6mdv7mqn5nvl4ih23r7spw84kk5dq-perl5.32.0-Test2-Suite-0.000130/share/man/man3 to /nix/store/yvj7cg4c037887a2idlwf6ffpfq7mniw-perl5.32.0-Test2-Suite-0.000130-devdoc/share/man/man3
Removing empty /nix/store/rpi6mdv7mqn5nvl4ih23r7spw84kk5dq-perl5.32.0-Test2-Suite-0.000130/share/man/ and (possibly) its parents
shrinking RPATHs of ELF executables and libraries in /nix/store/rpi6mdv7mqn5nvl4ih23r7spw84kk5dq-perl5.32.0-Test2-Suite-0.000130
strip is /nix/store/psyzbhp4p088sb9qcs378hfbslcalasl-binutils-2.31.1/bin/strip
stripping (with command strip and flags -S) in /nix/store/rpi6mdv7mqn5nvl4ih23r7spw84kk5dq-perl5.32.0-Test2-Suite-0.000130/lib
patching script interpreter paths in /nix/store/rpi6mdv7mqn5nvl4ih23r7spw84kk5dq-perl5.32.0-Test2-Suite-0.000130
checking for references to /build/ in /nix/store/rpi6mdv7mqn5nvl4ih23r7spw84kk5dq-perl5.32.0-Test2-Suite-0.000130...
shrinking RPATHs of ELF executables and libraries in /nix/store/yvj7cg4c037887a2idlwf6ffpfq7mniw-perl5.32.0-Test2-Suite-0.000130-devdoc
gzipping man pages under /nix/store/yvj7cg4c037887a2idlwf6ffpfq7mniw-perl5.32.0-Test2-Suite-0.000130-devdoc/share/man/
strip is /nix/store/psyzbhp4p088sb9qcs378hfbslcalasl-binutils-2.31.1/bin/strip
patching script interpreter paths in /nix/store/yvj7cg4c037887a2idlwf6ffpfq7mniw-perl5.32.0-Test2-Suite-0.000130-devdoc
checking for references to /build/ in /nix/store/yvj7cg4c037887a2idlwf6ffpfq7mniw-perl5.32.0-Test2-Suite-0.000130-devdoc...
building '/nix/store/aqmlbm7qvvg2kdf43lf42nzglnln7anx-perl5.32.0-FFI-CheckLib-0.27.drv'...
unpacking sources
unpacking source archive /nix/store/vnylywbk2ppan3igavzfxyny332ajpvn-FFI-CheckLib-0.27.tar.gz
source root is FFI-CheckLib-0.27
setting SOURCE_DATE_EPOCH to timestamp 1589221450 of file FFI-CheckLib-0.27/xt/release/fixme.t
patching sources
configuring
patching ./maint/cip-before-install...
Checking if your kit is complete...
Looks good
Generating a Unix-style Makefile
Writing Makefile for FFI::CheckLib
Writing MYMETA.yml and MYMETA.json
no configure script, doing nothing
building
build flags: SHELL=/nix/store/9fqwwd4iybmhjqyxiaxycknslw6bgwh1-bash-4.4-p23/bin/bash
cp lib/FFI/CheckLib.pm blib/lib/FFI/CheckLib.pm
Manifying 1 pod document
running tests
check flags: SHELL=/nix/store/9fqwwd4iybmhjqyxiaxycknslw6bgwh1-bash-4.4-p23/bin/bash VERBOSE=y test
PERL_DL_NONLAZY=1 "/nix/store/7c044di03qa7qgr5kjjc2d787aspzp0m-perl-5.32.0/bin/perl" "-MExtUtils::Command::MM" "-MTest::Harness" "-e" "undef *Test::Harness::Switches; test_harness(0, 'blib/lib', 'blib/arch')" t/*.t
t/00_diag.t ................... 1/? #
#
#
# HARNESS_ACTIVE=1
# HARNESS_VERSION=3.42
# PERL5LIB=/build/FFI-CheckLib-0.27/blib/lib:/build/FFI-CheckLib-0.27/blib/arch:/nix/store/7c044di03qa7qgr5kjjc2d787aspzp0m-perl-5.32.0/lib/perl5/site_perl:/nix/store/rpi6mdv7mqn5nvl4ih23r7spw84kk5dq-perl5.32.0-Test2-Suite-0.000130/lib/perl5/site_perl/5.32.0/x86_64-linux-thread-multi:/nix/store/rpi6mdv7mqn5nvl4ih23r7spw84kk5dq-perl5.32.0-Test2-Suite-0.000130/lib/perl5/site_perl/5.32.0:/nix/store/rpi6mdv7mqn5nvl4ih23r7spw84kk5dq-perl5.32.0-Test2-Suite-0.000130/lib/perl5/site_perl:/nix/store/llb07ll37x35q0an3162ra5ya5qdqkaj-perl5.32.0-Module-Pluggable-5.2/lib/perl5/site_perl/5.32.0/x86_64-linux-thread-multi:/nix/store/llb07ll37x35q0an3162ra5ya5qdqkaj-perl5.32.0-Module-Pluggable-5.2/lib/perl5/site_perl/5.32.0:/nix/store/llb07ll37x35q0an3162ra5ya5qdqkaj-perl5.32.0-Module-Pluggable-5.2/lib/perl5/site_perl:/nix/store/y6qjsz9ciq1n80nj7xm94yz5xgdgmrm8-perl5.32.0-Scope-Guard-0.21/lib/perl5/site_perl/5.32.0/x86_64-linux-thread-multi:/nix/store/y6qjsz9ciq1n80nj7xm94yz5xgdgmrm8-perl5.32.0-Scope-Guard-0.21/lib/perl5/site_perl/5.32.0:/nix/store/y6qjsz9ciq1n80nj7xm94yz5xgdgmrm8-perl5.32.0-Scope-Guard-0.21/lib/perl5/site_perl:/nix/store/vzyfpl31rak595hxfwxz9bqxw7qrr6pq-perl5.32.0-Sub-Info-0.002/lib/perl5/site_perl/5.32.0/x86_64-linux-thread-multi:/nix/store/vzyfpl31rak595hxfwxz9bqxw7qrr6pq-perl5.32.0-Sub-Info-0.002/lib/perl5/site_perl/5.32.0:/nix/store/vzyfpl31rak595hxfwxz9bqxw7qrr6pq-perl5.32.0-Sub-Info-0.002/lib/perl5/site_perl:/nix/store/0wm2ry2gksqnypp7sz48wi94zrv4kvmg-perl5.32.0-Importer-0.025/lib/perl5/site_perl/5.32.0/x86_64-linux-thread-multi:/nix/store/0wm2ry2gksqnypp7sz48wi94zrv4kvmg-perl5.32.0-Importer-0.025/lib/perl5/site_perl/5.32.0:/nix/store/0wm2ry2gksqnypp7sz48wi94zrv4kvmg-perl5.32.0-Importer-0.025/lib/perl5/site_perl:/nix/store/yrlbj04cplw9537f0f3q30asz0n37w68-perl5.32.0-Term-Table-0.015/lib/perl5/site_perl/5.32.0/x86_64-linux-thread-multi:/nix/store/yrlbj04cplw9537f0f3q30asz0n37w68-perl5.32.0-Term-Table-0.015/lib/perl5/site_perl/5.32.0:/nix/store/yrlbj04cplw9537f0f3q30asz0n37w68-perl5.32.0-Term-Table-0.015/lib/perl5/site_perl:/nix/store/k8dm0yp2n1mz7vl9dc51fsssrsiv794s-perl5.32.0-Test-Simple-1.302175/lib/perl5/site_perl/5.32.0/x86_64-linux-thread-multi:/nix/store/k8dm0yp2n1mz7vl9dc51fsssrsiv794s-perl5.32.0-Test-Simple-1.302175/lib/perl5/site_perl/5.32.0:/nix/store/k8dm0yp2n1mz7vl9dc51fsssrsiv794s-perl5.32.0-Test-Simple-1.302175/lib/perl5/site_perl:/nix/store/c94dvm16ph333hj74sa65qkxq7nha9l0-perl5.32.0-FFI-CheckLib-0.27/lib/perl5/site_perl:/nix/store/7c044di03qa7qgr5kjjc2d787aspzp0m-perl-5.32.0/lib/perl5/site_perl:/nix/store/rpi6mdv7mqn5nvl4ih23r7spw84kk5dq-perl5.32.0-Test2-Suite-0.000130/lib/perl5/site_perl:/nix/store/llb07ll37x35q0an3162ra5ya5qdqkaj-perl5.32.0-Module-Pluggable-5.2/lib/perl5/site_perl:/nix/store/y6qjsz9ciq1n80nj7xm94yz5xgdgmrm8-perl5.32.0-Scope-Guard-0.21/lib/perl5/site_perl:/nix/store/vzyfpl31rak595hxfwxz9bqxw7qrr6pq-perl5.32.0-Sub-Info-0.002/lib/perl5/site_perl:/nix/store/0wm2ry2gksqnypp7sz48wi94zrv4kvmg-perl5.32.0-Importer-0.025/lib/perl5/site_perl:/nix/store/yrlbj04cplw9537f0f3q30asz0n37w68-perl5.32.0-Term-Table-0.015/lib/perl5/site_perl:/nix/store/k8dm0yp2n1mz7vl9dc51fsssrsiv794s-perl5.32.0-Test-Simple-1.302175/lib/perl5/site_perl:/nix/store/7c044di03qa7qgr5kjjc2d787aspzp0m-perl-5.32.0/lib/perl5/site_perl:/nix/store/rpi6mdv7mqn5nvl4ih23r7spw84kk5dq-perl5.32.0-Test2-Suite-0.000130/lib/perl5/site_perl:/nix/store/llb07ll37x35q0an3162ra5ya5qdqkaj-perl5.32.0-Module-Pluggable-5.2/lib/perl5/site_perl:/nix/store/y6qjsz9ciq1n80nj7xm94yz5xgdgmrm8-perl5.32.0-Scope-Guard-0.21/lib/perl5/site_perl:/nix/store/vzyfpl31rak595hxfwxz9bqxw7qrr6pq-perl5.32.0-Sub-Info-0.002/lib/perl5/site_perl:/nix/store/0wm2ry2gksqnypp7sz48wi94zrv4kvmg-perl5.32.0-Importer-0.025/lib/perl5/site_perl:/nix/store/yrlbj04cplw9537f0f3q30asz0n37w68-perl5.32.0-Term-Table-0.015/lib/perl5/site_perl:/nix/store/k8dm0yp2n1mz7vl9dc51fsssrsiv794s-perl5.32.0-Test-Simple-1.302175/lib/perl5/site_perl:/nix/store/7c044di03qa7qgr5kjjc2d787aspzp0m-perl-5.32.0/lib/perl5/site_perl:/nix/store/rpi6mdv7mqn5nvl4ih23r7spw84kk5dq-perl5.32.0-Test2-Suite-0.000130/lib/perl5/site_perl:/nix/store/llb07ll37x35q0an3162ra5ya5qdqkaj-perl5.32.0-Module-Pluggable-5.2/lib/perl5/site_perl:/nix/store/y6qjsz9ciq1n80nj7xm94yz5xgdgmrm8-perl5.32.0-Scope-Guard-0.21/lib/perl5/site_perl:/nix/store/vzyfpl31rak595hxfwxz9bqxw7qrr6pq-perl5.32.0-Sub-Info-0.002/lib/perl5/site_perl:/nix/store/0wm2ry2gksqnypp7sz48wi94zrv4kvmg-perl5.32.0-Importer-0.025/lib/perl5/site_perl:/nix/store/yrlbj04cplw9537f0f3q30asz0n37w68-perl5.32.0-Term-Table-0.015/lib/perl5/site_perl:/nix/store/k8dm0yp2n1mz7vl9dc51fsssrsiv794s-perl5.32.0-Test-Simple-1.302175/lib/perl5/site_perl:/nix/store/7c044di03qa7qgr5kjjc2d787aspzp0m-perl-5.32.0/lib/perl5/site_perl:/nix/store/rpi6mdv7mqn5nvl4ih23r7spw84kk5dq-perl5.32.0-Test2-Suite-0.000130/lib/perl5/site_perl:/nix/store/llb07ll37x35q0an3162ra5ya5qdqkaj-perl5.32.0-Module-Pluggable-5.2/lib/perl5/site_perl:/nix/store/y6qjsz9ciq1n80nj7xm94yz5xgdgmrm8-perl5.32.0-Scope-Guard-0.21/lib/perl5/site_perl:/nix/store/vzyfpl31rak595hxfwxz9bqxw7qrr6pq-perl5.32.0-Sub-Info-0.002/lib/perl5/site_perl:/nix/store/0wm2ry2gksqnypp7sz48wi94zrv4kvmg-perl5.32.0-Importer-0.025/lib/perl5/site_perl:/nix/store/yrlbj04cplw9537f0f3q30asz0n37w68-perl5.32.0-Term-Table-0.015/lib/perl5/site_perl:/nix/store/k8dm0yp2n1mz7vl9dc51fsssrsiv794s-perl5.32.0-Test-Simple-1.302175/lib/perl5/site_perl:/nix/store/7c044di03qa7qgr5kjjc2d787aspzp0m-perl-5.32.0/lib/perl5/site_perl:/nix/store/rpi6mdv7mqn5nvl4ih23r7spw84kk5dq-perl5.32.0-Test2-Suite-0.000130/lib/perl5/site_perl:/nix/store/llb07ll37x35q0an3162ra5ya5qdqkaj-perl5.32.0-Module-Pluggable-5.2/lib/perl5/site_perl:/nix/store/y6qjsz9ciq1n80nj7xm94yz5xgdgmrm8-perl5.32.0-Scope-Guard-0.21/lib/perl5/site_perl:/nix/store/vzyfpl31rak595hxfwxz9bqxw7qrr6pq-perl5.32.0-Sub-Info-0.002/lib/perl5/site_perl:/nix/store/0wm2ry2gksqnypp7sz48wi94zrv4kvmg-perl5.32.0-Importer-0.025/lib/perl5/site_perl:/nix/store/yrlbj04cplw9537f0f3q30asz0n37w68-perl5.32.0-Term-Table-0.015/lib/perl5/site_perl:/nix/store/k8dm0yp2n1mz7vl9dc51fsssrsiv794s-perl5.32.0-Test-Simple-1.302175/lib/perl5/site_perl:/nix/store/c94dvm16ph333hj74sa65qkxq7nha9l0-perl5.32.0-FFI-CheckLib-0.27/lib/perl5/site_perl
# PERL_AUTOINSTALL=--skipdeps
# PERL_DL_NONLAZY=1
# PERL_USE_UNSAFE_INC=1
# SHELL=/nix/store/9fqwwd4iybmhjqyxiaxycknslw6bgwh1-bash-4.4-p23/bin/bash
# fullperl=/nix/store/7c044di03qa7qgr5kjjc2d787aspzp0m-perl-5.32.0
# shell=/nix/store/9fqwwd4iybmhjqyxiaxycknslw6bgwh1-bash-4.4-p23/bin/bash
#
#
#
# PERL5LIB path
# /build/FFI-CheckLib-0.27/blib/lib
# /build/FFI-CheckLib-0.27/blib/arch
# /nix/store/7c044di03qa7qgr5kjjc2d787aspzp0m-perl-5.32.0/lib/perl5/site_perl
# /nix/store/rpi6mdv7mqn5nvl4ih23r7spw84kk5dq-perl5.32.0-Test2-Suite-0.000130/lib/perl5/site_perl/5.32.0/x86_64-linux-thread-multi
# /nix/store/rpi6mdv7mqn5nvl4ih23r7spw84kk5dq-perl5.32.0-Test2-Suite-0.000130/lib/perl5/site_perl/5.32.0
# /nix/store/rpi6mdv7mqn5nvl4ih23r7spw84kk5dq-perl5.32.0-Test2-Suite-0.000130/lib/perl5/site_perl
# /nix/store/llb07ll37x35q0an3162ra5ya5qdqkaj-perl5.32.0-Module-Pluggable-5.2/lib/perl5/site_perl/5.32.0/x86_64-linux-thread-multi
# /nix/store/llb07ll37x35q0an3162ra5ya5qdqkaj-perl5.32.0-Module-Pluggable-5.2/lib/perl5/site_perl/5.32.0
# /nix/store/llb07ll37x35q0an3162ra5ya5qdqkaj-perl5.32.0-Module-Pluggable-5.2/lib/perl5/site_perl
# /nix/store/y6qjsz9ciq1n80nj7xm94yz5xgdgmrm8-perl5.32.0-Scope-Guard-0.21/lib/perl5/site_perl/5.32.0/x86_64-linux-thread-multi
# /nix/store/y6qjsz9ciq1n80nj7xm94yz5xgdgmrm8-perl5.32.0-Scope-Guard-0.21/lib/perl5/site_perl/5.32.0
# /nix/store/y6qjsz9ciq1n80nj7xm94yz5xgdgmrm8-perl5.32.0-Scope-Guard-0.21/lib/perl5/site_perl
# /nix/store/vzyfpl31rak595hxfwxz9bqxw7qrr6pq-perl5.32.0-Sub-Info-0.002/lib/perl5/site_perl/5.32.0/x86_64-linux-thread-multi
# /nix/store/vzyfpl31rak595hxfwxz9bqxw7qrr6pq-perl5.32.0-Sub-Info-0.002/lib/perl5/site_perl/5.32.0
# /nix/store/vzyfpl31rak595hxfwxz9bqxw7qrr6pq-perl5.32.0-Sub-Info-0.002/lib/perl5/site_perl
# /nix/store/0wm2ry2gksqnypp7sz48wi94zrv4kvmg-perl5.32.0-Importer-0.025/lib/perl5/site_perl/5.32.0/x86_64-linux-thread-multi
# /nix/store/0wm2ry2gksqnypp7sz48wi94zrv4kvmg-perl5.32.0-Importer-0.025/lib/perl5/site_perl/5.32.0
# /nix/store/0wm2ry2gksqnypp7sz48wi94zrv4kvmg-perl5.32.0-Importer-0.025/lib/perl5/site_perl
# /nix/store/yrlbj04cplw9537f0f3q30asz0n37w68-perl5.32.0-Term-Table-0.015/lib/perl5/site_perl/5.32.0/x86_64-linux-thread-multi
# /nix/store/yrlbj04cplw9537f0f3q30asz0n37w68-perl5.32.0-Term-Table-0.015/lib/perl5/site_perl/5.32.0
# /nix/store/yrlbj04cplw9537f0f3q30asz0n37w68-perl5.32.0-Term-Table-0.015/lib/perl5/site_perl
# /nix/store/k8dm0yp2n1mz7vl9dc51fsssrsiv794s-perl5.32.0-Test-Simple-1.302175/lib/perl5/site_perl/5.32.0/x86_64-linux-thread-multi
# /nix/store/k8dm0yp2n1mz7vl9dc51fsssrsiv794s-perl5.32.0-Test-Simple-1.302175/lib/perl5/site_perl/5.32.0
# /nix/store/k8dm0yp2n1mz7vl9dc51fsssrsiv794s-perl5.32.0-Test-Simple-1.302175/lib/perl5/site_perl
# /nix/store/c94dvm16ph333hj74sa65qkxq7nha9l0-perl5.32.0-FFI-CheckLib-0.27/lib/perl5/site_perl
# /nix/store/7c044di03qa7qgr5kjjc2d787aspzp0m-perl-5.32.0/lib/perl5/site_perl
# /nix/store/rpi6mdv7mqn5nvl4ih23r7spw84kk5dq-perl5.32.0-Test2-Suite-0.000130/lib/perl5/site_perl
# /nix/store/llb07ll37x35q0an3162ra5ya5qdqkaj-perl5.32.0-Module-Pluggable-5.2/lib/perl5/site_perl
# /nix/store/y6qjsz9ciq1n80nj7xm94yz5xgdgmrm8-perl5.32.0-Scope-Guard-0.21/lib/perl5/site_perl
# /nix/store/vzyfpl31rak595hxfwxz9bqxw7qrr6pq-perl5.32.0-Sub-Info-0.002/lib/perl5/site_perl
# /nix/store/0wm2ry2gksqnypp7sz48wi94zrv4kvmg-perl5.32.0-Importer-0.025/lib/perl5/site_perl
# /nix/store/yrlbj04cplw9537f0f3q30asz0n37w68-perl5.32.0-Term-Table-0.015/lib/perl5/site_perl
# /nix/store/k8dm0yp2n1mz7vl9dc51fsssrsiv794s-perl5.32.0-Test-Simple-1.302175/lib/perl5/site_perl
# /nix/store/7c044di03qa7qgr5kjjc2d787aspzp0m-perl-5.32.0/lib/perl5/site_perl
# /nix/store/rpi6mdv7mqn5nvl4ih23r7spw84kk5dq-perl5.32.0-Test2-Suite-0.000130/lib/perl5/site_perl
# /nix/store/llb07ll37x35q0an3162ra5ya5qdqkaj-perl5.32.0-Module-Pluggable-5.2/lib/perl5/site_perl
# /nix/store/y6qjsz9ciq1n80nj7xm94yz5xgdgmrm8-perl5.32.0-Scope-Guard-0.21/lib/perl5/site_perl
# /nix/store/vzyfpl31rak595hxfwxz9bqxw7qrr6pq-perl5.32.0-Sub-Info-0.002/lib/perl5/site_perl
# /nix/store/0wm2ry2gksqnypp7sz48wi94zrv4kvmg-perl5.32.0-Importer-0.025/lib/perl5/site_perl
# /nix/store/yrlbj04cplw9537f0f3q30asz0n37w68-perl5.32.0-Term-Table-0.015/lib/perl5/site_perl
# /nix/store/k8dm0yp2n1mz7vl9dc51fsssrsiv794s-perl5.32.0-Test-Simple-1.302175/lib/perl5/site_perl
# /nix/store/7c044di03qa7qgr5kjjc2d787aspzp0m-perl-5.32.0/lib/perl5/site_perl
# /nix/store/rpi6mdv7mqn5nvl4ih23r7spw84kk5dq-perl5.32.0-Test2-Suite-0.000130/lib/perl5/site_perl
# /nix/store/llb07ll37x35q0an3162ra5ya5qdqkaj-perl5.32.0-Module-Pluggable-5.2/lib/perl5/site_perl
# /nix/store/y6qjsz9ciq1n80nj7xm94yz5xgdgmrm8-perl5.32.0-Scope-Guard-0.21/lib/perl5/site_perl
# /nix/store/vzyfpl31rak595hxfwxz9bqxw7qrr6pq-perl5.32.0-Sub-Info-0.002/lib/perl5/site_perl
# /nix/store/0wm2ry2gksqnypp7sz48wi94zrv4kvmg-perl5.32.0-Importer-0.025/lib/perl5/site_perl
# /nix/store/yrlbj04cplw9537f0f3q30asz0n37w68-perl5.32.0-Term-Table-0.015/lib/perl5/site_perl
# /nix/store/k8dm0yp2n1mz7vl9dc51fsssrsiv794s-perl5.32.0-Test-Simple-1.302175/lib/perl5/site_perl
# /nix/store/7c044di03qa7qgr5kjjc2d787aspzp0m-perl-5.32.0/lib/perl5/site_perl
# /nix/store/rpi6mdv7mqn5nvl4ih23r7spw84kk5dq-perl5.32.0-Test2-Suite-0.000130/lib/perl5/site_perl
# /nix/store/llb07ll37x35q0an3162ra5ya5qdqkaj-perl5.32.0-Module-Pluggable-5.2/lib/perl5/site_perl
# /nix/store/y6qjsz9ciq1n80nj7xm94yz5xgdgmrm8-perl5.32.0-Scope-Guard-0.21/lib/perl5/site_perl
# /nix/store/vzyfpl31rak595hxfwxz9bqxw7qrr6pq-perl5.32.0-Sub-Info-0.002/lib/perl5/site_perl
# /nix/store/0wm2ry2gksqnypp7sz48wi94zrv4kvmg-perl5.32.0-Importer-0.025/lib/perl5/site_perl
# /nix/store/yrlbj04cplw9537f0f3q30asz0n37w68-perl5.32.0-Term-Table-0.015/lib/perl5/site_perl
# /nix/store/k8dm0yp2n1mz7vl9dc51fsssrsiv794s-perl5.32.0-Test-Simple-1.302175/lib/perl5/site_perl
# /nix/store/7c044di03qa7qgr5kjjc2d787aspzp0m-perl-5.32.0/lib/perl5/site_perl
# /nix/store/rpi6mdv7mqn5nvl4ih23r7spw84kk5dq-perl5.32.0-Test2-Suite-0.000130/lib/perl5/site_perl
# /nix/store/llb07ll37x35q0an3162ra5ya5qdqkaj-perl5.32.0-Module-Pluggable-5.2/lib/perl5/site_perl
# /nix/store/y6qjsz9ciq1n80nj7xm94yz5xgdgmrm8-perl5.32.0-Scope-Guard-0.21/lib/perl5/site_perl
# /nix/store/vzyfpl31rak595hxfwxz9bqxw7qrr6pq-perl5.32.0-Sub-Info-0.002/lib/perl5/site_perl
# /nix/store/0wm2ry2gksqnypp7sz48wi94zrv4kvmg-perl5.32.0-Importer-0.025/lib/perl5/site_perl
# /nix/store/yrlbj04cplw9537f0f3q30asz0n37w68-perl5.32.0-Term-Table-0.015/lib/perl5/site_perl
# /nix/store/k8dm0yp2n1mz7vl9dc51fsssrsiv794s-perl5.32.0-Test-Simple-1.302175/lib/perl5/site_perl
# /nix/store/c94dvm16ph333hj74sa65qkxq7nha9l0-perl5.32.0-FFI-CheckLib-0.27/lib/perl5/site_perl
#
#
#
# perl                   5.032000
# DynaLoader             1.47
# ExtUtils::MakeMaker    7.44
# FFI::Platypus          -
# Test2::API             1.302175
# Test2::Require::EnvVar 0.000130
# Test2::Require::Module 0.000130
# Test2::V0              0.000130
# Test::Exit             -
#
#
#
t/00_diag.t ................... ok
t/ci.t ........................ skipped: This test only runs if the $EXTRA_CI environment variable is set
t/ffi_checklib.t .............. ok
t/ffi_checklib__exit.t ........ skipped: Module 'Test::Exit' is not installed
t/ffi_checklib__os_cygwin.t ... ok
t/ffi_checklib__os_darwin.t ... ok
t/ffi_checklib__os_mswin32.t .. ok
t/ffi_checklib__os_msys.t ..... ok
t/ffi_checklib__os_unix.t ..... ok
All tests successful.
Files=9, Tests=64,  1 wallclock secs ( 0.06 usr  0.02 sys +  0.83 cusr  0.12 csys =  1.03 CPU)
Result: PASS
installing
install flags: SHELL=/nix/store/9fqwwd4iybmhjqyxiaxycknslw6bgwh1-bash-4.4-p23/bin/bash pkgconfigdir=/nix/store/c94dvm16ph333hj74sa65qkxq7nha9l0-perl5.32.0-FFI-CheckLib-0.27/lib/pkgconfig m4datadir=/nix/store/c94dvm16ph333hj74sa65qkxq7nha9l0-perl5.32.0-FFI-CheckLib-0.27/share/aclocal aclocaldir=/nix/store/c94dvm16ph333hj74sa65qkxq7nha9l0-perl5.32.0-FFI-CheckLib-0.27/share/aclocal install
Manifying 1 pod document
Installing /nix/store/c94dvm16ph333hj74sa65qkxq7nha9l0-perl5.32.0-FFI-CheckLib-0.27/lib/perl5/site_perl/5.32.0/FFI/CheckLib.pm
Installing /nix/store/c94dvm16ph333hj74sa65qkxq7nha9l0-perl5.32.0-FFI-CheckLib-0.27/share/man/man3/FFI::CheckLib.3
Appending installation info to /nix/store/c94dvm16ph333hj74sa65qkxq7nha9l0-perl5.32.0-FFI-CheckLib-0.27/lib/perl5/5.32.0/x86_64-linux-thread-multi/perllocal.pod
post-installation fixup
Moving /nix/store/c94dvm16ph333hj74sa65qkxq7nha9l0-perl5.32.0-FFI-CheckLib-0.27/share/man/man3 to /nix/store/nljby515ahf54cyhy5asiligyba9l4mj-perl5.32.0-FFI-CheckLib-0.27-devdoc/share/man/man3
Removing empty /nix/store/c94dvm16ph333hj74sa65qkxq7nha9l0-perl5.32.0-FFI-CheckLib-0.27/share/man/ and (possibly) its parents
shrinking RPATHs of ELF executables and libraries in /nix/store/c94dvm16ph333hj74sa65qkxq7nha9l0-perl5.32.0-FFI-CheckLib-0.27
strip is /nix/store/psyzbhp4p088sb9qcs378hfbslcalasl-binutils-2.31.1/bin/strip
stripping (with command strip and flags -S) in /nix/store/c94dvm16ph333hj74sa65qkxq7nha9l0-perl5.32.0-FFI-CheckLib-0.27/lib
patching script interpreter paths in /nix/store/c94dvm16ph333hj74sa65qkxq7nha9l0-perl5.32.0-FFI-CheckLib-0.27
checking for references to /build/ in /nix/store/c94dvm16ph333hj74sa65qkxq7nha9l0-perl5.32.0-FFI-CheckLib-0.27...
shrinking RPATHs of ELF executables and libraries in /nix/store/nljby515ahf54cyhy5asiligyba9l4mj-perl5.32.0-FFI-CheckLib-0.27-devdoc
gzipping man pages under /nix/store/nljby515ahf54cyhy5asiligyba9l4mj-perl5.32.0-FFI-CheckLib-0.27-devdoc/share/man/
strip is /nix/store/psyzbhp4p088sb9qcs378hfbslcalasl-binutils-2.31.1/bin/strip
patching script interpreter paths in /nix/store/nljby515ahf54cyhy5asiligyba9l4mj-perl5.32.0-FFI-CheckLib-0.27-devdoc
checking for references to /build/ in /nix/store/nljby515ahf54cyhy5asiligyba9l4mj-perl5.32.0-FFI-CheckLib-0.27-devdoc...
building '/nix/store/r190agh3dv85n2iz4gr265h7rf3j6kfq-perl5.32.0-Alien-Build-2.26.drv'...
unpacking sources
unpacking source archive /nix/store/i7p1sbrlh589qf4hf3jcbxf29p8zkr86-Alien-Build-2.26.tar.gz
source root is Alien-Build-2.26
setting SOURCE_DATE_EPOCH to timestamp 1592313085 of file Alien-Build-2.26/xt/release/fixme.t
patching sources
configuring
patching ./maint/travis-dzil...
patching ./maint/travis-daemon...
patching ./maint/travis-install-deps...
patching ./maint/travis-run-test...
patching ./maint/cip-before-install...
patching ./maint/update-cmake-libpalindrome...
patching ./maint/cip-test-plugins...
patching ./t/bin/httpd...
patching ./t/bin/ftpd...
patching ./corpus/lib/auto/share/dist/Alien-libfoo2/bin/foo-config...
patching ./corpus/dist/foo-1.00/configure...
Checking if your kit is complete...
Looks good
Generating a Unix-style Makefile
Writing Makefile for Alien::Build
Writing MYMETA.yml and MYMETA.json
no configure script, doing nothing
building
build flags: SHELL=/nix/store/9fqwwd4iybmhjqyxiaxycknslw6bgwh1-bash-4.4-p23/bin/bash
cp lib/Alien/Build/Log/Abbreviate.pm blib/lib/Alien/Build/Log/Abbreviate.pm
cp lib/Alien/Build.pm blib/lib/Alien/Build.pm
cp lib/Alien/Base/Authoring.pod blib/lib/Alien/Base/Authoring.pod
cp lib/Alien/Build/Plugin/Core/Download.pm blib/lib/Alien/Build/Plugin/Core/Download.pm
cp lib/Alien/Build/Plugin/Build/CMake.pm blib/lib/Alien/Build/Plugin/Build/CMake.pm
cp lib/Alien/Build/Manual/AlienAuthor.pod blib/lib/Alien/Build/Manual/AlienAuthor.pod
cp lib/Alien/Base/Wrapper.pm blib/lib/Alien/Base/Wrapper.pm
cp lib/Alien/Base.pm blib/lib/Alien/Base.pm
cp lib/Alien/Build/Plugin/Core/FFI.pm blib/lib/Alien/Build/Plugin/Core/FFI.pm
cp lib/Alien/Build/Log.pm blib/lib/Alien/Build/Log.pm
cp lib/Alien/Build/Manual/AlienUser.pod blib/lib/Alien/Build/Manual/AlienUser.pod
cp lib/Alien/Build/Log/Default.pm blib/lib/Alien/Build/Log/Default.pm
cp lib/Alien/Base/PkgConfig.pm blib/lib/Alien/Base/PkgConfig.pm
cp lib/Alien/Build/Plugin/Core/Legacy.pm blib/lib/Alien/Build/Plugin/Core/Legacy.pm
cp lib/Alien/Build/Plugin/Core/Gather.pm blib/lib/Alien/Build/Plugin/Core/Gather.pm
cp lib/Alien/Build/Plugin/Build/Copy.pm blib/lib/Alien/Build/Plugin/Build/Copy.pm
cp lib/Alien/Build/Plugin/Core/CleanInstall.pm blib/lib/Alien/Build/Plugin/Core/CleanInstall.pm
cp lib/Alien/Build/Plugin/Build.pod blib/lib/Alien/Build/Plugin/Build.pod
cp lib/Alien/Build/Plugin/Build/Autoconf.pm blib/lib/Alien/Build/Plugin/Build/Autoconf.pm
cp lib/Alien/Build/Manual/FAQ.pod blib/lib/Alien/Build/Manual/FAQ.pod
cp lib/Alien/Build/Manual/PluginAuthor.pod blib/lib/Alien/Build/Manual/PluginAuthor.pod
cp lib/Alien/Build/Plugin.pm blib/lib/Alien/Build/Plugin.pm
cp lib/Alien/Build/Interpolate/Default.pm blib/lib/Alien/Build/Interpolate/Default.pm
cp lib/Alien/Build/Plugin/Build/MSYS.pm blib/lib/Alien/Build/Plugin/Build/MSYS.pm
cp lib/Alien/Base/FAQ.pod blib/lib/Alien/Base/FAQ.pod
cp lib/Alien/Build/Plugin/Build/Make.pm blib/lib/Alien/Build/Plugin/Build/Make.pm
cp lib/Alien/Build/CommandSequence.pm blib/lib/Alien/Build/CommandSequence.pm
cp lib/Alien/Build/MM.pm blib/lib/Alien/Build/MM.pm
cp lib/Alien/Build/Plugin/Core.pod blib/lib/Alien/Build/Plugin/Core.pod
cp lib/Alien/Build/Manual/Contributing.pod blib/lib/Alien/Build/Manual/Contributing.pod
cp lib/Alien/Build/Plugin/Build/SearchDep.pm blib/lib/Alien/Build/Plugin/Build/SearchDep.pm
cp lib/Alien/Build/Interpolate.pm blib/lib/Alien/Build/Interpolate.pm
cp lib/Alien/Build/Manual/Alien.pod blib/lib/Alien/Build/Manual/Alien.pod
cp lib/Alien/Build/Plugin/Extract/CommandLine.pm blib/lib/Alien/Build/Plugin/Extract/CommandLine.pm
cp lib/Alien/Build/Plugin/Fetch/LWP.pm blib/lib/Alien/Build/Plugin/Fetch/LWP.pm
cp lib/Alien/Build/Plugin/Core/Setup.pm blib/lib/Alien/Build/Plugin/Core/Setup.pm
cp lib/Alien/Build/Plugin/PkgConfig/LibPkgConf.pm blib/lib/Alien/Build/Plugin/PkgConfig/LibPkgConf.pm
cp lib/Alien/Build/Plugin/Fetch/LocalDir.pm blib/lib/Alien/Build/Plugin/Fetch/LocalDir.pm
cp lib/Alien/Build/Plugin/Fetch/Wget.pm blib/lib/Alien/Build/Plugin/Fetch/Wget.pm
cp lib/Alien/Build/Plugin/PkgConfig/CommandLine.pm blib/lib/Alien/Build/Plugin/PkgConfig/CommandLine.pm
cp lib/Alien/Build/Plugin/Decode/DirListingFtpcopy.pm blib/lib/Alien/Build/Plugin/Decode/DirListingFtpcopy.pm
cp lib/Alien/Build/Plugin/Download.pod blib/lib/Alien/Build/Plugin/Download.pod
cp lib/Alien/Build/Plugin/Fetch/Local.pm blib/lib/Alien/Build/Plugin/Fetch/Local.pm
cp lib/Alien/Build/Plugin/Extract/ArchiveTar.pm blib/lib/Alien/Build/Plugin/Extract/ArchiveTar.pm
cp lib/Alien/Build/Plugin/Extract/Negotiate.pm blib/lib/Alien/Build/Plugin/Extract/Negotiate.pm
cp lib/Alien/Build/Plugin/Core/Override.pm blib/lib/Alien/Build/Plugin/Core/Override.pm
cp lib/Alien/Build/Plugin/Fetch/NetFTP.pm blib/lib/Alien/Build/Plugin/Fetch/NetFTP.pm
cp lib/Alien/Build/Plugin/Decode.pod blib/lib/Alien/Build/Plugin/Decode.pod
cp lib/Alien/Build/Plugin/Fetch/CurlCommand.pm blib/lib/Alien/Build/Plugin/Fetch/CurlCommand.pm
cp lib/Alien/Build/Plugin/Fetch/HTTPTiny.pm blib/lib/Alien/Build/Plugin/Fetch/HTTPTiny.pm
cp lib/Alien/Build/Plugin/Extract/Directory.pm blib/lib/Alien/Build/Plugin/Extract/Directory.pm
cp lib/Alien/Build/Plugin/Decode/Mojo.pm blib/lib/Alien/Build/Plugin/Decode/Mojo.pm
cp lib/Alien/Build/Plugin/Decode/DirListing.pm blib/lib/Alien/Build/Plugin/Decode/DirListing.pm
cp lib/Alien/Build/Plugin/Download/Negotiate.pm blib/lib/Alien/Build/Plugin/Download/Negotiate.pm
cp lib/Alien/Build/Plugin/Fetch.pod blib/lib/Alien/Build/Plugin/Fetch.pod
cp lib/Alien/Build/Plugin/Decode/HTML.pm blib/lib/Alien/Build/Plugin/Decode/HTML.pm
cp lib/Alien/Build/Plugin/Gather/IsolateDynamic.pm blib/lib/Alien/Build/Plugin/Gather/IsolateDynamic.pm
cp lib/Alien/Build/Plugin/Extract.pod blib/lib/Alien/Build/Plugin/Extract.pod
cp lib/Alien/Build/Plugin/Core/Tail.pm blib/lib/Alien/Build/Plugin/Core/Tail.pm
cp lib/Alien/Build/Plugin/Extract/ArchiveZip.pm blib/lib/Alien/Build/Plugin/Extract/ArchiveZip.pm
cp lib/Alien/Build/Plugin/Probe/CommandLine.pm blib/lib/Alien/Build/Plugin/Probe/CommandLine.pm
cp lib/Alien/Build/Temp.pm blib/lib/Alien/Build/Temp.pm
cp lib/Alien/Build/rc.pm blib/lib/Alien/Build/rc.pm
cp lib/Alien/Build/Plugin/Probe.pod blib/lib/Alien/Build/Plugin/Probe.pod
cp lib/Alien/Build/Plugin/Prefer.pod blib/lib/Alien/Build/Plugin/Prefer.pod
cp lib/Test/Alien/CanPlatypus.pm blib/lib/Test/Alien/CanPlatypus.pm
cp lib/Alien/Build/Version/Basic.pm blib/lib/Alien/Build/Version/Basic.pm
cp lib/Alien/Build/Plugin/Prefer/SortVersions.pm blib/lib/Alien/Build/Plugin/Prefer/SortVersions.pm
cp lib/Alien/Role.pm blib/lib/Alien/Role.pm
cp lib/Alien/Build/Plugin/Prefer/GoodVersion.pm blib/lib/Alien/Build/Plugin/Prefer/GoodVersion.pm
cp lib/Test/Alien/Run.pm blib/lib/Test/Alien/Run.pm
cp lib/alienfile.pm blib/lib/alienfile.pm
cp lib/Alien/Build/Plugin/Probe/Vcpkg.pm blib/lib/Alien/Build/Plugin/Probe/Vcpkg.pm
cp lib/Alien/Build/Plugin/Test/Mock.pm blib/lib/Alien/Build/Plugin/Test/Mock.pm
cp lib/Test/Alien/Diag.pm blib/lib/Test/Alien/Diag.pm
cp lib/Alien/Build/Plugin/Probe/CBuilder.pm blib/lib/Alien/Build/Plugin/Probe/CBuilder.pm
cp lib/Alien/Build/Plugin/PkgConfig/MakeStatic.pm blib/lib/Alien/Build/Plugin/PkgConfig/MakeStatic.pm
cp lib/Alien/Build/Plugin/PkgConfig/PP.pm blib/lib/Alien/Build/Plugin/PkgConfig/PP.pm
cp lib/Alien/Build/Plugin/Prefer/BadVersion.pm blib/lib/Alien/Build/Plugin/Prefer/BadVersion.pm
cp lib/Test/Alien/Synthetic.pm blib/lib/Test/Alien/Synthetic.pm
cp lib/Test/Alien/CanCompile.pm blib/lib/Test/Alien/CanCompile.pm
cp lib/Test/Alien.pm blib/lib/Test/Alien.pm
cp lib/Alien/Build/Util.pm blib/lib/Alien/Build/Util.pm
cp lib/Test/Alien/Build.pm blib/lib/Test/Alien/Build.pm
cp lib/Alien/Build/Plugin/PkgConfig/Negotiate.pm blib/lib/Alien/Build/Plugin/PkgConfig/Negotiate.pm
Manifying 30 pod documents
Manifying 26 pod documents
Manifying 29 pod documents
running tests
check flags: SHELL=/nix/store/9fqwwd4iybmhjqyxiaxycknslw6bgwh1-bash-4.4-p23/bin/bash VERBOSE=y test
PERL_DL_NONLAZY=1 "/nix/store/7c044di03qa7qgr5kjjc2d787aspzp0m-perl-5.32.0/bin/perl" "-MExtUtils::Command::MM" "-MTest::Harness" "-e" "undef *Test::Harness::Switches; test_harness(0, 'blib/lib', 'blib/arch')" t/*.t
t/00_diag.t .......................................... 1/? #
#
#
# HARNESS_ACTIVE=1
# HARNESS_VERSION=3.42
# PERL5LIB=/build/Alien-Build-2.26/blib/lib:/build/Alien-Build-2.26/blib/arch:/nix/store/7c044di03qa7qgr5kjjc2d787aspzp0m-perl-5.32.0/lib/perl5/site_perl:/nix/store/1svhp2lww0mpdj62gi1ic9ci0cqxaad3-perl5.32.0-Devel-Hide-0.0013/lib/perl5/site_perl/5.32.0/x86_64-linux-thread-multi:/nix/store/1svhp2lww0mpdj62gi1ic9ci0cqxaad3-perl5.32.0-Devel-Hide-0.0013/lib/perl5/site_perl/5.32.0:/nix/store/1svhp2lww0mpdj62gi1ic9ci0cqxaad3-perl5.32.0-Devel-Hide-0.0013/lib/perl5/site_perl:/nix/store/rpi6mdv7mqn5nvl4ih23r7spw84kk5dq-perl5.32.0-Test2-Suite-0.000130/lib/perl5/site_perl/5.32.0/x86_64-linux-thread-multi:/nix/store/rpi6mdv7mqn5nvl4ih23r7spw84kk5dq-perl5.32.0-Test2-Suite-0.000130/lib/perl5/site_perl/5.32.0:/nix/store/rpi6mdv7mqn5nvl4ih23r7spw84kk5dq-perl5.32.0-Test2-Suite-0.000130/lib/perl5/site_perl:/nix/store/llb07ll37x35q0an3162ra5ya5qdqkaj-perl5.32.0-Module-Pluggable-5.2/lib/perl5/site_perl/5.32.0/x86_64-linux-thread-multi:/nix/store/llb07ll37x35q0an3162ra5ya5qdqkaj-perl5.32.0-Module-Pluggable-5.2/lib/perl5/site_perl/5.32.0:/nix/store/llb07ll37x35q0an3162ra5ya5qdqkaj-perl5.32.0-Module-Pluggable-5.2/lib/perl5/site_perl:/nix/store/y6qjsz9ciq1n80nj7xm94yz5xgdgmrm8-perl5.32.0-Scope-Guard-0.21/lib/perl5/site_perl/5.32.0/x86_64-linux-thread-multi:/nix/store/y6qjsz9ciq1n80nj7xm94yz5xgdgmrm8-perl5.32.0-Scope-Guard-0.21/lib/perl5/site_perl/5.32.0:/nix/store/y6qjsz9ciq1n80nj7xm94yz5xgdgmrm8-perl5.32.0-Scope-Guard-0.21/lib/perl5/site_perl:/nix/store/vzyfpl31rak595hxfwxz9bqxw7qrr6pq-perl5.32.0-Sub-Info-0.002/lib/perl5/site_perl/5.32.0/x86_64-linux-thread-multi:/nix/store/vzyfpl31rak595hxfwxz9bqxw7qrr6pq-perl5.32.0-Sub-Info-0.002/lib/perl5/site_perl/5.32.0:/nix/store/vzyfpl31rak595hxfwxz9bqxw7qrr6pq-perl5.32.0-Sub-Info-0.002/lib/perl5/site_perl:/nix/store/0wm2ry2gksqnypp7sz48wi94zrv4kvmg-perl5.32.0-Importer-0.025/lib/perl5/site_perl/5.32.0/x86_64-linux-thread-multi:/nix/store/0wm2ry2gksqnypp7sz48wi94zrv4kvmg-perl5.32.0-Importer-0.025/lib/perl5/site_perl/5.32.0:/nix/store/0wm2ry2gksqnypp7sz48wi94zrv4kvmg-perl5.32.0-Importer-0.025/lib/perl5/site_perl:/nix/store/yrlbj04cplw9537f0f3q30asz0n37w68-perl5.32.0-Term-Table-0.015/lib/perl5/site_perl/5.32.0/x86_64-linux-thread-multi:/nix/store/yrlbj04cplw9537f0f3q30asz0n37w68-perl5.32.0-Term-Table-0.015/lib/perl5/site_perl/5.32.0:/nix/store/yrlbj04cplw9537f0f3q30asz0n37w68-perl5.32.0-Term-Table-0.015/lib/perl5/site_perl:/nix/store/k8dm0yp2n1mz7vl9dc51fsssrsiv794s-perl5.32.0-Test-Simple-1.302175/lib/perl5/site_perl/5.32.0/x86_64-linux-thread-multi:/nix/store/k8dm0yp2n1mz7vl9dc51fsssrsiv794s-perl5.32.0-Test-Simple-1.302175/lib/perl5/site_perl/5.32.0:/nix/store/k8dm0yp2n1mz7vl9dc51fsssrsiv794s-perl5.32.0-Test-Simple-1.302175/lib/perl5/site_perl:/nix/store/dsyw40fh2zf3c6yxl9n61g84dmzd8jhf-perl5.32.0-Capture-Tiny-0.48/lib/perl5/site_perl/5.32.0/x86_64-linux-thread-multi:/nix/store/dsyw40fh2zf3c6yxl9n61g84dmzd8jhf-perl5.32.0-Capture-Tiny-0.48/lib/perl5/site_perl/5.32.0:/nix/store/dsyw40fh2zf3c6yxl9n61g84dmzd8jhf-perl5.32.0-Capture-Tiny-0.48/lib/perl5/site_perl:/nix/store/c94dvm16ph333hj74sa65qkxq7nha9l0-perl5.32.0-FFI-CheckLib-0.27/lib/perl5/site_perl/5.32.0/x86_64-linux-thread-multi:/nix/store/c94dvm16ph333hj74sa65qkxq7nha9l0-perl5.32.0-FFI-CheckLib-0.27/lib/perl5/site_perl/5.32.0:/nix/store/c94dvm16ph333hj74sa65qkxq7nha9l0-perl5.32.0-FFI-CheckLib-0.27/lib/perl5/site_perl:/nix/store/hlm73mjykr3kmxkzv32k9c5dq7dzwahw-perl5.32.0-File-Which-1.23/lib/perl5/site_perl/5.32.0/x86_64-linux-thread-multi:/nix/store/hlm73mjykr3kmxkzv32k9c5dq7dzwahw-perl5.32.0-File-Which-1.23/lib/perl5/site_perl/5.32.0:/nix/store/hlm73mjykr3kmxkzv32k9c5dq7dzwahw-perl5.32.0-File-Which-1.23/lib/perl5/site_perl:/nix/store/4zj671q375m04xbpmzfnp36hfbcjzffw-perl5.32.0-File-chdir-0.1010/lib/perl5/site_perl/5.32.0/x86_64-linux-thread-multi:/nix/store/4zj671q375m04xbpmzfnp36hfbcjzffw-perl5.32.0-File-chdir-0.1010/lib/perl5/site_perl/5.32.0:/nix/store/4zj671q375m04xbpmzfnp36hfbcjzffw-perl5.32.0-File-chdir-0.1010/lib/perl5/site_perl:/nix/store/ylx0jdm8c7zz8pdc474082a9svlwqsry-perl5.32.0-Path-Tiny-0.114/lib/perl5/site_perl/5.32.0/x86_64-linux-thread-multi:/nix/store/ylx0jdm8c7zz8pdc474082a9svlwqsry-perl5.32.0-Path-Tiny-0.114/lib/perl5/site_perl/5.32.0:/nix/store/ylx0jdm8c7zz8pdc474082a9svlwqsry-perl5.32.0-Path-Tiny-0.114/lib/perl5/site_perl:/nix/store/qdngwv8fbzgym6kmnh2a7q8lm8jw51h0-perl5.32.0-PkgConfig-0.23026/lib/perl5/site_perl/5.32.0/x86_64-linux-thread-multi:/nix/store/qdngwv8fbzgym6kmnh2a7q8lm8jw51h0-perl5.32.0-PkgConfig-0.23026/lib/perl5/site_perl/5.32.0:/nix/store/qdngwv8fbzgym6kmnh2a7q8lm8jw51h0-perl5.32.0-PkgConfig-0.23026/lib/perl5/site_perl:/nix/store/hgbgg8a7x544csgvf66jlh86216ziz6f-perl5.32.0-Alien-Build-2.26/lib/perl5/site_perl:/nix/store/7c044di03qa7qgr5kjjc2d787aspzp0m-perl-5.32.0/lib/perl5/site_perl:/nix/store/1svhp2lww0mpdj62gi1ic9ci0cqxaad3-perl5.32.0-Devel-Hide-0.0013/lib/perl5/site_perl:/nix/store/rpi6mdv7mqn5nvl4ih23r7spw84kk5dq-perl5.32.0-Test2-Suite-0.000130/lib/perl5/site_perl:/nix/store/llb07ll37x35q0an3162ra5ya5qdqkaj-perl5.32.0-Module-Pluggable-5.2/lib/perl5/site_perl:/nix/store/y6qjsz9ciq1n80nj7xm94yz5xgdgmrm8-perl5.32.0-Scope-Guard-0.21/lib/perl5/site_perl:/nix/store/vzyfpl31rak595hxfwxz9bqxw7qrr6pq-perl5.32.0-Sub-Info-0.002/lib/perl5/site_perl:/nix/store/0wm2ry2gksqnypp7sz48wi94zrv4kvmg-perl5.32.0-Importer-0.025/lib/perl5/site_perl:/nix/store/yrlbj04cplw9537f0f3q30asz0n37w68-perl5.32.0-Term-Table-0.015/lib/perl5/site_perl:/nix/store/k8dm0yp2n1mz7vl9dc51fsssrsiv794s-perl5.32.0-Test-Simple-1.302175/lib/perl5/site_perl:/nix/store/dsyw40fh2zf3c6yxl9n61g84dmzd8jhf-perl5.32.0-Capture-Tiny-0.48/lib/perl5/site_perl:/nix/store/c94dvm16ph333hj74sa65qkxq7nha9l0-perl5.32.0-FFI-CheckLib-0.27/lib/perl5/site_perl:/nix/store/hlm73mjykr3kmxkzv32k9c5dq7dzwahw-perl5.32.0-File-Which-1.23/lib/perl5/site_perl:/nix/store/4zj671q375m04xbpmzfnp36hfbcjzffw-perl5.32.0-File-chdir-0.1010/lib/perl5/site_perl:/nix/store/ylx0jdm8c7zz8pdc474082a9svlwqsry-perl5.32.0-Path-Tiny-0.114/lib/perl5/site_perl:/nix/store/qdngwv8fbzgym6kmnh2a7q8lm8jw51h0-perl5.32.0-PkgConfig-0.23026/lib/perl5/site_perl:/nix/store/7c044di03qa7qgr5kjjc2d787aspzp0m-perl-5.32.0/lib/perl5/site_perl:/nix/store/1svhp2lww0mpdj62gi1ic9ci0cqxaad3-perl5.32.0-Devel-Hide-0.0013/lib/perl5/site_perl:/nix/store/rpi6mdv7mqn5nvl4ih23r7spw84kk5dq-perl5.32.0-Test2-Suite-0.000130/lib/perl5/site_perl:/nix/store/llb07ll37x35q0an3162ra5ya5qdqkaj-perl5.32.0-Module-Pluggable-5.2/lib/perl5/site_perl:/nix/store/y6qjsz9ciq1n80nj7xm94yz5xgdgmrm8-perl5.32.0-Scope-Guard-0.21/lib/perl5/site_perl:/nix/store/vzyfpl31rak595hxfwxz9bqxw7qrr6pq-perl5.32.0-Sub-Info-0.002/lib/perl5/site_perl:/nix/store/0wm2ry2gksqnypp7sz48wi94zrv4kvmg-perl5.32.0-Importer-0.025/lib/perl5/site_perl:/nix/store/yrlbj04cplw9537f0f3q30asz0n37w68-perl5.32.0-Term-Table-0.015/lib/perl5/site_perl:/nix/store/k8dm0yp2n1mz7vl9dc51fsssrsiv794s-perl5.32.0-Test-Simple-1.302175/lib/perl5/site_perl:/nix/store/dsyw40fh2zf3c6yxl9n61g84dmzd8jhf-perl5.32.0-Capture-Tiny-0.48/lib/perl5/site_perl:/nix/store/c94dvm16ph333hj74sa65qkxq7nha9l0-perl5.32.0-FFI-CheckLib-0.27/lib/perl5/site_perl:/nix/store/hlm73mjykr3kmxkzv32k9c5dq7dzwahw-perl5.32.0-File-Which-1.23/lib/perl5/site_perl:/nix/store/4zj671q375m04xbpmzfnp36hfbcjzffw-perl5.32.0-File-chdir-0.1010/lib/perl5/site_perl:/nix/store/ylx0jdm8c7zz8pdc474082a9svlwqsry-perl5.32.0-Path-Tiny-0.114/lib/perl5/site_perl:/nix/store/qdngwv8fbzgym6kmnh2a7q8lm8jw51h0-perl5.32.0-PkgConfig-0.23026/lib/perl5/site_perl:/nix/store/7c044di03qa7qgr5kjjc2d787aspzp0m-perl-5.32.0/lib/perl5/site_perl:/nix/store/1svhp2lww0mpdj62gi1ic9ci0cqxaad3-perl5.32.0-Devel-Hide-0.0013/lib/perl5/site_perl:/nix/store/rpi6mdv7mqn5nvl4ih23r7spw84kk5dq-perl5.32.0-Test2-Suite-0.000130/lib/perl5/site_perl:/nix/store/llb07ll37x35q0an3162ra5ya5qdqkaj-perl5.32.0-Module-Pluggable-5.2/lib/perl5/site_perl:/nix/store/y6qjsz9ciq1n80nj7xm94yz5xgdgmrm8-perl5.32.0-Scope-Guard-0.21/lib/perl5/site_perl:/nix/store/vzyfpl31rak595hxfwxz9bqxw7qrr6pq-perl5.32.0-Sub-Info-0.002/lib/perl5/site_perl:/nix/store/0wm2ry2gksqnypp7sz48wi94zrv4kvmg-perl5.32.0-Importer-0.025/lib/perl5/site_perl:/nix/store/yrlbj04cplw9537f0f3q30asz0n37w68-perl5.32.0-Term-Table-0.015/lib/perl5/site_perl:/nix/store/k8dm0yp2n1mz7vl9dc51fsssrsiv794s-perl5.32.0-Test-Simple-1.302175/lib/perl5/site_perl:/nix/store/dsyw40fh2zf3c6yxl9n61g84dmzd8jhf-perl5.32.0-Capture-Tiny-0.48/lib/perl5/site_perl:/nix/store/c94dvm16ph333hj74sa65qkxq7nha9l0-perl5.32.0-FFI-CheckLib-0.27/lib/perl5/site_perl:/nix/store/hlm73mjykr3kmxkzv32k9c5dq7dzwahw-perl5.32.0-File-Which-1.23/lib/perl5/site_perl:/nix/store/4zj671q375m04xbpmzfnp36hfbcjzffw-perl5.32.0-File-chdir-0.1010/lib/perl5/site_perl:/nix/store/ylx0jdm8c7zz8pdc474082a9svlwqsry-perl5.32.0-Path-Tiny-0.114/lib/perl5/site_perl:/nix/store/qdngwv8fbzgym6kmnh2a7q8lm8jw51h0-perl5.32.0-PkgConfig-0.23026/lib/perl5/site_perl:/nix/store/7c044di03qa7qgr5kjjc2d787aspzp0m-perl-5.32.0/lib/perl5/site_perl:/nix/store/1svhp2lww0mpdj62gi1ic9ci0cqxaad3-perl5.32.0-Devel-Hide-0.0013/lib/perl5/site_perl:/nix/store/rpi6mdv7mqn5nvl4ih23r7spw84kk5dq-perl5.32.0-Test2-Suite-0.000130/lib/perl5/site_perl:/nix/store/llb07ll37x35q0an3162ra5ya5qdqkaj-perl5.32.0-Module-Pluggable-5.2/lib/perl5/site_perl:/nix/store/y6qjsz9ciq1n80nj7xm94yz5xgdgmrm8-perl5.32.0-Scope-Guard-0.21/lib/perl5/site_perl:/nix/store/vzyfpl31rak595hxfwxz9bqxw7qrr6pq-perl5.32.0-Sub-Info-0.002/lib/perl5/site_perl:/nix/store/0wm2ry2gksqnypp7sz48wi94zrv4kvmg-perl5.32.0-Importer-0.025/lib/perl5/site_perl:/nix/store/yrlbj04cplw9537f0f3q30asz0n37w68-perl5.32.0-Term-Table-0.015/lib/perl5/site_perl:/nix/store/k8dm0yp2n1mz7vl9dc51fsssrsiv794s-perl5.32.0-Test-Simple-1.302175/lib/perl5/site_perl:/nix/store/dsyw40fh2zf3c6yxl9n61g84dmzd8jhf-perl5.32.0-Capture-Tiny-0.48/lib/perl5/site_perl:/nix/store/c94dvm16ph333hj74sa65qkxq7nha9l0-perl5.32.0-FFI-CheckLib-0.27/lib/perl5/site_perl:/nix/store/hlm73mjykr3kmxkzv32k9c5dq7dzwahw-perl5.32.0-File-Which-1.23/lib/perl5/site_perl:/nix/store/4zj671q375m04xbpmzfnp36hfbcjzffw-perl5.32.0-File-chdir-0.1010/lib/perl5/site_perl:/nix/store/ylx0jdm8c7zz8pdc474082a9svlwqsry-perl5.32.0-Path-Tiny-0.114/lib/perl5/site_perl:/nix/store/qdngwv8fbzgym6kmnh2a7q8lm8jw51h0-perl5.32.0-PkgConfig-0.23026/lib/perl5/site_perl:/nix/store/7c044di03qa7qgr5kjjc2d787aspzp0m-perl-5.32.0/lib/perl5/site_perl:/nix/store/1svhp2lww0mpdj62gi1ic9ci0cqxaad3-perl5.32.0-Devel-Hide-0.0013/lib/perl5/site_perl:/nix/store/rpi6mdv7mqn5nvl4ih23r7spw84kk5dq-perl5.32.0-Test2-Suite-0.000130/lib/perl5/site_perl:/nix/store/llb07ll37x35q0an3162ra5ya5qdqkaj-perl5.32.0-Module-Pluggable-5.2/lib/perl5/site_perl:/nix/store/y6qjsz9ciq1n80nj7xm94yz5xgdgmrm8-perl5.32.0-Scope-Guard-0.21/lib/perl5/site_perl:/nix/store/vzyfpl31rak595hxfwxz9bqxw7qrr6pq-perl5.32.0-Sub-Info-0.002/lib/perl5/site_perl:/nix/store/0wm2ry2gksqnypp7sz48wi94zrv4kvmg-perl5.32.0-Importer-0.025/lib/perl5/site_perl:/nix/store/yrlbj04cplw9537f0f3q30asz0n37w68-perl5.32.0-Term-Table-0.015/lib/perl5/site_perl:/nix/store/k8dm0yp2n1mz7vl9dc51fsssrsiv794s-perl5.32.0-Test-Simple-1.302175/lib/perl5/site_perl:/nix/store/dsyw40fh2zf3c6yxl9n61g84dmzd8jhf-perl5.32.0-Capture-Tiny-0.48/lib/perl5/site_perl:/nix/store/c94dvm16ph333hj74sa65qkxq7nha9l0-perl5.32.0-FFI-CheckLib-0.27/lib/perl5/site_perl:/nix/store/hlm73mjykr3kmxkzv32k9c5dq7dzwahw-perl5.32.0-File-Which-1.23/lib/perl5/site_perl:/nix/store/4zj671q375m04xbpmzfnp36hfbcjzffw-perl5.32.0-File-chdir-0.1010/lib/perl5/site_perl:/nix/store/ylx0jdm8c7zz8pdc474082a9svlwqsry-perl5.32.0-Path-Tiny-0.114/lib/perl5/site_perl:/nix/store/qdngwv8fbzgym6kmnh2a7q8lm8jw51h0-perl5.32.0-PkgConfig-0.23026/lib/perl5/site_perl:/nix/store/hgbgg8a7x544csgvf66jlh86216ziz6f-perl5.32.0-Alien-Build-2.26/lib/perl5/site_perl
# PERL_AUTOINSTALL=--skipdeps
# PERL_DL_NONLAZY=1
# PERL_USE_UNSAFE_INC=1
# SHELL=/nix/store/9fqwwd4iybmhjqyxiaxycknslw6bgwh1-bash-4.4-p23/bin/bash
# fullperl=/nix/store/7c044di03qa7qgr5kjjc2d787aspzp0m-perl-5.32.0
# shell=/nix/store/9fqwwd4iybmhjqyxiaxycknslw6bgwh1-bash-4.4-p23/bin/bash
#
#
#
# PERL5LIB path
# /build/Alien-Build-2.26/blib/lib
# /build/Alien-Build-2.26/blib/arch
# /nix/store/7c044di03qa7qgr5kjjc2d787aspzp0m-perl-5.32.0/lib/perl5/site_perl
# /nix/store/1svhp2lww0mpdj62gi1ic9ci0cqxaad3-perl5.32.0-Devel-Hide-0.0013/lib/perl5/site_perl/5.32.0/x86_64-linux-thread-multi
# /nix/store/1svhp2lww0mpdj62gi1ic9ci0cqxaad3-perl5.32.0-Devel-Hide-0.0013/lib/perl5/site_perl/5.32.0
# /nix/store/1svhp2lww0mpdj62gi1ic9ci0cqxaad3-perl5.32.0-Devel-Hide-0.0013/lib/perl5/site_perl
# /nix/store/rpi6mdv7mqn5nvl4ih23r7spw84kk5dq-perl5.32.0-Test2-Suite-0.000130/lib/perl5/site_perl/5.32.0/x86_64-linux-thread-multi
# /nix/store/rpi6mdv7mqn5nvl4ih23r7spw84kk5dq-perl5.32.0-Test2-Suite-0.000130/lib/perl5/site_perl/5.32.0
# /nix/store/rpi6mdv7mqn5nvl4ih23r7spw84kk5dq-perl5.32.0-Test2-Suite-0.000130/lib/perl5/site_perl
# /nix/store/llb07ll37x35q0an3162ra5ya5qdqkaj-perl5.32.0-Module-Pluggable-5.2/lib/perl5/site_perl/5.32.0/x86_64-linux-thread-multi
# /nix/store/llb07ll37x35q0an3162ra5ya5qdqkaj-perl5.32.0-Module-Pluggable-5.2/lib/perl5/site_perl/5.32.0
# /nix/store/llb07ll37x35q0an3162ra5ya5qdqkaj-perl5.32.0-Module-Pluggable-5.2/lib/perl5/site_perl
# /nix/store/y6qjsz9ciq1n80nj7xm94yz5xgdgmrm8-perl5.32.0-Scope-Guard-0.21/lib/perl5/site_perl/5.32.0/x86_64-linux-thread-multi
# /nix/store/y6qjsz9ciq1n80nj7xm94yz5xgdgmrm8-perl5.32.0-Scope-Guard-0.21/lib/perl5/site_perl/5.32.0
# /nix/store/y6qjsz9ciq1n80nj7xm94yz5xgdgmrm8-perl5.32.0-Scope-Guard-0.21/lib/perl5/site_perl
# /nix/store/vzyfpl31rak595hxfwxz9bqxw7qrr6pq-perl5.32.0-Sub-Info-0.002/lib/perl5/site_perl/5.32.0/x86_64-linux-thread-multi
# /nix/store/vzyfpl31rak595hxfwxz9bqxw7qrr6pq-perl5.32.0-Sub-Info-0.002/lib/perl5/site_perl/5.32.0
# /nix/store/vzyfpl31rak595hxfwxz9bqxw7qrr6pq-perl5.32.0-Sub-Info-0.002/lib/perl5/site_perl
# /nix/store/0wm2ry2gksqnypp7sz48wi94zrv4kvmg-perl5.32.0-Importer-0.025/lib/perl5/site_perl/5.32.0/x86_64-linux-thread-multi
# /nix/store/0wm2ry2gksqnypp7sz48wi94zrv4kvmg-perl5.32.0-Importer-0.025/lib/perl5/site_perl/5.32.0
# /nix/store/0wm2ry2gksqnypp7sz48wi94zrv4kvmg-perl5.32.0-Importer-0.025/lib/perl5/site_perl
# /nix/store/yrlbj04cplw9537f0f3q30asz0n37w68-perl5.32.0-Term-Table-0.015/lib/perl5/site_perl/5.32.0/x86_64-linux-thread-multi
# /nix/store/yrlbj04cplw9537f0f3q30asz0n37w68-perl5.32.0-Term-Table-0.015/lib/perl5/site_perl/5.32.0
# /nix/store/yrlbj04cplw9537f0f3q30asz0n37w68-perl5.32.0-Term-Table-0.015/lib/perl5/site_perl
# /nix/store/k8dm0yp2n1mz7vl9dc51fsssrsiv794s-perl5.32.0-Test-Simple-1.302175/lib/perl5/site_perl/5.32.0/x86_64-linux-thread-multi
# /nix/store/k8dm0yp2n1mz7vl9dc51fsssrsiv794s-perl5.32.0-Test-Simple-1.302175/lib/perl5/site_perl/5.32.0
# /nix/store/k8dm0yp2n1mz7vl9dc51fsssrsiv794s-perl5.32.0-Test-Simple-1.302175/lib/perl5/site_perl
# /nix/store/dsyw40fh2zf3c6yxl9n61g84dmzd8jhf-perl5.32.0-Capture-Tiny-0.48/lib/perl5/site_perl/5.32.0/x86_64-linux-thread-multi
# /nix/store/dsyw40fh2zf3c6yxl9n61g84dmzd8jhf-perl5.32.0-Capture-Tiny-0.48/lib/perl5/site_perl/5.32.0
# /nix/store/dsyw40fh2zf3c6yxl9n61g84dmzd8jhf-perl5.32.0-Capture-Tiny-0.48/lib/perl5/site_perl
# /nix/store/c94dvm16ph333hj74sa65qkxq7nha9l0-perl5.32.0-FFI-CheckLib-0.27/lib/perl5/site_perl/5.32.0/x86_64-linux-thread-multi
# /nix/store/c94dvm16ph333hj74sa65qkxq7nha9l0-perl5.32.0-FFI-CheckLib-0.27/lib/perl5/site_perl/5.32.0
# /nix/store/c94dvm16ph333hj74sa65qkxq7nha9l0-perl5.32.0-FFI-CheckLib-0.27/lib/perl5/site_perl
# /nix/store/hlm73mjykr3kmxkzv32k9c5dq7dzwahw-perl5.32.0-File-Which-1.23/lib/perl5/site_perl/5.32.0/x86_64-linux-thread-multi
# /nix/store/hlm73mjykr3kmxkzv32k9c5dq7dzwahw-perl5.32.0-File-Which-1.23/lib/perl5/site_perl/5.32.0
# /nix/store/hlm73mjykr3kmxkzv32k9c5dq7dzwahw-perl5.32.0-File-Which-1.23/lib/perl5/site_perl
# /nix/store/4zj671q375m04xbpmzfnp36hfbcjzffw-perl5.32.0-File-chdir-0.1010/lib/perl5/site_perl/5.32.0/x86_64-linux-thread-multi
# /nix/store/4zj671q375m04xbpmzfnp36hfbcjzffw-perl5.32.0-File-chdir-0.1010/lib/perl5/site_perl/5.32.0
# /nix/store/4zj671q375m04xbpmzfnp36hfbcjzffw-perl5.32.0-File-chdir-0.1010/lib/perl5/site_perl
# /nix/store/ylx0jdm8c7zz8pdc474082a9svlwqsry-perl5.32.0-Path-Tiny-0.114/lib/perl5/site_perl/5.32.0/x86_64-linux-thread-multi
# /nix/store/ylx0jdm8c7zz8pdc474082a9svlwqsry-perl5.32.0-Path-Tiny-0.114/lib/perl5/site_perl/5.32.0
# /nix/store/ylx0jdm8c7zz8pdc474082a9svlwqsry-perl5.32.0-Path-Tiny-0.114/lib/perl5/site_perl
# /nix/store/qdngwv8fbzgym6kmnh2a7q8lm8jw51h0-perl5.32.0-PkgConfig-0.23026/lib/perl5/site_perl/5.32.0/x86_64-linux-thread-multi
# /nix/store/qdngwv8fbzgym6kmnh2a7q8lm8jw51h0-perl5.32.0-PkgConfig-0.23026/lib/perl5/site_perl/5.32.0
# /nix/store/qdngwv8fbzgym6kmnh2a7q8lm8jw51h0-perl5.32.0-PkgConfig-0.23026/lib/perl5/site_perl
# /nix/store/hgbgg8a7x544csgvf66jlh86216ziz6f-perl5.32.0-Alien-Build-2.26/lib/perl5/site_perl
# /nix/store/7c044di03qa7qgr5kjjc2d787aspzp0m-perl-5.32.0/lib/perl5/site_perl
# /nix/store/1svhp2lww0mpdj62gi1ic9ci0cqxaad3-perl5.32.0-Devel-Hide-0.0013/lib/perl5/site_perl
# /nix/store/rpi6mdv7mqn5nvl4ih23r7spw84kk5dq-perl5.32.0-Test2-Suite-0.000130/lib/perl5/site_perl
# /nix/store/llb07ll37x35q0an3162ra5ya5qdqkaj-perl5.32.0-Module-Pluggable-5.2/lib/perl5/site_perl
# /nix/store/y6qjsz9ciq1n80nj7xm94yz5xgdgmrm8-perl5.32.0-Scope-Guard-0.21/lib/perl5/site_perl
# /nix/store/vzyfpl31rak595hxfwxz9bqxw7qrr6pq-perl5.32.0-Sub-Info-0.002/lib/perl5/site_perl
# /nix/store/0wm2ry2gksqnypp7sz48wi94zrv4kvmg-perl5.32.0-Importer-0.025/lib/perl5/site_perl
# /nix/store/yrlbj04cplw9537f0f3q30asz0n37w68-perl5.32.0-Term-Table-0.015/lib/perl5/site_perl
# /nix/store/k8dm0yp2n1mz7vl9dc51fsssrsiv794s-perl5.32.0-Test-Simple-1.302175/lib/perl5/site_perl
# /nix/store/dsyw40fh2zf3c6yxl9n61g84dmzd8jhf-perl5.32.0-Capture-Tiny-0.48/lib/perl5/site_perl
# /nix/store/c94dvm16ph333hj74sa65qkxq7nha9l0-perl5.32.0-FFI-CheckLib-0.27/lib/perl5/site_perl
# /nix/store/hlm73mjykr3kmxkzv32k9c5dq7dzwahw-perl5.32.0-File-Which-1.23/lib/perl5/site_perl
# /nix/store/4zj671q375m04xbpmzfnp36hfbcjzffw-perl5.32.0-File-chdir-0.1010/lib/perl5/site_perl
# /nix/store/ylx0jdm8c7zz8pdc474082a9svlwqsry-perl5.32.0-Path-Tiny-0.114/lib/perl5/site_perl
# /nix/store/qdngwv8fbzgym6kmnh2a7q8lm8jw51h0-perl5.32.0-PkgConfig-0.23026/lib/perl5/site_perl
# /nix/store/7c044di03qa7qgr5kjjc2d787aspzp0m-perl-5.32.0/lib/perl5/site_perl
# /nix/store/1svhp2lww0mpdj62gi1ic9ci0cqxaad3-perl5.32.0-Devel-Hide-0.0013/lib/perl5/site_perl
# /nix/store/rpi6mdv7mqn5nvl4ih23r7spw84kk5dq-perl5.32.0-Test2-Suite-0.000130/lib/perl5/site_perl
# /nix/store/llb07ll37x35q0an3162ra5ya5qdqkaj-perl5.32.0-Module-Pluggable-5.2/lib/perl5/site_perl
# /nix/store/y6qjsz9ciq1n80nj7xm94yz5xgdgmrm8-perl5.32.0-Scope-Guard-0.21/lib/perl5/site_perl
# /nix/store/vzyfpl31rak595hxfwxz9bqxw7qrr6pq-perl5.32.0-Sub-Info-0.002/lib/perl5/site_perl
# /nix/store/0wm2ry2gksqnypp7sz48wi94zrv4kvmg-perl5.32.0-Importer-0.025/lib/perl5/site_perl
# /nix/store/yrlbj04cplw9537f0f3q30asz0n37w68-perl5.32.0-Term-Table-0.015/lib/perl5/site_perl
# /nix/store/k8dm0yp2n1mz7vl9dc51fsssrsiv794s-perl5.32.0-Test-Simple-1.302175/lib/perl5/site_perl
# /nix/store/dsyw40fh2zf3c6yxl9n61g84dmzd8jhf-perl5.32.0-Capture-Tiny-0.48/lib/perl5/site_perl
# /nix/store/c94dvm16ph333hj74sa65qkxq7nha9l0-perl5.32.0-FFI-CheckLib-0.27/lib/perl5/site_perl
# /nix/store/hlm73mjykr3kmxkzv32k9c5dq7dzwahw-perl5.32.0-File-Which-1.23/lib/perl5/site_perl
# /nix/store/4zj671q375m04xbpmzfnp36hfbcjzffw-perl5.32.0-File-chdir-0.1010/lib/perl5/site_perl
# /nix/store/ylx0jdm8c7zz8pdc474082a9svlwqsry-perl5.32.0-Path-Tiny-0.114/lib/perl5/site_perl
# /nix/store/qdngwv8fbzgym6kmnh2a7q8lm8jw51h0-perl5.32.0-PkgConfig-0.23026/lib/perl5/site_perl
# /nix/store/7c044di03qa7qgr5kjjc2d787aspzp0m-perl-5.32.0/lib/perl5/site_perl
# /nix/store/1svhp2lww0mpdj62gi1ic9ci0cqxaad3-perl5.32.0-Devel-Hide-0.0013/lib/perl5/site_perl
# /nix/store/rpi6mdv7mqn5nvl4ih23r7spw84kk5dq-perl5.32.0-Test2-Suite-0.000130/lib/perl5/site_perl
# /nix/store/llb07ll37x35q0an3162ra5ya5qdqkaj-perl5.32.0-Module-Pluggable-5.2/lib/perl5/site_perl
# /nix/store/y6qjsz9ciq1n80nj7xm94yz5xgdgmrm8-perl5.32.0-Scope-Guard-0.21/lib/perl5/site_perl
# /nix/store/vzyfpl31rak595hxfwxz9bqxw7qrr6pq-perl5.32.0-Sub-Info-0.002/lib/perl5/site_perl
# /nix/store/0wm2ry2gksqnypp7sz48wi94zrv4kvmg-perl5.32.0-Importer-0.025/lib/perl5/site_perl
# /nix/store/yrlbj04cplw9537f0f3q30asz0n37w68-perl5.32.0-Term-Table-0.015/lib/perl5/site_perl
# /nix/store/k8dm0yp2n1mz7vl9dc51fsssrsiv794s-perl5.32.0-Test-Simple-1.302175/lib/perl5/site_perl
# /nix/store/dsyw40fh2zf3c6yxl9n61g84dmzd8jhf-perl5.32.0-Capture-Tiny-0.48/lib/perl5/site_perl
# /nix/store/c94dvm16ph333hj74sa65qkxq7nha9l0-perl5.32.0-FFI-CheckLib-0.27/lib/perl5/site_perl
# /nix/store/hlm73mjykr3kmxkzv32k9c5dq7dzwahw-perl5.32.0-File-Which-1.23/lib/perl5/site_perl
# /nix/store/4zj671q375m04xbpmzfnp36hfbcjzffw-perl5.32.0-File-chdir-0.1010/lib/perl5/site_perl
# /nix/store/ylx0jdm8c7zz8pdc474082a9svlwqsry-perl5.32.0-Path-Tiny-0.114/lib/perl5/site_perl
# /nix/store/qdngwv8fbzgym6kmnh2a7q8lm8jw51h0-perl5.32.0-PkgConfig-0.23026/lib/perl5/site_perl
# /nix/store/7c044di03qa7qgr5kjjc2d787aspzp0m-perl-5.32.0/lib/perl5/site_perl
# /nix/store/1svhp2lww0mpdj62gi1ic9ci0cqxaad3-perl5.32.0-Devel-Hide-0.0013/lib/perl5/site_perl
# /nix/store/rpi6mdv7mqn5nvl4ih23r7spw84kk5dq-perl5.32.0-Test2-Suite-0.000130/lib/perl5/site_perl
# /nix/store/llb07ll37x35q0an3162ra5ya5qdqkaj-perl5.32.0-Module-Pluggable-5.2/lib/perl5/site_perl
# /nix/store/y6qjsz9ciq1n80nj7xm94yz5xgdgmrm8-perl5.32.0-Scope-Guard-0.21/lib/perl5/site_perl
# /nix/store/vzyfpl31rak595hxfwxz9bqxw7qrr6pq-perl5.32.0-Sub-Info-0.002/lib/perl5/site_perl
# /nix/store/0wm2ry2gksqnypp7sz48wi94zrv4kvmg-perl5.32.0-Importer-0.025/lib/perl5/site_perl
# /nix/store/yrlbj04cplw9537f0f3q30asz0n37w68-perl5.32.0-Term-Table-0.015/lib/perl5/site_perl
# /nix/store/k8dm0yp2n1mz7vl9dc51fsssrsiv794s-perl5.32.0-Test-Simple-1.302175/lib/perl5/site_perl
# /nix/store/dsyw40fh2zf3c6yxl9n61g84dmzd8jhf-perl5.32.0-Capture-Tiny-0.48/lib/perl5/site_perl
# /nix/store/c94dvm16ph333hj74sa65qkxq7nha9l0-perl5.32.0-FFI-CheckLib-0.27/lib/perl5/site_perl
# /nix/store/hlm73mjykr3kmxkzv32k9c5dq7dzwahw-perl5.32.0-File-Which-1.23/lib/perl5/site_perl
# /nix/store/4zj671q375m04xbpmzfnp36hfbcjzffw-perl5.32.0-File-chdir-0.1010/lib/perl5/site_perl
# /nix/store/ylx0jdm8c7zz8pdc474082a9svlwqsry-perl5.32.0-Path-Tiny-0.114/lib/perl5/site_perl
# /nix/store/qdngwv8fbzgym6kmnh2a7q8lm8jw51h0-perl5.32.0-PkgConfig-0.23026/lib/perl5/site_perl
# /nix/store/7c044di03qa7qgr5kjjc2d787aspzp0m-perl-5.32.0/lib/perl5/site_perl
# /nix/store/1svhp2lww0mpdj62gi1ic9ci0cqxaad3-perl5.32.0-Devel-Hide-0.0013/lib/perl5/site_perl
# /nix/store/rpi6mdv7mqn5nvl4ih23r7spw84kk5dq-perl5.32.0-Test2-Suite-0.000130/lib/perl5/site_perl
# /nix/store/llb07ll37x35q0an3162ra5ya5qdqkaj-perl5.32.0-Module-Pluggable-5.2/lib/perl5/site_perl
# /nix/store/y6qjsz9ciq1n80nj7xm94yz5xgdgmrm8-perl5.32.0-Scope-Guard-0.21/lib/perl5/site_perl
# /nix/store/vzyfpl31rak595hxfwxz9bqxw7qrr6pq-perl5.32.0-Sub-Info-0.002/lib/perl5/site_perl
# /nix/store/0wm2ry2gksqnypp7sz48wi94zrv4kvmg-perl5.32.0-Importer-0.025/lib/perl5/site_perl
# /nix/store/yrlbj04cplw9537f0f3q30asz0n37w68-perl5.32.0-Term-Table-0.015/lib/perl5/site_perl
# /nix/store/k8dm0yp2n1mz7vl9dc51fsssrsiv794s-perl5.32.0-Test-Simple-1.302175/lib/perl5/site_perl
# /nix/store/dsyw40fh2zf3c6yxl9n61g84dmzd8jhf-perl5.32.0-Capture-Tiny-0.48/lib/perl5/site_perl
# /nix/store/c94dvm16ph333hj74sa65qkxq7nha9l0-perl5.32.0-FFI-CheckLib-0.27/lib/perl5/site_perl
# /nix/store/hlm73mjykr3kmxkzv32k9c5dq7dzwahw-perl5.32.0-File-Which-1.23/lib/perl5/site_perl
# /nix/store/4zj671q375m04xbpmzfnp36hfbcjzffw-perl5.32.0-File-chdir-0.1010/lib/perl5/site_perl
# /nix/store/ylx0jdm8c7zz8pdc474082a9svlwqsry-perl5.32.0-Path-Tiny-0.114/lib/perl5/site_perl
# /nix/store/qdngwv8fbzgym6kmnh2a7q8lm8jw51h0-perl5.32.0-PkgConfig-0.23026/lib/perl5/site_perl
# /nix/store/hgbgg8a7x544csgvf66jlh86216ziz6f-perl5.32.0-Alien-Build-2.26/lib/perl5/site_perl
#
#
#
# perl                     5.032000
# Acme::Alien::DontPanic   -
# Alien::Base::ModuleBuild -
# Alien::Libbz2            -
# Alien::cmake3            -
# Alien::gzip              -
# Alien::xz                -
# Archive::Tar             2.36
# Archive::Zip             -
# Capture::Tiny            0.48
# Devel::Hide              0.0013
# Env::ShellWords          -
# ExtUtils::CBuilder       0.280234
# ExtUtils::MakeMaker      7.44
# ExtUtils::ParseXS        3.40
# FFI::CheckLib            0.27
# FFI::Platypus            -
# File::Listing            -
# File::Listing::Ftpcopy   -
# File::Which              1.23
# File::chdir              0.1010
# HTML::Parser             -
# HTTP::Tiny               0.076
# IO::Compress::Bzip2      2.093
# IO::Socket::SSL          -
# IO::Uncompress::Bunzip2  2.093
# IO::Zlib                 1.10
# JSON::PP                 4.04
# LWP                      -
# LWP::Protocol::https     -
# List::Util               1.55
# Mojo::DOM58              -
# Mojolicious              -
# Net::FTP                 3.11
# Net::SSLeay              -
# Path::Tiny               0.114
# PkgConfig                0.23026
# PkgConfig::LibPkgConf    -
# Readonly                 -
# Sort::Versions           -
# Test2::API               1.302175
# Test2::V0                0.000130
# Text::ParseWords         3.30
# URI                      -
# YAML                     -
#
#
#
# $VAR1 = {
#           'pkg-config' => {
#                             'pkg-config' => undef,
#                             'pkgconf' => undef
#                           },
#           'compiler_type' => 'unix',
#           'cmake_generator' => 'Unix Makefiles',
#           'system_type' => 'unix'
#         };
# pkg-config negotiate pick = PkgConfig::PP
#
#
# [config.site]
# # file automatically generated by /build/Alien-Build-2.26/blib/lib/Alien/Build/Plugin/Build/Autoconf.pm
# libdir='${prefix}/lib'
#
#
#
t/00_diag.t .......................................... ok
t/01_use.t ........................................... ok
t/alien_base.t ....................................... ok
t/alien_base__system_installed.t ..................... skipped: test requires Alien::Base::ModuleBuild
t/alien_base_pkgconfig.t ............................. ok
t/alien_base_wrapper.t ............................... ok
t/alien_build.t ...................................... ok
t/alien_build_commandsequence.t ...................... ok
t/alien_build_commandsequence__cd.t .................. ok
t/alien_build_interpolate.t .......................... ok
t/alien_build_interpolate_default.t .................. ok
t/alien_build_log.t .................................. ok
t/alien_build_log_abbreviate.t ....................... ok
t/alien_build_log_default.t .......................... ok
t/alien_build_meta.t ................................. ok
t/alien_build_mm.t ................................... ok
t/alien_build_plugin.t ............................... ok
t/alien_build_plugin_build_autoconf.t ................ ok
t/alien_build_plugin_build_cmake.t ................... skipped: test requires Alien::cmake3
t/alien_build_plugin_build_copy.t .................... ok
t/alien_build_plugin_build_make.t .................... ok
t/alien_build_plugin_build_msys.t .................... ok
t/alien_build_plugin_build_searchdep.t ............... skipped: test requires Env::ShellWords
t/alien_build_plugin_core_cleaninstall.t ............. ok
t/alien_build_plugin_core_download.t ................. ok
t/alien_build_plugin_core_ffi.t ...................... ok
t/alien_build_plugin_core_gather.t ................... ok
t/alien_build_plugin_core_legacy.t ................... ok
t/alien_build_plugin_core_override.t ................. ok
t/alien_build_plugin_core_setup.t .................... ok
t/alien_build_plugin_core_tail.t ..................... ok
t/alien_build_plugin_decode_dirlisting.t ............. ok
t/alien_build_plugin_decode_dirlistingftpcopy.t ...... ok
t/alien_build_plugin_decode_html.t ................... ok
t/alien_build_plugin_decode_mojo.t ................... ok
t/alien_build_plugin_download_negotiate.t ............ ok
t/alien_build_plugin_extract_archivetar.t ............ ok
t/alien_build_plugin_extract_archivezip.t ............ ok
t/alien_build_plugin_extract_commandline.t ........... ok
t/alien_build_plugin_extract_commandline__tar_can.t .. skipped: test requires Readonly 1.60
t/alien_build_plugin_extract_directory.t ............. ok
t/alien_build_plugin_extract_negotiate.t ............. ok
t/alien_build_plugin_fetch_curlcommand.t ............. ok
t/alien_build_plugin_fetch_httptiny.t ................ ok
t/alien_build_plugin_fetch_local.t ................... ok
t/alien_build_plugin_fetch_localdir.t ................ ok
t/alien_build_plugin_fetch_lwp.t ..................... ok
t/alien_build_plugin_fetch_netftp.t .................. ok
t/alien_build_plugin_fetch_wget.t .................... ok
t/alien_build_plugin_gather_isolatedynamic.t ......... ok
t/alien_build_plugin_meta.t .......................... ok
t/alien_build_plugin_pkgconfig_commandline.t ......... skipped: test requires pkgconf or pkg-config
t/alien_build_plugin_pkgconfig_libpkgconf.t .......... skipped: Test requires PkgConfig::LibPkgConf
t/alien_build_plugin_pkgconfig_makestatic.t .......... ok
t/alien_build_plugin_pkgconfig_negotiate.t ........... ok
t/alien_build_plugin_pkgconfig_negotiate__pick.t ..... ok
t/alien_build_plugin_pkgconfig_pp.t .................. ok
t/alien_build_plugin_prefer_badversion.t ............. skipped: test requires Sort::Versions
t/alien_build_plugin_prefer_goodversion.t ............ skipped: test requires Sort::Versions
t/alien_build_plugin_prefer_sortversions.t ........... ok
t/alien_build_plugin_probe_cbuilder.t ................ ok
t/alien_build_plugin_probe_cbuilder__live.t .......... skipped: CI only
t/alien_build_plugin_probe_commandline.t ............. ok
t/alien_build_plugin_probe_vcpkg.t ................... skipped: Test requires Win32::Vcpkg 0.02
t/alien_build_plugin_test_mock.t ..................... ok
t/alien_build_rc.t ................................... ok
t/alien_build_temp.t ................................. ok
t/alien_build_tempdir.t .............................. ok
t/alien_build_util.t ................................. ok
t/alien_build_version_basic.t ........................ ok
t/alien_role.t ....................................... ok
t/alienfile.t ........................................ ok
t/test_alien.t ....................................... ok
t/test_alien_build.t ................................. ok
t/test_alien_cancompile.t ............................ ok
t/test_alien_canplatypus.t ........................... Devel::Hide hides FFI/Platypus.pm
t/test_alien_canplatypus.t ........................... ok
t/test_alien_diag.t .................................. ok
t/test_alien_run.t ................................... ok
t/test_alien_synthetic.t ............................. ok
All tests successful.
Files=79, Tests=379, 20 wallclock secs ( 0.36 usr  0.09 sys + 15.52 cusr  4.23 csys = 20.20 CPU)
Result: PASS
installing
install flags: SHELL=/nix/store/9fqwwd4iybmhjqyxiaxycknslw6bgwh1-bash-4.4-p23/bin/bash pkgconfigdir=/nix/store/hgbgg8a7x544csgvf66jlh86216ziz6f-perl5.32.0-Alien-Build-2.26/lib/pkgconfig m4datadir=/nix/store/hgbgg8a7x544csgvf66jlh86216ziz6f-perl5.32.0-Alien-Build-2.26/share/aclocal aclocaldir=/nix/store/hgbgg8a7x544csgvf66jlh86216ziz6f-perl5.32.0-Alien-Build-2.26/share/aclocal install
Manifying 30 pod documents
Manifying 26 pod documents
Manifying 29 pod documents
Installing /nix/store/hgbgg8a7x544csgvf66jlh86216ziz6f-perl5.32.0-Alien-Build-2.26/lib/perl5/site_perl/5.32.0/alienfile.pm
Installing /nix/store/hgbgg8a7x544csgvf66jlh86216ziz6f-perl5.32.0-Alien-Build-2.26/lib/perl5/site_perl/5.32.0/Test/Alien.pm
Installing /nix/store/hgbgg8a7x544csgvf66jlh86216ziz6f-perl5.32.0-Alien-Build-2.26/lib/perl5/site_perl/5.32.0/Test/Alien/Build.pm
Installing /nix/store/hgbgg8a7x544csgvf66jlh86216ziz6f-perl5.32.0-Alien-Build-2.26/lib/perl5/site_perl/5.32.0/Test/Alien/Synthetic.pm
Installing /nix/store/hgbgg8a7x544csgvf66jlh86216ziz6f-perl5.32.0-Alien-Build-2.26/lib/perl5/site_perl/5.32.0/Test/Alien/Run.pm
Installing /nix/store/hgbgg8a7x544csgvf66jlh86216ziz6f-perl5.32.0-Alien-Build-2.26/lib/perl5/site_perl/5.32.0/Test/Alien/Diag.pm
Installing /nix/store/hgbgg8a7x544csgvf66jlh86216ziz6f-perl5.32.0-Alien-Build-2.26/lib/perl5/site_perl/5.32.0/Test/Alien/CanCompile.pm
Installing /nix/store/hgbgg8a7x544csgvf66jlh86216ziz6f-perl5.32.0-Alien-Build-2.26/lib/perl5/site_perl/5.32.0/Test/Alien/CanPlatypus.pm
Installing /nix/store/hgbgg8a7x544csgvf66jlh86216ziz6f-perl5.32.0-Alien-Build-2.26/lib/perl5/site_perl/5.32.0/Alien/Build.pm
Installing /nix/store/hgbgg8a7x544csgvf66jlh86216ziz6f-perl5.32.0-Alien-Build-2.26/lib/perl5/site_perl/5.32.0/Alien/Role.pm
Installing /nix/store/hgbgg8a7x544csgvf66jlh86216ziz6f-perl5.32.0-Alien-Build-2.26/lib/perl5/site_perl/5.32.0/Alien/Base.pm
Installing /nix/store/hgbgg8a7x544csgvf66jlh86216ziz6f-perl5.32.0-Alien-Build-2.26/lib/perl5/site_perl/5.32.0/Alien/Base/Wrapper.pm
Installing /nix/store/hgbgg8a7x544csgvf66jlh86216ziz6f-perl5.32.0-Alien-Build-2.26/lib/perl5/site_perl/5.32.0/Alien/Base/Authoring.pod
Installing /nix/store/hgbgg8a7x544csgvf66jlh86216ziz6f-perl5.32.0-Alien-Build-2.26/lib/perl5/site_perl/5.32.0/Alien/Base/PkgConfig.pm
Installing /nix/store/hgbgg8a7x544csgvf66jlh86216ziz6f-perl5.32.0-Alien-Build-2.26/lib/perl5/site_perl/5.32.0/Alien/Base/FAQ.pod
Installing /nix/store/hgbgg8a7x544csgvf66jlh86216ziz6f-perl5.32.0-Alien-Build-2.26/lib/perl5/site_perl/5.32.0/Alien/Build/Util.pm
Installing /nix/store/hgbgg8a7x544csgvf66jlh86216ziz6f-perl5.32.0-Alien-Build-2.26/lib/perl5/site_perl/5.32.0/Alien/Build/Plugin.pm
Installing /nix/store/hgbgg8a7x544csgvf66jlh86216ziz6f-perl5.32.0-Alien-Build-2.26/lib/perl5/site_perl/5.32.0/Alien/Build/Log.pm
Installing /nix/store/hgbgg8a7x544csgvf66jlh86216ziz6f-perl5.32.0-Alien-Build-2.26/lib/perl5/site_perl/5.32.0/Alien/Build/CommandSequence.pm
Installing /nix/store/hgbgg8a7x544csgvf66jlh86216ziz6f-perl5.32.0-Alien-Build-2.26/lib/perl5/site_perl/5.32.0/Alien/Build/rc.pm
Installing /nix/store/hgbgg8a7x544csgvf66jlh86216ziz6f-perl5.32.0-Alien-Build-2.26/lib/perl5/site_perl/5.32.0/Alien/Build/MM.pm
Installing /nix/store/hgbgg8a7x544csgvf66jlh86216ziz6f-perl5.32.0-Alien-Build-2.26/lib/perl5/site_perl/5.32.0/Alien/Build/Interpolate.pm
Installing /nix/store/hgbgg8a7x544csgvf66jlh86216ziz6f-perl5.32.0-Alien-Build-2.26/lib/perl5/site_perl/5.32.0/Alien/Build/Temp.pm
Installing /nix/store/hgbgg8a7x544csgvf66jlh86216ziz6f-perl5.32.0-Alien-Build-2.26/lib/perl5/site_perl/5.32.0/Alien/Build/Plugin/Core.pod
Installing /nix/store/hgbgg8a7x544csgvf66jlh86216ziz6f-perl5.32.0-Alien-Build-2.26/lib/perl5/site_perl/5.32.0/Alien/Build/Plugin/Probe.pod
Installing /nix/store/hgbgg8a7x544csgvf66jlh86216ziz6f-perl5.32.0-Alien-Build-2.26/lib/perl5/site_perl/5.32.0/Alien/Build/Plugin/Download.pod
Installing /nix/store/hgbgg8a7x544csgvf66jlh86216ziz6f-perl5.32.0-Alien-Build-2.26/lib/perl5/site_perl/5.32.0/Alien/Build/Plugin/Build.pod
Installing /nix/store/hgbgg8a7x544csgvf66jlh86216ziz6f-perl5.32.0-Alien-Build-2.26/lib/perl5/site_perl/5.32.0/Alien/Build/Plugin/Decode.pod
Installing /nix/store/hgbgg8a7x544csgvf66jlh86216ziz6f-perl5.32.0-Alien-Build-2.26/lib/perl5/site_perl/5.32.0/Alien/Build/Plugin/Prefer.pod
Installing /nix/store/hgbgg8a7x544csgvf66jlh86216ziz6f-perl5.32.0-Alien-Build-2.26/lib/perl5/site_perl/5.32.0/Alien/Build/Plugin/Fetch.pod
Installing /nix/store/hgbgg8a7x544csgvf66jlh86216ziz6f-perl5.32.0-Alien-Build-2.26/lib/perl5/site_perl/5.32.0/Alien/Build/Plugin/Extract.pod
Installing /nix/store/hgbgg8a7x544csgvf66jlh86216ziz6f-perl5.32.0-Alien-Build-2.26/lib/perl5/site_perl/5.32.0/Alien/Build/Plugin/Probe/CommandLine.pm
Installing /nix/store/hgbgg8a7x544csgvf66jlh86216ziz6f-perl5.32.0-Alien-Build-2.26/lib/perl5/site_perl/5.32.0/Alien/Build/Plugin/Probe/CBuilder.pm
Installing /nix/store/hgbgg8a7x544csgvf66jlh86216ziz6f-perl5.32.0-Alien-Build-2.26/lib/perl5/site_perl/5.32.0/Alien/Build/Plugin/Probe/Vcpkg.pm
Installing /nix/store/hgbgg8a7x544csgvf66jlh86216ziz6f-perl5.32.0-Alien-Build-2.26/lib/perl5/site_perl/5.32.0/Alien/Build/Plugin/Decode/Mojo.pm
Installing /nix/store/hgbgg8a7x544csgvf66jlh86216ziz6f-perl5.32.0-Alien-Build-2.26/lib/perl5/site_perl/5.32.0/Alien/Build/Plugin/Decode/DirListing.pm
Installing /nix/store/hgbgg8a7x544csgvf66jlh86216ziz6f-perl5.32.0-Alien-Build-2.26/lib/perl5/site_perl/5.32.0/Alien/Build/Plugin/Decode/DirListingFtpcopy.pm
Installing /nix/store/hgbgg8a7x544csgvf66jlh86216ziz6f-perl5.32.0-Alien-Build-2.26/lib/perl5/site_perl/5.32.0/Alien/Build/Plugin/Decode/HTML.pm
Installing /nix/store/hgbgg8a7x544csgvf66jlh86216ziz6f-perl5.32.0-Alien-Build-2.26/lib/perl5/site_perl/5.32.0/Alien/Build/Plugin/Test/Mock.pm
Installing /nix/store/hgbgg8a7x544csgvf66jlh86216ziz6f-perl5.32.0-Alien-Build-2.26/lib/perl5/site_perl/5.32.0/Alien/Build/Plugin/Gather/IsolateDynamic.pm
Installing /nix/store/hgbgg8a7x544csgvf66jlh86216ziz6f-perl5.32.0-Alien-Build-2.26/lib/perl5/site_perl/5.32.0/Alien/Build/Plugin/Core/Setup.pm
Installing /nix/store/hgbgg8a7x544csgvf66jlh86216ziz6f-perl5.32.0-Alien-Build-2.26/lib/perl5/site_perl/5.32.0/Alien/Build/Plugin/Core/CleanInstall.pm
Installing /nix/store/hgbgg8a7x544csgvf66jlh86216ziz6f-perl5.32.0-Alien-Build-2.26/lib/perl5/site_perl/5.32.0/Alien/Build/Plugin/Core/Tail.pm
Installing /nix/store/hgbgg8a7x544csgvf66jlh86216ziz6f-perl5.32.0-Alien-Build-2.26/lib/perl5/site_perl/5.32.0/Alien/Build/Plugin/Core/Gather.pm
Installing /nix/store/hgbgg8a7x544csgvf66jlh86216ziz6f-perl5.32.0-Alien-Build-2.26/lib/perl5/site_perl/5.32.0/Alien/Build/Plugin/Core/Legacy.pm
Installing /nix/store/hgbgg8a7x544csgvf66jlh86216ziz6f-perl5.32.0-Alien-Build-2.26/lib/perl5/site_perl/5.32.0/Alien/Build/Plugin/Core/Download.pm
Installing /nix/store/hgbgg8a7x544csgvf66jlh86216ziz6f-perl5.32.0-Alien-Build-2.26/lib/perl5/site_perl/5.32.0/Alien/Build/Plugin/Core/FFI.pm
Installing /nix/store/hgbgg8a7x544csgvf66jlh86216ziz6f-perl5.32.0-Alien-Build-2.26/lib/perl5/site_perl/5.32.0/Alien/Build/Plugin/Core/Override.pm
Installing /nix/store/hgbgg8a7x544csgvf66jlh86216ziz6f-perl5.32.0-Alien-Build-2.26/lib/perl5/site_perl/5.32.0/Alien/Build/Plugin/Prefer/GoodVersion.pm
Installing /nix/store/hgbgg8a7x544csgvf66jlh86216ziz6f-perl5.32.0-Alien-Build-2.26/lib/perl5/site_perl/5.32.0/Alien/Build/Plugin/Prefer/SortVersions.pm
Installing /nix/store/hgbgg8a7x544csgvf66jlh86216ziz6f-perl5.32.0-Alien-Build-2.26/lib/perl5/site_perl/5.32.0/Alien/Build/Plugin/Prefer/BadVersion.pm
Installing /nix/store/hgbgg8a7x544csgvf66jlh86216ziz6f-perl5.32.0-Alien-Build-2.26/lib/perl5/site_perl/5.32.0/Alien/Build/Plugin/Download/Negotiate.pm
Installing /nix/store/hgbgg8a7x544csgvf66jlh86216ziz6f-perl5.32.0-Alien-Build-2.26/lib/perl5/site_perl/5.32.0/Alien/Build/Plugin/Build/Autoconf.pm
Installing /nix/store/hgbgg8a7x544csgvf66jlh86216ziz6f-perl5.32.0-Alien-Build-2.26/lib/perl5/site_perl/5.32.0/Alien/Build/Plugin/Build/CMake.pm
Installing /nix/store/hgbgg8a7x544csgvf66jlh86216ziz6f-perl5.32.0-Alien-Build-2.26/lib/perl5/site_perl/5.32.0/Alien/Build/Plugin/Build/MSYS.pm
Installing /nix/store/hgbgg8a7x544csgvf66jlh86216ziz6f-perl5.32.0-Alien-Build-2.26/lib/perl5/site_perl/5.32.0/Alien/Build/Plugin/Build/Copy.pm
Installing /nix/store/hgbgg8a7x544csgvf66jlh86216ziz6f-perl5.32.0-Alien-Build-2.26/lib/perl5/site_perl/5.32.0/Alien/Build/Plugin/Build/SearchDep.pm
Installing /nix/store/hgbgg8a7x544csgvf66jlh86216ziz6f-perl5.32.0-Alien-Build-2.26/lib/perl5/site_perl/5.32.0/Alien/Build/Plugin/Build/Make.pm
Installing /nix/store/hgbgg8a7x544csgvf66jlh86216ziz6f-perl5.32.0-Alien-Build-2.26/lib/perl5/site_perl/5.32.0/Alien/Build/Plugin/Extract/CommandLine.pm
Installing /nix/store/hgbgg8a7x544csgvf66jlh86216ziz6f-perl5.32.0-Alien-Build-2.26/lib/perl5/site_perl/5.32.0/Alien/Build/Plugin/Extract/Negotiate.pm
Installing /nix/store/hgbgg8a7x544csgvf66jlh86216ziz6f-perl5.32.0-Alien-Build-2.26/lib/perl5/site_perl/5.32.0/Alien/Build/Plugin/Extract/ArchiveTar.pm
Installing /nix/store/hgbgg8a7x544csgvf66jlh86216ziz6f-perl5.32.0-Alien-Build-2.26/lib/perl5/site_perl/5.32.0/Alien/Build/Plugin/Extract/ArchiveZip.pm
Installing /nix/store/hgbgg8a7x544csgvf66jlh86216ziz6f-perl5.32.0-Alien-Build-2.26/lib/perl5/site_perl/5.32.0/Alien/Build/Plugin/Extract/Directory.pm
Installing /nix/store/hgbgg8a7x544csgvf66jlh86216ziz6f-perl5.32.0-Alien-Build-2.26/lib/perl5/site_perl/5.32.0/Alien/Build/Plugin/PkgConfig/LibPkgConf.pm
Installing /nix/store/hgbgg8a7x544csgvf66jlh86216ziz6f-perl5.32.0-Alien-Build-2.26/lib/perl5/site_perl/5.32.0/Alien/Build/Plugin/PkgConfig/PP.pm
Installing /nix/store/hgbgg8a7x544csgvf66jlh86216ziz6f-perl5.32.0-Alien-Build-2.26/lib/perl5/site_perl/5.32.0/Alien/Build/Plugin/PkgConfig/CommandLine.pm
Installing /nix/store/hgbgg8a7x544csgvf66jlh86216ziz6f-perl5.32.0-Alien-Build-2.26/lib/perl5/site_perl/5.32.0/Alien/Build/Plugin/PkgConfig/Negotiate.pm
Installing /nix/store/hgbgg8a7x544csgvf66jlh86216ziz6f-perl5.32.0-Alien-Build-2.26/lib/perl5/site_perl/5.32.0/Alien/Build/Plugin/PkgConfig/MakeStatic.pm
Installing /nix/store/hgbgg8a7x544csgvf66jlh86216ziz6f-perl5.32.0-Alien-Build-2.26/lib/perl5/site_perl/5.32.0/Alien/Build/Plugin/Fetch/LWP.pm
Installing /nix/store/hgbgg8a7x544csgvf66jlh86216ziz6f-perl5.32.0-Alien-Build-2.26/lib/perl5/site_perl/5.32.0/Alien/Build/Plugin/Fetch/NetFTP.pm
Installing /nix/store/hgbgg8a7x544csgvf66jlh86216ziz6f-perl5.32.0-Alien-Build-2.26/lib/perl5/site_perl/5.32.0/Alien/Build/Plugin/Fetch/Local.pm
Installing /nix/store/hgbgg8a7x544csgvf66jlh86216ziz6f-perl5.32.0-Alien-Build-2.26/lib/perl5/site_perl/5.32.0/Alien/Build/Plugin/Fetch/HTTPTiny.pm
Installing /nix/store/hgbgg8a7x544csgvf66jlh86216ziz6f-perl5.32.0-Alien-Build-2.26/lib/perl5/site_perl/5.32.0/Alien/Build/Plugin/Fetch/LocalDir.pm
Installing /nix/store/hgbgg8a7x544csgvf66jlh86216ziz6f-perl5.32.0-Alien-Build-2.26/lib/perl5/site_perl/5.32.0/Alien/Build/Plugin/Fetch/CurlCommand.pm
Installing /nix/store/hgbgg8a7x544csgvf66jlh86216ziz6f-perl5.32.0-Alien-Build-2.26/lib/perl5/site_perl/5.32.0/Alien/Build/Plugin/Fetch/Wget.pm
Installing /nix/store/hgbgg8a7x544csgvf66jlh86216ziz6f-perl5.32.0-Alien-Build-2.26/lib/perl5/site_perl/5.32.0/Alien/Build/Log/Abbreviate.pm
Installing /nix/store/hgbgg8a7x544csgvf66jlh86216ziz6f-perl5.32.0-Alien-Build-2.26/lib/perl5/site_perl/5.32.0/Alien/Build/Log/Default.pm
Installing /nix/store/hgbgg8a7x544csgvf66jlh86216ziz6f-perl5.32.0-Alien-Build-2.26/lib/perl5/site_perl/5.32.0/Alien/Build/Version/Basic.pm
Installing /nix/store/hgbgg8a7x544csgvf66jlh86216ziz6f-perl5.32.0-Alien-Build-2.26/lib/perl5/site_perl/5.32.0/Alien/Build/Manual/AlienAuthor.pod
Installing /nix/store/hgbgg8a7x544csgvf66jlh86216ziz6f-perl5.32.0-Alien-Build-2.26/lib/perl5/site_perl/5.32.0/Alien/Build/Manual/Alien.pod
Installing /nix/store/hgbgg8a7x544csgvf66jlh86216ziz6f-perl5.32.0-Alien-Build-2.26/lib/perl5/site_perl/5.32.0/Alien/Build/Manual/PluginAuthor.pod
Installing /nix/store/hgbgg8a7x544csgvf66jlh86216ziz6f-perl5.32.0-Alien-Build-2.26/lib/perl5/site_perl/5.32.0/Alien/Build/Manual/Contributing.pod
Installing /nix/store/hgbgg8a7x544csgvf66jlh86216ziz6f-perl5.32.0-Alien-Build-2.26/lib/perl5/site_perl/5.32.0/Alien/Build/Manual/AlienUser.pod
Installing /nix/store/hgbgg8a7x544csgvf66jlh86216ziz6f-perl5.32.0-Alien-Build-2.26/lib/perl5/site_perl/5.32.0/Alien/Build/Manual/FAQ.pod
Installing /nix/store/hgbgg8a7x544csgvf66jlh86216ziz6f-perl5.32.0-Alien-Build-2.26/lib/perl5/site_perl/5.32.0/Alien/Build/Interpolate/Default.pm
Installing /nix/store/hgbgg8a7x544csgvf66jlh86216ziz6f-perl5.32.0-Alien-Build-2.26/share/man/man3/Alien::Build::Plugin::Decode::DirListing.3
Installing /nix/store/hgbgg8a7x544csgvf66jlh86216ziz6f-perl5.32.0-Alien-Build-2.26/share/man/man3/Alien::Build::Plugin::Core.3
Installing /nix/store/hgbgg8a7x544csgvf66jlh86216ziz6f-perl5.32.0-Alien-Build-2.26/share/man/man3/Alien::Base::Authoring.3
Installing /nix/store/hgbgg8a7x544csgvf66jlh86216ziz6f-perl5.32.0-Alien-Build-2.26/share/man/man3/Test::Alien::Run.3
Installing /nix/store/hgbgg8a7x544csgvf66jlh86216ziz6f-perl5.32.0-Alien-Build-2.26/share/man/man3/Alien::Build::Plugin::PkgConfig::CommandLine.3
Installing /nix/store/hgbgg8a7x544csgvf66jlh86216ziz6f-perl5.32.0-Alien-Build-2.26/share/man/man3/Alien::Build::Plugin::Build::MSYS.3
Installing /nix/store/hgbgg8a7x544csgvf66jlh86216ziz6f-perl5.32.0-Alien-Build-2.26/share/man/man3/Alien::Build::Plugin::Test::Mock.3
Installing /nix/store/hgbgg8a7x544csgvf66jlh86216ziz6f-perl5.32.0-Alien-Build-2.26/share/man/man3/Alien::Build::Plugin::Download::Negotiate.3
Installing /nix/store/hgbgg8a7x544csgvf66jlh86216ziz6f-perl5.32.0-Alien-Build-2.26/share/man/man3/Alien::Build::Plugin::PkgConfig::PP.3
Installing /nix/store/hgbgg8a7x544csgvf66jlh86216ziz6f-perl5.32.0-Alien-Build-2.26/share/man/man3/Alien::Build::Plugin::Extract::ArchiveTar.3
Installing /nix/store/hgbgg8a7x544csgvf66jlh86216ziz6f-perl5.32.0-Alien-Build-2.26/share/man/man3/Alien::Build::Plugin::Core::Tail.3
Installing /nix/store/hgbgg8a7x544csgvf66jlh86216ziz6f-perl5.32.0-Alien-Build-2.26/share/man/man3/Alien::Build::Plugin::Extract::Negotiate.3
Installing /nix/store/hgbgg8a7x544csgvf66jlh86216ziz6f-perl5.32.0-Alien-Build-2.26/share/man/man3/Alien::Build::Plugin::Core::Override.3
Installing /nix/store/hgbgg8a7x544csgvf66jlh86216ziz6f-perl5.32.0-Alien-Build-2.26/share/man/man3/Alien::Build::Plugin::Core::Gather.3
Installing /nix/store/hgbgg8a7x544csgvf66jlh86216ziz6f-perl5.32.0-Alien-Build-2.26/share/man/man3/Alien::Build::Plugin::Decode::HTML.3
Installing /nix/store/hgbgg8a7x544csgvf66jlh86216ziz6f-perl5.32.0-Alien-Build-2.26/share/man/man3/Alien::Build::Plugin::Build::Autoconf.3
Installing /nix/store/hgbgg8a7x544csgvf66jlh86216ziz6f-perl5.32.0-Alien-Build-2.26/share/man/man3/Alien::Build::Version::Basic.3
Installing /nix/store/hgbgg8a7x544csgvf66jlh86216ziz6f-perl5.32.0-Alien-Build-2.26/share/man/man3/Alien::Build::Plugin::Core::Download.3
Installing /nix/store/hgbgg8a7x544csgvf66jlh86216ziz6f-perl5.32.0-Alien-Build-2.26/share/man/man3/Alien::Build::MM.3
Installing /nix/store/hgbgg8a7x544csgvf66jlh86216ziz6f-perl5.32.0-Alien-Build-2.26/share/man/man3/Alien::Build::Plugin::Probe::CommandLine.3
Installing /nix/store/hgbgg8a7x544csgvf66jlh86216ziz6f-perl5.32.0-Alien-Build-2.26/share/man/man3/Alien::Build::Plugin::Decode.3
Installing /nix/store/hgbgg8a7x544csgvf66jlh86216ziz6f-perl5.32.0-Alien-Build-2.26/share/man/man3/Alien::Build::Log::Default.3
Installing /nix/store/hgbgg8a7x544csgvf66jlh86216ziz6f-perl5.32.0-Alien-Build-2.26/share/man/man3/Alien::Build::Manual::FAQ.3
Installing /nix/store/hgbgg8a7x544csgvf66jlh86216ziz6f-perl5.32.0-Alien-Build-2.26/share/man/man3/Alien::Base::FAQ.3
Installing /nix/store/hgbgg8a7x544csgvf66jlh86216ziz6f-perl5.32.0-Alien-Build-2.26/share/man/man3/Alien::Build::Util.3
Installing /nix/store/hgbgg8a7x544csgvf66jlh86216ziz6f-perl5.32.0-Alien-Build-2.26/share/man/man3/Alien::Build.3
Installing /nix/store/hgbgg8a7x544csgvf66jlh86216ziz6f-perl5.32.0-Alien-Build-2.26/share/man/man3/Alien::Build::Plugin::Fetch::LWP.3
Installing /nix/store/hgbgg8a7x544csgvf66jlh86216ziz6f-perl5.32.0-Alien-Build-2.26/share/man/man3/Alien::Build::Interpolate::Default.3
Installing /nix/store/hgbgg8a7x544csgvf66jlh86216ziz6f-perl5.32.0-Alien-Build-2.26/share/man/man3/Alien::Build::Plugin::Build::SearchDep.3
Installing /nix/store/hgbgg8a7x544csgvf66jlh86216ziz6f-perl5.32.0-Alien-Build-2.26/share/man/man3/Alien::Build::Plugin::Fetch::NetFTP.3
Installing /nix/store/hgbgg8a7x544csgvf66jlh86216ziz6f-perl5.32.0-Alien-Build-2.26/share/man/man3/Alien::Build::Plugin::Prefer::BadVersion.3
Installing /nix/store/hgbgg8a7x544csgvf66jlh86216ziz6f-perl5.32.0-Alien-Build-2.26/share/man/man3/Alien::Build::Plugin::Fetch::CurlCommand.3
Installing /nix/store/hgbgg8a7x544csgvf66jlh86216ziz6f-perl5.32.0-Alien-Build-2.26/share/man/man3/Alien::Build::Plugin::Gather::IsolateDynamic.3
Installing /nix/store/hgbgg8a7x544csgvf66jlh86216ziz6f-perl5.32.0-Alien-Build-2.26/share/man/man3/Alien::Build::Interpolate.3
Installing /nix/store/hgbgg8a7x544csgvf66jlh86216ziz6f-perl5.32.0-Alien-Build-2.26/share/man/man3/Alien::Build::Plugin::Fetch::LocalDir.3
Installing /nix/store/hgbgg8a7x544csgvf66jlh86216ziz6f-perl5.32.0-Alien-Build-2.26/share/man/man3/Alien::Build::Plugin::PkgConfig::Negotiate.3
Installing /nix/store/hgbgg8a7x544csgvf66jlh86216ziz6f-perl5.32.0-Alien-Build-2.26/share/man/man3/Alien::Build::Plugin::Core::Legacy.3
Installing /nix/store/hgbgg8a7x544csgvf66jlh86216ziz6f-perl5.32.0-Alien-Build-2.26/share/man/man3/Alien::Base::Wrapper.3
Installing /nix/store/hgbgg8a7x544csgvf66jlh86216ziz6f-perl5.32.0-Alien-Build-2.26/share/man/man3/Alien::Build::Plugin::Extract.3
Installing /nix/store/hgbgg8a7x544csgvf66jlh86216ziz6f-perl5.32.0-Alien-Build-2.26/share/man/man3/Alien::Build::Plugin::Fetch::Local.3
Installing /nix/store/hgbgg8a7x544csgvf66jlh86216ziz6f-perl5.32.0-Alien-Build-2.26/share/man/man3/Alien::Build::Plugin::Core::FFI.3
Installing /nix/store/hgbgg8a7x544csgvf66jlh86216ziz6f-perl5.32.0-Alien-Build-2.26/share/man/man3/Alien::Build::Plugin::PkgConfig::MakeStatic.3
Installing /nix/store/hgbgg8a7x544csgvf66jlh86216ziz6f-perl5.32.0-Alien-Build-2.26/share/man/man3/Alien::Build::Plugin::Decode::DirListingFtpcopy.3
Installing /nix/store/hgbgg8a7x544csgvf66jlh86216ziz6f-perl5.32.0-Alien-Build-2.26/share/man/man3/Alien::Build::Plugin::Decode::Mojo.3
Installing /nix/store/hgbgg8a7x544csgvf66jlh86216ziz6f-perl5.32.0-Alien-Build-2.26/share/man/man3/Alien::Build::Log.3
Installing /nix/store/hgbgg8a7x544csgvf66jlh86216ziz6f-perl5.32.0-Alien-Build-2.26/share/man/man3/Alien::Build::Plugin::Extract::CommandLine.3
Installing /nix/store/hgbgg8a7x544csgvf66jlh86216ziz6f-perl5.32.0-Alien-Build-2.26/share/man/man3/Alien::Build::Plugin::Build::Copy.3
Installing /nix/store/hgbgg8a7x544csgvf66jlh86216ziz6f-perl5.32.0-Alien-Build-2.26/share/man/man3/Test::Alien::Diag.3
Installing /nix/store/hgbgg8a7x544csgvf66jlh86216ziz6f-perl5.32.0-Alien-Build-2.26/share/man/man3/Alien::Build::Plugin::Build::Make.3
Installing /nix/store/hgbgg8a7x544csgvf66jlh86216ziz6f-perl5.32.0-Alien-Build-2.26/share/man/man3/Alien::Build::Plugin::Prefer::SortVersions.3
Installing /nix/store/hgbgg8a7x544csgvf66jlh86216ziz6f-perl5.32.0-Alien-Build-2.26/share/man/man3/Alien::Build::Plugin::Core::Setup.3
Installing /nix/store/hgbgg8a7x544csgvf66jlh86216ziz6f-perl5.32.0-Alien-Build-2.26/share/man/man3/Alien::Build::rc.3
Installing /nix/store/hgbgg8a7x544csgvf66jlh86216ziz6f-perl5.32.0-Alien-Build-2.26/share/man/man3/Alien::Base::PkgConfig.3
Installing /nix/store/hgbgg8a7x544csgvf66jlh86216ziz6f-perl5.32.0-Alien-Build-2.26/share/man/man3/Alien::Build::Plugin::Prefer.3
Installing /nix/store/hgbgg8a7x544csgvf66jlh86216ziz6f-perl5.32.0-Alien-Build-2.26/share/man/man3/Test::Alien::Synthetic.3
Installing /nix/store/hgbgg8a7x544csgvf66jlh86216ziz6f-perl5.32.0-Alien-Build-2.26/share/man/man3/Alien::Build::Plugin::Build.3
Installing /nix/store/hgbgg8a7x544csgvf66jlh86216ziz6f-perl5.32.0-Alien-Build-2.26/share/man/man3/Alien::Build::Plugin::Probe::CBuilder.3
Installing /nix/store/hgbgg8a7x544csgvf66jlh86216ziz6f-perl5.32.0-Alien-Build-2.26/share/man/man3/Alien::Build::Plugin::Fetch::Wget.3
Installing /nix/store/hgbgg8a7x544csgvf66jlh86216ziz6f-perl5.32.0-Alien-Build-2.26/share/man/man3/Test::Alien.3
Installing /nix/store/hgbgg8a7x544csgvf66jlh86216ziz6f-perl5.32.0-Alien-Build-2.26/share/man/man3/Alien::Build::Plugin::Build::CMake.3
Installing /nix/store/hgbgg8a7x544csgvf66jlh86216ziz6f-perl5.32.0-Alien-Build-2.26/share/man/man3/Alien::Build::Plugin::Core::CleanInstall.3
Installing /nix/store/hgbgg8a7x544csgvf66jlh86216ziz6f-perl5.32.0-Alien-Build-2.26/share/man/man3/Alien::Build::Plugin::Fetch.3
Installing /nix/store/hgbgg8a7x544csgvf66jlh86216ziz6f-perl5.32.0-Alien-Build-2.26/share/man/man3/Alien::Build::Plugin.3
Installing /nix/store/hgbgg8a7x544csgvf66jlh86216ziz6f-perl5.32.0-Alien-Build-2.26/share/man/man3/Test::Alien::CanPlatypus.3
Installing /nix/store/hgbgg8a7x544csgvf66jlh86216ziz6f-perl5.32.0-Alien-Build-2.26/share/man/man3/Alien::Build::Temp.3
Installing /nix/store/hgbgg8a7x544csgvf66jlh86216ziz6f-perl5.32.0-Alien-Build-2.26/share/man/man3/Alien::Build::Plugin::Probe::Vcpkg.3
Installing /nix/store/hgbgg8a7x544csgvf66jlh86216ziz6f-perl5.32.0-Alien-Build-2.26/share/man/man3/Alien::Build::Manual::Alien.3
Installing /nix/store/hgbgg8a7x544csgvf66jlh86216ziz6f-perl5.32.0-Alien-Build-2.26/share/man/man3/Alien::Build::Manual::AlienUser.3
Installing /nix/store/hgbgg8a7x544csgvf66jlh86216ziz6f-perl5.32.0-Alien-Build-2.26/share/man/man3/Alien::Build::Plugin::PkgConfig::LibPkgConf.3
Installing /nix/store/hgbgg8a7x544csgvf66jlh86216ziz6f-perl5.32.0-Alien-Build-2.26/share/man/man3/Alien::Build::CommandSequence.3
Installing /nix/store/hgbgg8a7x544csgvf66jlh86216ziz6f-perl5.32.0-Alien-Build-2.26/share/man/man3/Alien::Build::Plugin::Prefer::GoodVersion.3
Installing /nix/store/hgbgg8a7x544csgvf66jlh86216ziz6f-perl5.32.0-Alien-Build-2.26/share/man/man3/Alien::Build::Manual::Contributing.3
Installing /nix/store/hgbgg8a7x544csgvf66jlh86216ziz6f-perl5.32.0-Alien-Build-2.26/share/man/man3/Alien::Build::Plugin::Probe.3
Installing /nix/store/hgbgg8a7x544csgvf66jlh86216ziz6f-perl5.32.0-Alien-Build-2.26/share/man/man3/Test::Alien::Build.3
Installing /nix/store/hgbgg8a7x544csgvf66jlh86216ziz6f-perl5.32.0-Alien-Build-2.26/share/man/man3/Alien::Build::Manual::PluginAuthor.3
Installing /nix/store/hgbgg8a7x544csgvf66jlh86216ziz6f-perl5.32.0-Alien-Build-2.26/share/man/man3/Alien::Role.3
Installing /nix/store/hgbgg8a7x544csgvf66jlh86216ziz6f-perl5.32.0-Alien-Build-2.26/share/man/man3/Test::Alien::CanCompile.3
Installing /nix/store/hgbgg8a7x544csgvf66jlh86216ziz6f-perl5.32.0-Alien-Build-2.26/share/man/man3/Alien::Build::Plugin::Fetch::HTTPTiny.3
Installing /nix/store/hgbgg8a7x544csgvf66jlh86216ziz6f-perl5.32.0-Alien-Build-2.26/share/man/man3/Alien::Build::Plugin::Extract::ArchiveZip.3
Installing /nix/store/hgbgg8a7x544csgvf66jlh86216ziz6f-perl5.32.0-Alien-Build-2.26/share/man/man3/Alien::Build::Log::Abbreviate.3
Installing /nix/store/hgbgg8a7x544csgvf66jlh86216ziz6f-perl5.32.0-Alien-Build-2.26/share/man/man3/Alien::Build::Plugin::Extract::Directory.3
Installing /nix/store/hgbgg8a7x544csgvf66jlh86216ziz6f-perl5.32.0-Alien-Build-2.26/share/man/man3/Alien::Base.3
Installing /nix/store/hgbgg8a7x544csgvf66jlh86216ziz6f-perl5.32.0-Alien-Build-2.26/share/man/man3/alienfile.3
Installing /nix/store/hgbgg8a7x544csgvf66jlh86216ziz6f-perl5.32.0-Alien-Build-2.26/share/man/man3/Alien::Build::Manual::AlienAuthor.3
Installing /nix/store/hgbgg8a7x544csgvf66jlh86216ziz6f-perl5.32.0-Alien-Build-2.26/share/man/man3/Alien::Build::Plugin::Download.3
Appending installation info to /nix/store/hgbgg8a7x544csgvf66jlh86216ziz6f-perl5.32.0-Alien-Build-2.26/lib/perl5/5.32.0/x86_64-linux-thread-multi/perllocal.pod
post-installation fixup
Moving /nix/store/hgbgg8a7x544csgvf66jlh86216ziz6f-perl5.32.0-Alien-Build-2.26/share/man/man3 to /nix/store/1by2i7nmbg2ggpz0byiqv1w9qgwrlc77-perl5.32.0-Alien-Build-2.26-devdoc/share/man/man3
Removing empty /nix/store/hgbgg8a7x544csgvf66jlh86216ziz6f-perl5.32.0-Alien-Build-2.26/share/man/ and (possibly) its parents
shrinking RPATHs of ELF executables and libraries in /nix/store/hgbgg8a7x544csgvf66jlh86216ziz6f-perl5.32.0-Alien-Build-2.26
strip is /nix/store/psyzbhp4p088sb9qcs378hfbslcalasl-binutils-2.31.1/bin/strip
stripping (with command strip and flags -S) in /nix/store/hgbgg8a7x544csgvf66jlh86216ziz6f-perl5.32.0-Alien-Build-2.26/lib
patching script interpreter paths in /nix/store/hgbgg8a7x544csgvf66jlh86216ziz6f-perl5.32.0-Alien-Build-2.26
checking for references to /build/ in /nix/store/hgbgg8a7x544csgvf66jlh86216ziz6f-perl5.32.0-Alien-Build-2.26...
shrinking RPATHs of ELF executables and libraries in /nix/store/1by2i7nmbg2ggpz0byiqv1w9qgwrlc77-perl5.32.0-Alien-Build-2.26-devdoc
gzipping man pages under /nix/store/1by2i7nmbg2ggpz0byiqv1w9qgwrlc77-perl5.32.0-Alien-Build-2.26-devdoc/share/man/
strip is /nix/store/psyzbhp4p088sb9qcs378hfbslcalasl-binutils-2.31.1/bin/strip
patching script interpreter paths in /nix/store/1by2i7nmbg2ggpz0byiqv1w9qgwrlc77-perl5.32.0-Alien-Build-2.26-devdoc
checking for references to /build/ in /nix/store/1by2i7nmbg2ggpz0byiqv1w9qgwrlc77-perl5.32.0-Alien-Build-2.26-devdoc...
/nix/store/hgbgg8a7x544csgvf66jlh86216ziz6f-perl5.32.0-Alien-Build-2.26
